<?xml version="1.0" encoding="UTF-8"?>
<testsuite xmlns:xsi="http://www.w3.org/2001/XMLSchema-instance" xsi:noNamespaceSchemaLocation="https://maven.apache.org/surefire/maven-surefire-plugin/xsd/surefire-test-report.xsd" name="br.com.cvc.hotelcredentials.HotelCredentialsApplicationTests" time="3.71" tests="1" errors="1" skipped="0" failures="0">
  <properties>
    <property name="sun.desktop" value="gnome"/>
    <property name="awt.toolkit" value="sun.awt.X11.XToolkit"/>
    <property name="java.specification.version" value="11"/>
    <property name="sun.cpu.isalist" value=""/>
    <property name="sun.jnu.encoding" value="UTF-8"/>
    <property name="java.class.path" value="/home/edson/workspace-cvc/users-credentials/target/test-classes:/home/edson/workspace-cvc/users-credentials/target/classes:/home/edson/.m2/repository/org/springframework/boot/spring-boot-starter-actuator/2.1.6.RELEASE/spring-boot-starter-actuator-2.1.6.RELEASE.jar:/home/edson/.m2/repository/org/springframework/boot/spring-boot-starter/2.1.6.RELEASE/spring-boot-starter-2.1.6.RELEASE.jar:/home/edson/.m2/repository/org/springframework/boot/spring-boot-starter-logging/2.1.6.RELEASE/spring-boot-starter-logging-2.1.6.RELEASE.jar:/home/edson/.m2/repository/org/apache/logging/log4j/log4j-to-slf4j/2.11.2/log4j-to-slf4j-2.11.2.jar:/home/edson/.m2/repository/org/apache/logging/log4j/log4j-api/2.11.2/log4j-api-2.11.2.jar:/home/edson/.m2/repository/org/slf4j/jul-to-slf4j/1.7.26/jul-to-slf4j-1.7.26.jar:/home/edson/.m2/repository/javax/annotation/javax.annotation-api/1.3.2/javax.annotation-api-1.3.2.jar:/home/edson/.m2/repository/org/yaml/snakeyaml/1.23/snakeyaml-1.23.jar:/home/edson/.m2/repository/org/springframework/boot/spring-boot-actuator-autoconfigure/2.1.6.RELEASE/spring-boot-actuator-autoconfigure-2.1.6.RELEASE.jar:/home/edson/.m2/repository/org/springframework/boot/spring-boot-actuator/2.1.6.RELEASE/spring-boot-actuator-2.1.6.RELEASE.jar:/home/edson/.m2/repository/com/fasterxml/jackson/core/jackson-databind/2.9.9/jackson-databind-2.9.9.jar:/home/edson/.m2/repository/com/fasterxml/jackson/core/jackson-annotations/2.9.0/jackson-annotations-2.9.0.jar:/home/edson/.m2/repository/com/fasterxml/jackson/core/jackson-core/2.9.9/jackson-core-2.9.9.jar:/home/edson/.m2/repository/org/springframework/spring-context/5.1.8.RELEASE/spring-context-5.1.8.RELEASE.jar:/home/edson/.m2/repository/com/fasterxml/jackson/datatype/jackson-datatype-jsr310/2.9.9/jackson-datatype-jsr310-2.9.9.jar:/home/edson/.m2/repository/io/micrometer/micrometer-core/1.1.5/micrometer-core-1.1.5.jar:/home/edson/.m2/repository/org/hdrhistogram/HdrHistogram/2.1.9/HdrHistogram-2.1.9.jar:/home/edson/.m2/repository/org/latencyutils/LatencyUtils/2.0.3/LatencyUtils-2.0.3.jar:/home/edson/.m2/repository/org/springframework/boot/spring-boot-starter-web/2.1.6.RELEASE/spring-boot-starter-web-2.1.6.RELEASE.jar:/home/edson/.m2/repository/org/springframework/boot/spring-boot-starter-json/2.1.6.RELEASE/spring-boot-starter-json-2.1.6.RELEASE.jar:/home/edson/.m2/repository/com/fasterxml/jackson/datatype/jackson-datatype-jdk8/2.9.9/jackson-datatype-jdk8-2.9.9.jar:/home/edson/.m2/repository/com/fasterxml/jackson/module/jackson-module-parameter-names/2.9.9/jackson-module-parameter-names-2.9.9.jar:/home/edson/.m2/repository/org/springframework/boot/spring-boot-starter-tomcat/2.1.6.RELEASE/spring-boot-starter-tomcat-2.1.6.RELEASE.jar:/home/edson/.m2/repository/org/apache/tomcat/embed/tomcat-embed-core/9.0.21/tomcat-embed-core-9.0.21.jar:/home/edson/.m2/repository/org/apache/tomcat/embed/tomcat-embed-el/9.0.21/tomcat-embed-el-9.0.21.jar:/home/edson/.m2/repository/org/apache/tomcat/embed/tomcat-embed-websocket/9.0.21/tomcat-embed-websocket-9.0.21.jar:/home/edson/.m2/repository/org/hibernate/validator/hibernate-validator/6.0.17.Final/hibernate-validator-6.0.17.Final.jar:/home/edson/.m2/repository/javax/validation/validation-api/2.0.1.Final/validation-api-2.0.1.Final.jar:/home/edson/.m2/repository/org/jboss/logging/jboss-logging/3.3.2.Final/jboss-logging-3.3.2.Final.jar:/home/edson/.m2/repository/com/fasterxml/classmate/1.4.0/classmate-1.4.0.jar:/home/edson/.m2/repository/org/springframework/spring-web/5.1.8.RELEASE/spring-web-5.1.8.RELEASE.jar:/home/edson/.m2/repository/org/springframework/spring-beans/5.1.8.RELEASE/spring-beans-5.1.8.RELEASE.jar:/home/edson/.m2/repository/org/springframework/spring-webmvc/5.1.8.RELEASE/spring-webmvc-5.1.8.RELEASE.jar:/home/edson/.m2/repository/org/springframework/spring-aop/5.1.8.RELEASE/spring-aop-5.1.8.RELEASE.jar:/home/edson/.m2/repository/org/springframework/spring-expression/5.1.8.RELEASE/spring-expression-5.1.8.RELEASE.jar:/home/edson/.m2/repository/org/springframework/boot/spring-boot-starter-test/2.1.6.RELEASE/spring-boot-starter-test-2.1.6.RELEASE.jar:/home/edson/.m2/repository/org/springframework/boot/spring-boot-test/2.1.6.RELEASE/spring-boot-test-2.1.6.RELEASE.jar:/home/edson/.m2/repository/org/springframework/boot/spring-boot-test-autoconfigure/2.1.6.RELEASE/spring-boot-test-autoconfigure-2.1.6.RELEASE.jar:/home/edson/.m2/repository/com/jayway/jsonpath/json-path/2.4.0/json-path-2.4.0.jar:/home/edson/.m2/repository/net/minidev/json-smart/2.3/json-smart-2.3.jar:/home/edson/.m2/repository/net/minidev/accessors-smart/1.2/accessors-smart-1.2.jar:/home/edson/.m2/repository/org/ow2/asm/asm/5.0.4/asm-5.0.4.jar:/home/edson/.m2/repository/org/slf4j/slf4j-api/1.7.26/slf4j-api-1.7.26.jar:/home/edson/.m2/repository/junit/junit/4.12/junit-4.12.jar:/home/edson/.m2/repository/org/assertj/assertj-core/3.11.1/assertj-core-3.11.1.jar:/home/edson/.m2/repository/org/mockito/mockito-core/2.23.4/mockito-core-2.23.4.jar:/home/edson/.m2/repository/net/bytebuddy/byte-buddy/1.9.13/byte-buddy-1.9.13.jar:/home/edson/.m2/repository/net/bytebuddy/byte-buddy-agent/1.9.13/byte-buddy-agent-1.9.13.jar:/home/edson/.m2/repository/org/objenesis/objenesis/2.6/objenesis-2.6.jar:/home/edson/.m2/repository/org/hamcrest/hamcrest-core/1.3/hamcrest-core-1.3.jar:/home/edson/.m2/repository/org/hamcrest/hamcrest-library/1.3/hamcrest-library-1.3.jar:/home/edson/.m2/repository/org/skyscreamer/jsonassert/1.5.0/jsonassert-1.5.0.jar:/home/edson/.m2/repository/com/vaadin/external/google/android-json/0.0.20131108.vaadin1/android-json-0.0.20131108.vaadin1.jar:/home/edson/.m2/repository/org/springframework/spring-core/5.1.8.RELEASE/spring-core-5.1.8.RELEASE.jar:/home/edson/.m2/repository/org/springframework/spring-jcl/5.1.8.RELEASE/spring-jcl-5.1.8.RELEASE.jar:/home/edson/.m2/repository/org/springframework/spring-test/5.1.8.RELEASE/spring-test-5.1.8.RELEASE.jar:/home/edson/.m2/repository/org/xmlunit/xmlunit-core/2.6.2/xmlunit-core-2.6.2.jar:/home/edson/.m2/repository/javax/xml/bind/jaxb-api/2.3.1/jaxb-api-2.3.1.jar:/home/edson/.m2/repository/javax/activation/javax.activation-api/1.2.0/javax.activation-api-1.2.0.jar:/home/edson/.m2/repository/org/springframework/boot/spring-boot-starter-data-mongodb/2.1.6.RELEASE/spring-boot-starter-data-mongodb-2.1.6.RELEASE.jar:/home/edson/.m2/repository/org/mongodb/mongodb-driver/3.8.2/mongodb-driver-3.8.2.jar:/home/edson/.m2/repository/org/mongodb/bson/3.8.2/bson-3.8.2.jar:/home/edson/.m2/repository/org/mongodb/mongodb-driver-core/3.8.2/mongodb-driver-core-3.8.2.jar:/home/edson/.m2/repository/org/springframework/data/spring-data-mongodb/2.1.9.RELEASE/spring-data-mongodb-2.1.9.RELEASE.jar:/home/edson/.m2/repository/org/springframework/spring-tx/5.1.8.RELEASE/spring-tx-5.1.8.RELEASE.jar:/home/edson/.m2/repository/org/springframework/data/spring-data-commons/2.1.9.RELEASE/spring-data-commons-2.1.9.RELEASE.jar:/home/edson/.m2/repository/org/springframework/boot/spring-boot-starter-webflux/2.1.6.RELEASE/spring-boot-starter-webflux-2.1.6.RELEASE.jar:/home/edson/.m2/repository/org/springframework/boot/spring-boot-starter-reactor-netty/2.1.6.RELEASE/spring-boot-starter-reactor-netty-2.1.6.RELEASE.jar:/home/edson/.m2/repository/io/projectreactor/netty/reactor-netty/0.8.9.RELEASE/reactor-netty-0.8.9.RELEASE.jar:/home/edson/.m2/repository/org/glassfish/javax.el/3.0.0/javax.el-3.0.0.jar:/home/edson/.m2/repository/org/springframework/spring-webflux/5.1.8.RELEASE/spring-webflux-5.1.8.RELEASE.jar:/home/edson/.m2/repository/io/projectreactor/reactor-core/3.2.10.RELEASE/reactor-core-3.2.10.RELEASE.jar:/home/edson/.m2/repository/org/reactivestreams/reactive-streams/1.0.2/reactive-streams-1.0.2.jar:/home/edson/.m2/repository/org/synchronoss/cloud/nio-multipart-parser/1.1.0/nio-multipart-parser-1.1.0.jar:/home/edson/.m2/repository/org/synchronoss/cloud/nio-stream-storage/1.1.3/nio-stream-storage-1.1.3.jar:/home/edson/.m2/repository/org/springframework/cloud/spring-cloud-starter-consul-config/2.1.1.RELEASE/spring-cloud-starter-consul-config-2.1.1.RELEASE.jar:/home/edson/.m2/repository/org/springframework/cloud/spring-cloud-starter-consul/2.1.1.RELEASE/spring-cloud-starter-consul-2.1.1.RELEASE.jar:/home/edson/.m2/repository/org/springframework/cloud/spring-cloud-context/2.1.1.RELEASE/spring-cloud-context-2.1.1.RELEASE.jar:/home/edson/.m2/repository/org/springframework/cloud/spring-cloud-consul-core/2.1.1.RELEASE/spring-cloud-consul-core-2.1.1.RELEASE.jar:/home/edson/.m2/repository/com/ecwid/consul/consul-api/1.4.1/consul-api-1.4.1.jar:/home/edson/.m2/repository/com/google/code/gson/gson/2.8.5/gson-2.8.5.jar:/home/edson/.m2/repository/org/springframework/cloud/spring-cloud-consul-config/2.1.1.RELEASE/spring-cloud-consul-config-2.1.1.RELEASE.jar:/home/edson/.m2/repository/org/springframework/cloud/spring-cloud-starter-openfeign/2.1.1.RELEASE/spring-cloud-starter-openfeign-2.1.1.RELEASE.jar:/home/edson/.m2/repository/org/springframework/cloud/spring-cloud-starter/2.1.1.RELEASE/spring-cloud-starter-2.1.1.RELEASE.jar:/home/edson/.m2/repository/org/springframework/security/spring-security-rsa/1.0.7.RELEASE/spring-security-rsa-1.0.7.RELEASE.jar:/home/edson/.m2/repository/org/springframework/cloud/spring-cloud-openfeign-core/2.1.1.RELEASE/spring-cloud-openfeign-core-2.1.1.RELEASE.jar:/home/edson/.m2/repository/org/springframework/cloud/spring-cloud-netflix-ribbon/2.1.1.RELEASE/spring-cloud-netflix-ribbon-2.1.1.RELEASE.jar:/home/edson/.m2/repository/org/springframework/cloud/spring-cloud-netflix-archaius/2.1.1.RELEASE/spring-cloud-netflix-archaius-2.1.1.RELEASE.jar:/home/edson/.m2/repository/org/springframework/boot/spring-boot-starter-aop/2.1.6.RELEASE/spring-boot-starter-aop-2.1.6.RELEASE.jar:/home/edson/.m2/repository/org/aspectj/aspectjweaver/1.9.4/aspectjweaver-1.9.4.jar:/home/edson/.m2/repository/io/github/openfeign/form/feign-form-spring/3.5.0/feign-form-spring-3.5.0.jar:/home/edson/.m2/repository/io/github/openfeign/form/feign-form/3.5.0/feign-form-3.5.0.jar:/home/edson/.m2/repository/commons-fileupload/commons-fileupload/1.3.3/commons-fileupload-1.3.3.jar:/home/edson/.m2/repository/commons-io/commons-io/2.2/commons-io-2.2.jar:/home/edson/.m2/repository/org/springframework/cloud/spring-cloud-commons/2.1.1.RELEASE/spring-cloud-commons-2.1.1.RELEASE.jar:/home/edson/.m2/repository/org/springframework/security/spring-security-crypto/5.1.5.RELEASE/spring-security-crypto-5.1.5.RELEASE.jar:/home/edson/.m2/repository/io/github/openfeign/feign-core/10.1.0/feign-core-10.1.0.jar:/home/edson/.m2/repository/io/github/openfeign/feign-slf4j/10.1.0/feign-slf4j-10.1.0.jar:/home/edson/.m2/repository/io/github/openfeign/feign-hystrix/10.1.0/feign-hystrix-10.1.0.jar:/home/edson/.m2/repository/com/netflix/archaius/archaius-core/0.7.6/archaius-core-0.7.6.jar:/home/edson/.m2/repository/com/google/code/findbugs/jsr305/3.0.1/jsr305-3.0.1.jar:/home/edson/.m2/repository/commons-configuration/commons-configuration/1.8/commons-configuration-1.8.jar:/home/edson/.m2/repository/commons-lang/commons-lang/2.6/commons-lang-2.6.jar:/home/edson/.m2/repository/com/netflix/hystrix/hystrix-core/1.5.18/hystrix-core-1.5.18.jar:/home/edson/.m2/repository/io/reactivex/rxjava/1.3.8/rxjava-1.3.8.jar:/home/edson/.m2/repository/org/springframework/cloud/spring-cloud-starter-vault-config/2.1.1.RELEASE/spring-cloud-starter-vault-config-2.1.1.RELEASE.jar:/home/edson/.m2/repository/org/apache/httpcomponents/httpclient/4.5.9/httpclient-4.5.9.jar:/home/edson/.m2/repository/commons-codec/commons-codec/1.11/commons-codec-1.11.jar:/home/edson/.m2/repository/org/apache/httpcomponents/httpcore/4.4.11/httpcore-4.4.11.jar:/home/edson/.m2/repository/org/springframework/cloud/spring-cloud-vault-config/2.1.1.RELEASE/spring-cloud-vault-config-2.1.1.RELEASE.jar:/home/edson/.m2/repository/org/springframework/vault/spring-vault-core/2.1.2.RELEASE/spring-vault-core-2.1.2.RELEASE.jar:/home/edson/.m2/repository/com/puppycrawl/tools/checkstyle/8.12/checkstyle-8.12.jar:/home/edson/.m2/repository/antlr/antlr/2.7.7/antlr-2.7.7.jar:/home/edson/.m2/repository/org/antlr/antlr4-runtime/4.7.1/antlr4-runtime-4.7.1.jar:/home/edson/.m2/repository/commons-beanutils/commons-beanutils/1.9.3/commons-beanutils-1.9.3.jar:/home/edson/.m2/repository/commons-logging/commons-logging/1.2/commons-logging-1.2.jar:/home/edson/.m2/repository/commons-collections/commons-collections/3.2.2/commons-collections-3.2.2.jar:/home/edson/.m2/repository/commons-cli/commons-cli/1.4/commons-cli-1.4.jar:/home/edson/.m2/repository/com/google/guava/guava/25.1-jre/guava-25.1-jre.jar:/home/edson/.m2/repository/org/checkerframework/checker-qual/2.0.0/checker-qual-2.0.0.jar:/home/edson/.m2/repository/com/google/errorprone/error_prone_annotations/2.1.3/error_prone_annotations-2.1.3.jar:/home/edson/.m2/repository/com/google/j2objc/j2objc-annotations/1.1/j2objc-annotations-1.1.jar:/home/edson/.m2/repository/org/codehaus/mojo/animal-sniffer-annotations/1.14/animal-sniffer-annotations-1.14.jar:/home/edson/.m2/repository/net/sf/saxon/Saxon-HE/9.8.0-12/Saxon-HE-9.8.0-12.jar:/home/edson/.m2/repository/org/springframework/boot/spring-boot-devtools/2.1.6.RELEASE/spring-boot-devtools-2.1.6.RELEASE.jar:/home/edson/.m2/repository/org/springframework/boot/spring-boot/2.1.6.RELEASE/spring-boot-2.1.6.RELEASE.jar:/home/edson/.m2/repository/org/springframework/boot/spring-boot-autoconfigure/2.1.6.RELEASE/spring-boot-autoconfigure-2.1.6.RELEASE.jar:/home/edson/.m2/repository/org/projectlombok/lombok/1.18.8/lombok-1.18.8.jar:/home/edson/.m2/repository/io/gatling/highcharts/gatling-charts-highcharts/3.1.2/gatling-charts-highcharts-3.1.2.jar:/home/edson/.m2/repository/org/scala-lang/scala-library/2.12.8/scala-library-2.12.8.jar:/home/edson/.m2/repository/io/gatling/gatling-charts/3.1.2/gatling-charts-3.1.2.jar:/home/edson/.m2/repository/io/gatling/gatling-core/3.1.2/gatling-core-3.1.2.jar:/home/edson/.m2/repository/com/typesafe/akka/akka-slf4j_2.12/2.5.22/akka-slf4j_2.12-2.5.22.jar:/home/edson/.m2/repository/org/simpleflatmapper/lightning-csv/6.7.0/lightning-csv-6.7.0.jar:/home/edson/.m2/repository/org/simpleflatmapper/sfm-util/6.7.0/sfm-util-6.7.0-jdk9.jar:/home/edson/.m2/repository/org/simpleflatmapper/sfm-util/6.7.0/sfm-util-6.7.0.jar:/home/edson/.m2/repository/com/github/ben-manes/caffeine/caffeine/2.6.2/caffeine-2.6.2.jar:/home/edson/.m2/repository/io/pebbletemplates/pebble/3.0.9/pebble-3.0.9.jar:/home/edson/.m2/repository/org/unbescape/unbescape/1.1.6.RELEASE/unbescape-1.1.6.RELEASE.jar:/home/edson/.m2/repository/org/scala-lang/modules/scala-parser-combinators_2.12/1.1.2/scala-parser-combinators_2.12-1.1.2.jar:/home/edson/.m2/repository/com/github/scopt/scopt_2.12/3.7.1/scopt_2.12-3.7.1.jar:/home/edson/.m2/repository/io/gatling/jsonpath_2.12/0.6.14/jsonpath_2.12-0.6.14.jar:/home/edson/.m2/repository/org/jodd/jodd-json/5.0.13/jodd-json-5.0.13.jar:/home/edson/.m2/repository/org/jodd/jodd-bean/5.0.13/jodd-bean-5.0.13.jar:/home/edson/.m2/repository/org/jodd/jodd-core/5.0.13/jodd-core-5.0.13.jar:/home/edson/.m2/repository/org/jodd/jodd-lagarto/5.0.13/jodd-lagarto-5.0.13.jar:/home/edson/.m2/repository/org/jodd/jodd-log/5.0.13/jodd-log-5.0.13.jar:/home/edson/.m2/repository/com/tdunning/t-digest/3.1/t-digest-3.1.jar:/home/edson/.m2/repository/io/gatling/gatling-app/3.1.2/gatling-app-3.1.2.jar:/home/edson/.m2/repository/io/gatling/gatling-http/3.1.2/gatling-http-3.1.2.jar:/home/edson/.m2/repository/org/scala-lang/modules/scala-xml_2.12/1.2.0/scala-xml_2.12-1.2.0.jar:/home/edson/.m2/repository/io/gatling/gatling-jms/3.1.2/gatling-jms-3.1.2.jar:/home/edson/.m2/repository/org/apache/geronimo/specs/geronimo-jms_1.1_spec/1.1.1/geronimo-jms_1.1_spec-1.1.1.jar:/home/edson/.m2/repository/io/gatling/gatling-jdbc/3.1.2/gatling-jdbc-3.1.2.jar:/home/edson/.m2/repository/io/gatling/gatling-redis/3.1.2/gatling-redis-3.1.2.jar:/home/edson/.m2/repository/net/debasishg/redisclient_2.12/3.9/redisclient_2.12-3.9.jar:/home/edson/.m2/repository/org/apache/commons/commons-pool2/2.6.2/commons-pool2-2.6.2.jar:/home/edson/.m2/repository/io/gatling/gatling-graphite/3.1.2/gatling-graphite-3.1.2.jar:/home/edson/.m2/repository/io/gatling/gatling-recorder/3.1.2/gatling-recorder-3.1.2.jar:/home/edson/.m2/repository/org/scala-lang/modules/scala-swing_2.12/2.1.1/scala-swing_2.12-2.1.1.jar:/home/edson/.m2/repository/org/json4s/json4s-jackson_2.12/3.6.5/json4s-jackson_2.12-3.6.5.jar:/home/edson/.m2/repository/org/json4s/json4s-core_2.12/3.6.5/json4s-core_2.12-3.6.5.jar:/home/edson/.m2/repository/org/json4s/json4s-ast_2.12/3.6.5/json4s-ast_2.12-3.6.5.jar:/home/edson/.m2/repository/org/json4s/json4s-scalap_2.12/3.6.5/json4s-scalap_2.12-3.6.5.jar:/home/edson/.m2/repository/com/thoughtworks/paranamer/paranamer/2.8/paranamer-2.8.jar:/home/edson/.m2/repository/org/bouncycastle/bcpkix-jdk15on/1.61/bcpkix-jdk15on-1.61.jar:/home/edson/.m2/repository/org/bouncycastle/bcprov-jdk15on/1.61/bcprov-jdk15on-1.61.jar:/home/edson/.m2/repository/io/netty/netty-codec-http/4.1.36.Final/netty-codec-http-4.1.36.Final.jar:/home/edson/.m2/repository/io/netty/netty-common/4.1.36.Final/netty-common-4.1.36.Final.jar:/home/edson/.m2/repository/io/netty/netty-transport/4.1.36.Final/netty-transport-4.1.36.Final.jar:/home/edson/.m2/repository/io/netty/netty-codec/4.1.36.Final/netty-codec-4.1.36.Final.jar:/home/edson/.m2/repository/com/typesafe/akka/akka-actor_2.12/2.5.22/akka-actor_2.12-2.5.22.jar:/home/edson/.m2/repository/io/gatling/gatling-http-client/3.1.2/gatling-http-client-3.1.2.jar:/home/edson/.m2/repository/io/gatling/gatling-netty-util/3.1.2/gatling-netty-util-3.1.2.jar:/home/edson/.m2/repository/io/netty/netty-buffer/4.1.36.Final/netty-buffer-4.1.36.Final.jar:/home/edson/.m2/repository/io/netty/netty-handler/4.1.36.Final/netty-handler-4.1.36.Final.jar:/home/edson/.m2/repository/io/netty/netty-handler-proxy/4.1.36.Final/netty-handler-proxy-4.1.36.Final.jar:/home/edson/.m2/repository/io/netty/netty-codec-socks/4.1.36.Final/netty-codec-socks-4.1.36.Final.jar:/home/edson/.m2/repository/io/netty/netty-resolver-dns/4.1.36.Final/netty-resolver-dns-4.1.36.Final.jar:/home/edson/.m2/repository/io/netty/netty-resolver/4.1.36.Final/netty-resolver-4.1.36.Final.jar:/home/edson/.m2/repository/io/netty/netty-codec-dns/4.1.36.Final/netty-codec-dns-4.1.36.Final.jar:/home/edson/.m2/repository/io/netty/netty-transport-native-epoll/4.1.36.Final/netty-transport-native-epoll-4.1.36.Final-linux-x86_64.jar:/home/edson/.m2/repository/io/netty/netty-transport-native-unix-common/4.1.36.Final/netty-transport-native-unix-common-4.1.36.Final.jar:/home/edson/.m2/repository/io/netty/netty-codec-http2/4.1.36.Final/netty-codec-http2-4.1.36.Final.jar:/home/edson/.m2/repository/io/netty/netty-tcnative-boringssl-static/2.0.25.Final/netty-tcnative-boringssl-static-2.0.25.Final.jar:/home/edson/.m2/repository/com/sun/activation/javax.activation/1.2.0/javax.activation-1.2.0.jar:/home/edson/.m2/repository/com/typesafe/scala-logging/scala-logging_2.12/3.9.2/scala-logging_2.12-3.9.2.jar:/home/edson/.m2/repository/ch/qos/logback/logback-classic/1.2.3/logback-classic-1.2.3.jar:/home/edson/.m2/repository/ch/qos/logback/logback-core/1.2.3/logback-core-1.2.3.jar:/home/edson/.m2/repository/io/gatling/gatling-commons/3.1.2/gatling-commons-3.1.2.jar:/home/edson/.m2/repository/org/scala-lang/scala-reflect/2.12.8/scala-reflect-2.12.8.jar:/home/edson/.m2/repository/com/typesafe/config/1.3.4/config-1.3.4.jar:/home/edson/.m2/repository/com/dongxiguo/fastring_2.12/1.0.0/fastring_2.12-1.0.0.jar:/home/edson/.m2/repository/io/suzaku/boopickle_2.12/1.3.1/boopickle_2.12-1.3.1.jar:/home/edson/.m2/repository/org/typelevel/spire-macros_2.12/0.16.1/spire-macros_2.12-0.16.1.jar:/home/edson/.m2/repository/org/scala-lang/modules/scala-collection-compat_2.12/0.3.0/scala-collection-compat_2.12-0.3.0.jar:/home/edson/.m2/repository/com/softwaremill/quicklens/quicklens_2.12/1.4.12/quicklens_2.12-1.4.12.jar:/home/edson/.m2/repository/org/scala-lang/modules/scala-java8-compat_2.12/0.9.0/scala-java8-compat_2.12-0.9.0.jar:/home/edson/.m2/repository/com/eatthepath/fast-uuid/0.1/fast-uuid-0.1.jar:"/>
    <property name="java.vm.vendor" value="Oracle Corporation"/>
    <property name="sun.arch.data.model" value="64"/>
    <property name="java.vendor.url" value="http://java.oracle.com/"/>
    <property name="user.timezone" value=""/>
    <property name="java.vm.specification.version" value="11"/>
    <property name="os.name" value="Linux"/>
    <property name="sun.java.launcher" value="SUN_STANDARD"/>
    <property name="user.country" value="US"/>
    <property name="sun.boot.library.path" value="/usr/lib/jvm/java-11-oracle/lib"/>
    <property name="sun.java.command" value="/home/edson/workspace-cvc/users-credentials/target/surefire/surefirebooter14083090810179214474.jar /home/edson/workspace-cvc/users-credentials/target/surefire 2019-06-25T12-40-02_104-jvmRun1 surefire5053811231653802309tmp surefire_012388949898667439928tmp"/>
    <property name="jdk.debug" value="release"/>
    <property name="surefire.test.class.path" value="/home/edson/workspace-cvc/users-credentials/target/test-classes:/home/edson/workspace-cvc/users-credentials/target/classes:/home/edson/.m2/repository/org/springframework/boot/spring-boot-starter-actuator/2.1.6.RELEASE/spring-boot-starter-actuator-2.1.6.RELEASE.jar:/home/edson/.m2/repository/org/springframework/boot/spring-boot-starter/2.1.6.RELEASE/spring-boot-starter-2.1.6.RELEASE.jar:/home/edson/.m2/repository/org/springframework/boot/spring-boot-starter-logging/2.1.6.RELEASE/spring-boot-starter-logging-2.1.6.RELEASE.jar:/home/edson/.m2/repository/org/apache/logging/log4j/log4j-to-slf4j/2.11.2/log4j-to-slf4j-2.11.2.jar:/home/edson/.m2/repository/org/apache/logging/log4j/log4j-api/2.11.2/log4j-api-2.11.2.jar:/home/edson/.m2/repository/org/slf4j/jul-to-slf4j/1.7.26/jul-to-slf4j-1.7.26.jar:/home/edson/.m2/repository/javax/annotation/javax.annotation-api/1.3.2/javax.annotation-api-1.3.2.jar:/home/edson/.m2/repository/org/yaml/snakeyaml/1.23/snakeyaml-1.23.jar:/home/edson/.m2/repository/org/springframework/boot/spring-boot-actuator-autoconfigure/2.1.6.RELEASE/spring-boot-actuator-autoconfigure-2.1.6.RELEASE.jar:/home/edson/.m2/repository/org/springframework/boot/spring-boot-actuator/2.1.6.RELEASE/spring-boot-actuator-2.1.6.RELEASE.jar:/home/edson/.m2/repository/com/fasterxml/jackson/core/jackson-databind/2.9.9/jackson-databind-2.9.9.jar:/home/edson/.m2/repository/com/fasterxml/jackson/core/jackson-annotations/2.9.0/jackson-annotations-2.9.0.jar:/home/edson/.m2/repository/com/fasterxml/jackson/core/jackson-core/2.9.9/jackson-core-2.9.9.jar:/home/edson/.m2/repository/org/springframework/spring-context/5.1.8.RELEASE/spring-context-5.1.8.RELEASE.jar:/home/edson/.m2/repository/com/fasterxml/jackson/datatype/jackson-datatype-jsr310/2.9.9/jackson-datatype-jsr310-2.9.9.jar:/home/edson/.m2/repository/io/micrometer/micrometer-core/1.1.5/micrometer-core-1.1.5.jar:/home/edson/.m2/repository/org/hdrhistogram/HdrHistogram/2.1.9/HdrHistogram-2.1.9.jar:/home/edson/.m2/repository/org/latencyutils/LatencyUtils/2.0.3/LatencyUtils-2.0.3.jar:/home/edson/.m2/repository/org/springframework/boot/spring-boot-starter-web/2.1.6.RELEASE/spring-boot-starter-web-2.1.6.RELEASE.jar:/home/edson/.m2/repository/org/springframework/boot/spring-boot-starter-json/2.1.6.RELEASE/spring-boot-starter-json-2.1.6.RELEASE.jar:/home/edson/.m2/repository/com/fasterxml/jackson/datatype/jackson-datatype-jdk8/2.9.9/jackson-datatype-jdk8-2.9.9.jar:/home/edson/.m2/repository/com/fasterxml/jackson/module/jackson-module-parameter-names/2.9.9/jackson-module-parameter-names-2.9.9.jar:/home/edson/.m2/repository/org/springframework/boot/spring-boot-starter-tomcat/2.1.6.RELEASE/spring-boot-starter-tomcat-2.1.6.RELEASE.jar:/home/edson/.m2/repository/org/apache/tomcat/embed/tomcat-embed-core/9.0.21/tomcat-embed-core-9.0.21.jar:/home/edson/.m2/repository/org/apache/tomcat/embed/tomcat-embed-el/9.0.21/tomcat-embed-el-9.0.21.jar:/home/edson/.m2/repository/org/apache/tomcat/embed/tomcat-embed-websocket/9.0.21/tomcat-embed-websocket-9.0.21.jar:/home/edson/.m2/repository/org/hibernate/validator/hibernate-validator/6.0.17.Final/hibernate-validator-6.0.17.Final.jar:/home/edson/.m2/repository/javax/validation/validation-api/2.0.1.Final/validation-api-2.0.1.Final.jar:/home/edson/.m2/repository/org/jboss/logging/jboss-logging/3.3.2.Final/jboss-logging-3.3.2.Final.jar:/home/edson/.m2/repository/com/fasterxml/classmate/1.4.0/classmate-1.4.0.jar:/home/edson/.m2/repository/org/springframework/spring-web/5.1.8.RELEASE/spring-web-5.1.8.RELEASE.jar:/home/edson/.m2/repository/org/springframework/spring-beans/5.1.8.RELEASE/spring-beans-5.1.8.RELEASE.jar:/home/edson/.m2/repository/org/springframework/spring-webmvc/5.1.8.RELEASE/spring-webmvc-5.1.8.RELEASE.jar:/home/edson/.m2/repository/org/springframework/spring-aop/5.1.8.RELEASE/spring-aop-5.1.8.RELEASE.jar:/home/edson/.m2/repository/org/springframework/spring-expression/5.1.8.RELEASE/spring-expression-5.1.8.RELEASE.jar:/home/edson/.m2/repository/org/springframework/boot/spring-boot-starter-test/2.1.6.RELEASE/spring-boot-starter-test-2.1.6.RELEASE.jar:/home/edson/.m2/repository/org/springframework/boot/spring-boot-test/2.1.6.RELEASE/spring-boot-test-2.1.6.RELEASE.jar:/home/edson/.m2/repository/org/springframework/boot/spring-boot-test-autoconfigure/2.1.6.RELEASE/spring-boot-test-autoconfigure-2.1.6.RELEASE.jar:/home/edson/.m2/repository/com/jayway/jsonpath/json-path/2.4.0/json-path-2.4.0.jar:/home/edson/.m2/repository/net/minidev/json-smart/2.3/json-smart-2.3.jar:/home/edson/.m2/repository/net/minidev/accessors-smart/1.2/accessors-smart-1.2.jar:/home/edson/.m2/repository/org/ow2/asm/asm/5.0.4/asm-5.0.4.jar:/home/edson/.m2/repository/org/slf4j/slf4j-api/1.7.26/slf4j-api-1.7.26.jar:/home/edson/.m2/repository/junit/junit/4.12/junit-4.12.jar:/home/edson/.m2/repository/org/assertj/assertj-core/3.11.1/assertj-core-3.11.1.jar:/home/edson/.m2/repository/org/mockito/mockito-core/2.23.4/mockito-core-2.23.4.jar:/home/edson/.m2/repository/net/bytebuddy/byte-buddy/1.9.13/byte-buddy-1.9.13.jar:/home/edson/.m2/repository/net/bytebuddy/byte-buddy-agent/1.9.13/byte-buddy-agent-1.9.13.jar:/home/edson/.m2/repository/org/objenesis/objenesis/2.6/objenesis-2.6.jar:/home/edson/.m2/repository/org/hamcrest/hamcrest-core/1.3/hamcrest-core-1.3.jar:/home/edson/.m2/repository/org/hamcrest/hamcrest-library/1.3/hamcrest-library-1.3.jar:/home/edson/.m2/repository/org/skyscreamer/jsonassert/1.5.0/jsonassert-1.5.0.jar:/home/edson/.m2/repository/com/vaadin/external/google/android-json/0.0.20131108.vaadin1/android-json-0.0.20131108.vaadin1.jar:/home/edson/.m2/repository/org/springframework/spring-core/5.1.8.RELEASE/spring-core-5.1.8.RELEASE.jar:/home/edson/.m2/repository/org/springframework/spring-jcl/5.1.8.RELEASE/spring-jcl-5.1.8.RELEASE.jar:/home/edson/.m2/repository/org/springframework/spring-test/5.1.8.RELEASE/spring-test-5.1.8.RELEASE.jar:/home/edson/.m2/repository/org/xmlunit/xmlunit-core/2.6.2/xmlunit-core-2.6.2.jar:/home/edson/.m2/repository/javax/xml/bind/jaxb-api/2.3.1/jaxb-api-2.3.1.jar:/home/edson/.m2/repository/javax/activation/javax.activation-api/1.2.0/javax.activation-api-1.2.0.jar:/home/edson/.m2/repository/org/springframework/boot/spring-boot-starter-data-mongodb/2.1.6.RELEASE/spring-boot-starter-data-mongodb-2.1.6.RELEASE.jar:/home/edson/.m2/repository/org/mongodb/mongodb-driver/3.8.2/mongodb-driver-3.8.2.jar:/home/edson/.m2/repository/org/mongodb/bson/3.8.2/bson-3.8.2.jar:/home/edson/.m2/repository/org/mongodb/mongodb-driver-core/3.8.2/mongodb-driver-core-3.8.2.jar:/home/edson/.m2/repository/org/springframework/data/spring-data-mongodb/2.1.9.RELEASE/spring-data-mongodb-2.1.9.RELEASE.jar:/home/edson/.m2/repository/org/springframework/spring-tx/5.1.8.RELEASE/spring-tx-5.1.8.RELEASE.jar:/home/edson/.m2/repository/org/springframework/data/spring-data-commons/2.1.9.RELEASE/spring-data-commons-2.1.9.RELEASE.jar:/home/edson/.m2/repository/org/springframework/boot/spring-boot-starter-webflux/2.1.6.RELEASE/spring-boot-starter-webflux-2.1.6.RELEASE.jar:/home/edson/.m2/repository/org/springframework/boot/spring-boot-starter-reactor-netty/2.1.6.RELEASE/spring-boot-starter-reactor-netty-2.1.6.RELEASE.jar:/home/edson/.m2/repository/io/projectreactor/netty/reactor-netty/0.8.9.RELEASE/reactor-netty-0.8.9.RELEASE.jar:/home/edson/.m2/repository/org/glassfish/javax.el/3.0.0/javax.el-3.0.0.jar:/home/edson/.m2/repository/org/springframework/spring-webflux/5.1.8.RELEASE/spring-webflux-5.1.8.RELEASE.jar:/home/edson/.m2/repository/io/projectreactor/reactor-core/3.2.10.RELEASE/reactor-core-3.2.10.RELEASE.jar:/home/edson/.m2/repository/org/reactivestreams/reactive-streams/1.0.2/reactive-streams-1.0.2.jar:/home/edson/.m2/repository/org/synchronoss/cloud/nio-multipart-parser/1.1.0/nio-multipart-parser-1.1.0.jar:/home/edson/.m2/repository/org/synchronoss/cloud/nio-stream-storage/1.1.3/nio-stream-storage-1.1.3.jar:/home/edson/.m2/repository/org/springframework/cloud/spring-cloud-starter-consul-config/2.1.1.RELEASE/spring-cloud-starter-consul-config-2.1.1.RELEASE.jar:/home/edson/.m2/repository/org/springframework/cloud/spring-cloud-starter-consul/2.1.1.RELEASE/spring-cloud-starter-consul-2.1.1.RELEASE.jar:/home/edson/.m2/repository/org/springframework/cloud/spring-cloud-context/2.1.1.RELEASE/spring-cloud-context-2.1.1.RELEASE.jar:/home/edson/.m2/repository/org/springframework/cloud/spring-cloud-consul-core/2.1.1.RELEASE/spring-cloud-consul-core-2.1.1.RELEASE.jar:/home/edson/.m2/repository/com/ecwid/consul/consul-api/1.4.1/consul-api-1.4.1.jar:/home/edson/.m2/repository/com/google/code/gson/gson/2.8.5/gson-2.8.5.jar:/home/edson/.m2/repository/org/springframework/cloud/spring-cloud-consul-config/2.1.1.RELEASE/spring-cloud-consul-config-2.1.1.RELEASE.jar:/home/edson/.m2/repository/org/springframework/cloud/spring-cloud-starter-openfeign/2.1.1.RELEASE/spring-cloud-starter-openfeign-2.1.1.RELEASE.jar:/home/edson/.m2/repository/org/springframework/cloud/spring-cloud-starter/2.1.1.RELEASE/spring-cloud-starter-2.1.1.RELEASE.jar:/home/edson/.m2/repository/org/springframework/security/spring-security-rsa/1.0.7.RELEASE/spring-security-rsa-1.0.7.RELEASE.jar:/home/edson/.m2/repository/org/springframework/cloud/spring-cloud-openfeign-core/2.1.1.RELEASE/spring-cloud-openfeign-core-2.1.1.RELEASE.jar:/home/edson/.m2/repository/org/springframework/cloud/spring-cloud-netflix-ribbon/2.1.1.RELEASE/spring-cloud-netflix-ribbon-2.1.1.RELEASE.jar:/home/edson/.m2/repository/org/springframework/cloud/spring-cloud-netflix-archaius/2.1.1.RELEASE/spring-cloud-netflix-archaius-2.1.1.RELEASE.jar:/home/edson/.m2/repository/org/springframework/boot/spring-boot-starter-aop/2.1.6.RELEASE/spring-boot-starter-aop-2.1.6.RELEASE.jar:/home/edson/.m2/repository/org/aspectj/aspectjweaver/1.9.4/aspectjweaver-1.9.4.jar:/home/edson/.m2/repository/io/github/openfeign/form/feign-form-spring/3.5.0/feign-form-spring-3.5.0.jar:/home/edson/.m2/repository/io/github/openfeign/form/feign-form/3.5.0/feign-form-3.5.0.jar:/home/edson/.m2/repository/commons-fileupload/commons-fileupload/1.3.3/commons-fileupload-1.3.3.jar:/home/edson/.m2/repository/commons-io/commons-io/2.2/commons-io-2.2.jar:/home/edson/.m2/repository/org/springframework/cloud/spring-cloud-commons/2.1.1.RELEASE/spring-cloud-commons-2.1.1.RELEASE.jar:/home/edson/.m2/repository/org/springframework/security/spring-security-crypto/5.1.5.RELEASE/spring-security-crypto-5.1.5.RELEASE.jar:/home/edson/.m2/repository/io/github/openfeign/feign-core/10.1.0/feign-core-10.1.0.jar:/home/edson/.m2/repository/io/github/openfeign/feign-slf4j/10.1.0/feign-slf4j-10.1.0.jar:/home/edson/.m2/repository/io/github/openfeign/feign-hystrix/10.1.0/feign-hystrix-10.1.0.jar:/home/edson/.m2/repository/com/netflix/archaius/archaius-core/0.7.6/archaius-core-0.7.6.jar:/home/edson/.m2/repository/com/google/code/findbugs/jsr305/3.0.1/jsr305-3.0.1.jar:/home/edson/.m2/repository/commons-configuration/commons-configuration/1.8/commons-configuration-1.8.jar:/home/edson/.m2/repository/commons-lang/commons-lang/2.6/commons-lang-2.6.jar:/home/edson/.m2/repository/com/netflix/hystrix/hystrix-core/1.5.18/hystrix-core-1.5.18.jar:/home/edson/.m2/repository/io/reactivex/rxjava/1.3.8/rxjava-1.3.8.jar:/home/edson/.m2/repository/org/springframework/cloud/spring-cloud-starter-vault-config/2.1.1.RELEASE/spring-cloud-starter-vault-config-2.1.1.RELEASE.jar:/home/edson/.m2/repository/org/apache/httpcomponents/httpclient/4.5.9/httpclient-4.5.9.jar:/home/edson/.m2/repository/commons-codec/commons-codec/1.11/commons-codec-1.11.jar:/home/edson/.m2/repository/org/apache/httpcomponents/httpcore/4.4.11/httpcore-4.4.11.jar:/home/edson/.m2/repository/org/springframework/cloud/spring-cloud-vault-config/2.1.1.RELEASE/spring-cloud-vault-config-2.1.1.RELEASE.jar:/home/edson/.m2/repository/org/springframework/vault/spring-vault-core/2.1.2.RELEASE/spring-vault-core-2.1.2.RELEASE.jar:/home/edson/.m2/repository/com/puppycrawl/tools/checkstyle/8.12/checkstyle-8.12.jar:/home/edson/.m2/repository/antlr/antlr/2.7.7/antlr-2.7.7.jar:/home/edson/.m2/repository/org/antlr/antlr4-runtime/4.7.1/antlr4-runtime-4.7.1.jar:/home/edson/.m2/repository/commons-beanutils/commons-beanutils/1.9.3/commons-beanutils-1.9.3.jar:/home/edson/.m2/repository/commons-logging/commons-logging/1.2/commons-logging-1.2.jar:/home/edson/.m2/repository/commons-collections/commons-collections/3.2.2/commons-collections-3.2.2.jar:/home/edson/.m2/repository/commons-cli/commons-cli/1.4/commons-cli-1.4.jar:/home/edson/.m2/repository/com/google/guava/guava/25.1-jre/guava-25.1-jre.jar:/home/edson/.m2/repository/org/checkerframework/checker-qual/2.0.0/checker-qual-2.0.0.jar:/home/edson/.m2/repository/com/google/errorprone/error_prone_annotations/2.1.3/error_prone_annotations-2.1.3.jar:/home/edson/.m2/repository/com/google/j2objc/j2objc-annotations/1.1/j2objc-annotations-1.1.jar:/home/edson/.m2/repository/org/codehaus/mojo/animal-sniffer-annotations/1.14/animal-sniffer-annotations-1.14.jar:/home/edson/.m2/repository/net/sf/saxon/Saxon-HE/9.8.0-12/Saxon-HE-9.8.0-12.jar:/home/edson/.m2/repository/org/springframework/boot/spring-boot-devtools/2.1.6.RELEASE/spring-boot-devtools-2.1.6.RELEASE.jar:/home/edson/.m2/repository/org/springframework/boot/spring-boot/2.1.6.RELEASE/spring-boot-2.1.6.RELEASE.jar:/home/edson/.m2/repository/org/springframework/boot/spring-boot-autoconfigure/2.1.6.RELEASE/spring-boot-autoconfigure-2.1.6.RELEASE.jar:/home/edson/.m2/repository/org/projectlombok/lombok/1.18.8/lombok-1.18.8.jar:/home/edson/.m2/repository/io/gatling/highcharts/gatling-charts-highcharts/3.1.2/gatling-charts-highcharts-3.1.2.jar:/home/edson/.m2/repository/org/scala-lang/scala-library/2.12.8/scala-library-2.12.8.jar:/home/edson/.m2/repository/io/gatling/gatling-charts/3.1.2/gatling-charts-3.1.2.jar:/home/edson/.m2/repository/io/gatling/gatling-core/3.1.2/gatling-core-3.1.2.jar:/home/edson/.m2/repository/com/typesafe/akka/akka-slf4j_2.12/2.5.22/akka-slf4j_2.12-2.5.22.jar:/home/edson/.m2/repository/org/simpleflatmapper/lightning-csv/6.7.0/lightning-csv-6.7.0.jar:/home/edson/.m2/repository/org/simpleflatmapper/sfm-util/6.7.0/sfm-util-6.7.0-jdk9.jar:/home/edson/.m2/repository/org/simpleflatmapper/sfm-util/6.7.0/sfm-util-6.7.0.jar:/home/edson/.m2/repository/com/github/ben-manes/caffeine/caffeine/2.6.2/caffeine-2.6.2.jar:/home/edson/.m2/repository/io/pebbletemplates/pebble/3.0.9/pebble-3.0.9.jar:/home/edson/.m2/repository/org/unbescape/unbescape/1.1.6.RELEASE/unbescape-1.1.6.RELEASE.jar:/home/edson/.m2/repository/org/scala-lang/modules/scala-parser-combinators_2.12/1.1.2/scala-parser-combinators_2.12-1.1.2.jar:/home/edson/.m2/repository/com/github/scopt/scopt_2.12/3.7.1/scopt_2.12-3.7.1.jar:/home/edson/.m2/repository/io/gatling/jsonpath_2.12/0.6.14/jsonpath_2.12-0.6.14.jar:/home/edson/.m2/repository/org/jodd/jodd-json/5.0.13/jodd-json-5.0.13.jar:/home/edson/.m2/repository/org/jodd/jodd-bean/5.0.13/jodd-bean-5.0.13.jar:/home/edson/.m2/repository/org/jodd/jodd-core/5.0.13/jodd-core-5.0.13.jar:/home/edson/.m2/repository/org/jodd/jodd-lagarto/5.0.13/jodd-lagarto-5.0.13.jar:/home/edson/.m2/repository/org/jodd/jodd-log/5.0.13/jodd-log-5.0.13.jar:/home/edson/.m2/repository/com/tdunning/t-digest/3.1/t-digest-3.1.jar:/home/edson/.m2/repository/io/gatling/gatling-app/3.1.2/gatling-app-3.1.2.jar:/home/edson/.m2/repository/io/gatling/gatling-http/3.1.2/gatling-http-3.1.2.jar:/home/edson/.m2/repository/org/scala-lang/modules/scala-xml_2.12/1.2.0/scala-xml_2.12-1.2.0.jar:/home/edson/.m2/repository/io/gatling/gatling-jms/3.1.2/gatling-jms-3.1.2.jar:/home/edson/.m2/repository/org/apache/geronimo/specs/geronimo-jms_1.1_spec/1.1.1/geronimo-jms_1.1_spec-1.1.1.jar:/home/edson/.m2/repository/io/gatling/gatling-jdbc/3.1.2/gatling-jdbc-3.1.2.jar:/home/edson/.m2/repository/io/gatling/gatling-redis/3.1.2/gatling-redis-3.1.2.jar:/home/edson/.m2/repository/net/debasishg/redisclient_2.12/3.9/redisclient_2.12-3.9.jar:/home/edson/.m2/repository/org/apache/commons/commons-pool2/2.6.2/commons-pool2-2.6.2.jar:/home/edson/.m2/repository/io/gatling/gatling-graphite/3.1.2/gatling-graphite-3.1.2.jar:/home/edson/.m2/repository/io/gatling/gatling-recorder/3.1.2/gatling-recorder-3.1.2.jar:/home/edson/.m2/repository/org/scala-lang/modules/scala-swing_2.12/2.1.1/scala-swing_2.12-2.1.1.jar:/home/edson/.m2/repository/org/json4s/json4s-jackson_2.12/3.6.5/json4s-jackson_2.12-3.6.5.jar:/home/edson/.m2/repository/org/json4s/json4s-core_2.12/3.6.5/json4s-core_2.12-3.6.5.jar:/home/edson/.m2/repository/org/json4s/json4s-ast_2.12/3.6.5/json4s-ast_2.12-3.6.5.jar:/home/edson/.m2/repository/org/json4s/json4s-scalap_2.12/3.6.5/json4s-scalap_2.12-3.6.5.jar:/home/edson/.m2/repository/com/thoughtworks/paranamer/paranamer/2.8/paranamer-2.8.jar:/home/edson/.m2/repository/org/bouncycastle/bcpkix-jdk15on/1.61/bcpkix-jdk15on-1.61.jar:/home/edson/.m2/repository/org/bouncycastle/bcprov-jdk15on/1.61/bcprov-jdk15on-1.61.jar:/home/edson/.m2/repository/io/netty/netty-codec-http/4.1.36.Final/netty-codec-http-4.1.36.Final.jar:/home/edson/.m2/repository/io/netty/netty-common/4.1.36.Final/netty-common-4.1.36.Final.jar:/home/edson/.m2/repository/io/netty/netty-transport/4.1.36.Final/netty-transport-4.1.36.Final.jar:/home/edson/.m2/repository/io/netty/netty-codec/4.1.36.Final/netty-codec-4.1.36.Final.jar:/home/edson/.m2/repository/com/typesafe/akka/akka-actor_2.12/2.5.22/akka-actor_2.12-2.5.22.jar:/home/edson/.m2/repository/io/gatling/gatling-http-client/3.1.2/gatling-http-client-3.1.2.jar:/home/edson/.m2/repository/io/gatling/gatling-netty-util/3.1.2/gatling-netty-util-3.1.2.jar:/home/edson/.m2/repository/io/netty/netty-buffer/4.1.36.Final/netty-buffer-4.1.36.Final.jar:/home/edson/.m2/repository/io/netty/netty-handler/4.1.36.Final/netty-handler-4.1.36.Final.jar:/home/edson/.m2/repository/io/netty/netty-handler-proxy/4.1.36.Final/netty-handler-proxy-4.1.36.Final.jar:/home/edson/.m2/repository/io/netty/netty-codec-socks/4.1.36.Final/netty-codec-socks-4.1.36.Final.jar:/home/edson/.m2/repository/io/netty/netty-resolver-dns/4.1.36.Final/netty-resolver-dns-4.1.36.Final.jar:/home/edson/.m2/repository/io/netty/netty-resolver/4.1.36.Final/netty-resolver-4.1.36.Final.jar:/home/edson/.m2/repository/io/netty/netty-codec-dns/4.1.36.Final/netty-codec-dns-4.1.36.Final.jar:/home/edson/.m2/repository/io/netty/netty-transport-native-epoll/4.1.36.Final/netty-transport-native-epoll-4.1.36.Final-linux-x86_64.jar:/home/edson/.m2/repository/io/netty/netty-transport-native-unix-common/4.1.36.Final/netty-transport-native-unix-common-4.1.36.Final.jar:/home/edson/.m2/repository/io/netty/netty-codec-http2/4.1.36.Final/netty-codec-http2-4.1.36.Final.jar:/home/edson/.m2/repository/io/netty/netty-tcnative-boringssl-static/2.0.25.Final/netty-tcnative-boringssl-static-2.0.25.Final.jar:/home/edson/.m2/repository/com/sun/activation/javax.activation/1.2.0/javax.activation-1.2.0.jar:/home/edson/.m2/repository/com/typesafe/scala-logging/scala-logging_2.12/3.9.2/scala-logging_2.12-3.9.2.jar:/home/edson/.m2/repository/ch/qos/logback/logback-classic/1.2.3/logback-classic-1.2.3.jar:/home/edson/.m2/repository/ch/qos/logback/logback-core/1.2.3/logback-core-1.2.3.jar:/home/edson/.m2/repository/io/gatling/gatling-commons/3.1.2/gatling-commons-3.1.2.jar:/home/edson/.m2/repository/org/scala-lang/scala-reflect/2.12.8/scala-reflect-2.12.8.jar:/home/edson/.m2/repository/com/typesafe/config/1.3.4/config-1.3.4.jar:/home/edson/.m2/repository/com/dongxiguo/fastring_2.12/1.0.0/fastring_2.12-1.0.0.jar:/home/edson/.m2/repository/io/suzaku/boopickle_2.12/1.3.1/boopickle_2.12-1.3.1.jar:/home/edson/.m2/repository/org/typelevel/spire-macros_2.12/0.16.1/spire-macros_2.12-0.16.1.jar:/home/edson/.m2/repository/org/scala-lang/modules/scala-collection-compat_2.12/0.3.0/scala-collection-compat_2.12-0.3.0.jar:/home/edson/.m2/repository/com/softwaremill/quicklens/quicklens_2.12/1.4.12/quicklens_2.12-1.4.12.jar:/home/edson/.m2/repository/org/scala-lang/modules/scala-java8-compat_2.12/0.9.0/scala-java8-compat_2.12-0.9.0.jar:/home/edson/.m2/repository/com/eatthepath/fast-uuid/0.1/fast-uuid-0.1.jar:"/>
    <property name="sun.cpu.endian" value="little"/>
    <property name="user.home" value="/home/edson"/>
    <property name="user.language" value="en"/>
    <property name="java.specification.vendor" value="Oracle Corporation"/>
    <property name="java.version.date" value="2019-01-15"/>
    <property name="java.home" value="/usr/lib/jvm/java-11-oracle"/>
    <property name="file.separator" value="/"/>
    <property name="basedir" value="/home/edson/workspace-cvc/users-credentials"/>
    <property name="java.vm.compressedOopsMode" value="Zero based"/>
    <property name="line.separator" value="&#10;"/>
    <property name="java.specification.name" value="Java Platform API Specification"/>
    <property name="java.vm.specification.vendor" value="Oracle Corporation"/>
    <property name="java.awt.graphicsenv" value="sun.awt.X11GraphicsEnvironment"/>
    <property name="surefire.real.class.path" value="/home/edson/workspace-cvc/users-credentials/target/surefire/surefirebooter14083090810179214474.jar"/>
    <property name="sun.management.compiler" value="HotSpot 64-Bit Tiered Compilers"/>
    <property name="java.runtime.version" value="11.0.2+9-LTS"/>
    <property name="user.name" value="edson"/>
    <property name="path.separator" value=":"/>
    <property name="os.version" value="5.0.0-16-generic"/>
    <property name="java.runtime.name" value="Java(TM) SE Runtime Environment"/>
    <property name="file.encoding" value="UTF-8"/>
    <property name="java.vm.name" value="Java HotSpot(TM) 64-Bit Server VM"/>
    <property name="java.vendor.version" value="18.9"/>
    <property name="localRepository" value="/home/edson/.m2/repository"/>
    <property name="java.vendor.url.bug" value="http://bugreport.java.com/bugreport/"/>
    <property name="java.io.tmpdir" value="/tmp"/>
    <property name="java.version" value="11.0.2"/>
    <property name="user.dir" value="/home/edson/workspace-cvc/users-credentials"/>
    <property name="os.arch" value="amd64"/>
    <property name="java.vm.specification.name" value="Java Virtual Machine Specification"/>
    <property name="java.awt.printerjob" value="sun.print.PSPrinterJob"/>
    <property name="sun.os.patch.level" value="unknown"/>
    <property name="java.library.path" value="/usr/java/packages/lib:/usr/lib64:/lib64:/lib:/usr/lib"/>
    <property name="java.vendor" value="Oracle Corporation"/>
    <property name="java.vm.info" value="mixed mode"/>
    <property name="java.vm.version" value="11.0.2+9-LTS"/>
    <property name="sun.io.unicode.encoding" value="UnicodeLittle"/>
    <property name="java.class.version" value="55.0"/>
  </properties>
  <testcase name="contextLoads" classname="br.com.cvc.hotelcredentials.HotelCredentialsApplicationTests" time="0.002">
    <error message="Failed to load ApplicationContext" type="java.lang.IllegalStateException">java.lang.IllegalStateException: Failed to load ApplicationContext
Caused by: org.springframework.beans.factory.UnsatisfiedDependencyException: Error creating bean with name 'reactiveVaultTemplate' defined in class path resource [org/springframework/cloud/vault/config/VaultReactiveBootstrapConfiguration.class]: Unsatisfied dependency expressed through method 'reactiveVaultTemplate' parameter 0; nested exception is org.springframework.beans.factory.BeanCreationException: Error creating bean with name 'reactiveVaultSessionManager' defined in class path resource [org/springframework/cloud/vault/config/VaultReactiveBootstrapConfiguration.class]: Bean instantiation via factory method failed; nested exception is org.springframework.beans.BeanInstantiationException: Failed to instantiate [org.springframework.vault.authentication.ReactiveSessionManager]: Factory method 'reactiveVaultSessionManager' threw exception; nested exception is org.springframework.beans.factory.BeanCreationException: Error creating bean with name 'vaultTokenSupplier' defined in class path resource [org/springframework/cloud/vault/config/VaultReactiveBootstrapConfiguration.class]: Bean instantiation via factory method failed; nested exception is org.springframework.beans.BeanInstantiationException: Failed to instantiate [org.springframework.vault.authentication.VaultTokenSupplier]: Factory method 'vaultTokenSupplier' threw exception; nested exception is org.springframework.beans.factory.BeanCreationException: Error creating bean with name 'clientAuthentication' defined in class path resource [org/springframework/cloud/vault/config/VaultBootstrapConfiguration.class]: Bean instantiation via factory method failed; nested exception is org.springframework.beans.BeanInstantiationException: Failed to instantiate [org.springframework.vault.authentication.ClientAuthentication]: Factory method 'clientAuthentication' threw exception; nested exception is java.lang.IllegalArgumentException: Token (spring.cloud.vault.token) must not be empty
Caused by: org.springframework.beans.factory.BeanCreationException: Error creating bean with name 'reactiveVaultSessionManager' defined in class path resource [org/springframework/cloud/vault/config/VaultReactiveBootstrapConfiguration.class]: Bean instantiation via factory method failed; nested exception is org.springframework.beans.BeanInstantiationException: Failed to instantiate [org.springframework.vault.authentication.ReactiveSessionManager]: Factory method 'reactiveVaultSessionManager' threw exception; nested exception is org.springframework.beans.factory.BeanCreationException: Error creating bean with name 'vaultTokenSupplier' defined in class path resource [org/springframework/cloud/vault/config/VaultReactiveBootstrapConfiguration.class]: Bean instantiation via factory method failed; nested exception is org.springframework.beans.BeanInstantiationException: Failed to instantiate [org.springframework.vault.authentication.VaultTokenSupplier]: Factory method 'vaultTokenSupplier' threw exception; nested exception is org.springframework.beans.factory.BeanCreationException: Error creating bean with name 'clientAuthentication' defined in class path resource [org/springframework/cloud/vault/config/VaultBootstrapConfiguration.class]: Bean instantiation via factory method failed; nested exception is org.springframework.beans.BeanInstantiationException: Failed to instantiate [org.springframework.vault.authentication.ClientAuthentication]: Factory method 'clientAuthentication' threw exception; nested exception is java.lang.IllegalArgumentException: Token (spring.cloud.vault.token) must not be empty
Caused by: org.springframework.beans.BeanInstantiationException: Failed to instantiate [org.springframework.vault.authentication.ReactiveSessionManager]: Factory method 'reactiveVaultSessionManager' threw exception; nested exception is org.springframework.beans.factory.BeanCreationException: Error creating bean with name 'vaultTokenSupplier' defined in class path resource [org/springframework/cloud/vault/config/VaultReactiveBootstrapConfiguration.class]: Bean instantiation via factory method failed; nested exception is org.springframework.beans.BeanInstantiationException: Failed to instantiate [org.springframework.vault.authentication.VaultTokenSupplier]: Factory method 'vaultTokenSupplier' threw exception; nested exception is org.springframework.beans.factory.BeanCreationException: Error creating bean with name 'clientAuthentication' defined in class path resource [org/springframework/cloud/vault/config/VaultBootstrapConfiguration.class]: Bean instantiation via factory method failed; nested exception is org.springframework.beans.BeanInstantiationException: Failed to instantiate [org.springframework.vault.authentication.ClientAuthentication]: Factory method 'clientAuthentication' threw exception; nested exception is java.lang.IllegalArgumentException: Token (spring.cloud.vault.token) must not be empty
Caused by: org.springframework.beans.factory.BeanCreationException: Error creating bean with name 'vaultTokenSupplier' defined in class path resource [org/springframework/cloud/vault/config/VaultReactiveBootstrapConfiguration.class]: Bean instantiation via factory method failed; nested exception is org.springframework.beans.BeanInstantiationException: Failed to instantiate [org.springframework.vault.authentication.VaultTokenSupplier]: Factory method 'vaultTokenSupplier' threw exception; nested exception is org.springframework.beans.factory.BeanCreationException: Error creating bean with name 'clientAuthentication' defined in class path resource [org/springframework/cloud/vault/config/VaultBootstrapConfiguration.class]: Bean instantiation via factory method failed; nested exception is org.springframework.beans.BeanInstantiationException: Failed to instantiate [org.springframework.vault.authentication.ClientAuthentication]: Factory method 'clientAuthentication' threw exception; nested exception is java.lang.IllegalArgumentException: Token (spring.cloud.vault.token) must not be empty
Caused by: org.springframework.beans.BeanInstantiationException: Failed to instantiate [org.springframework.vault.authentication.VaultTokenSupplier]: Factory method 'vaultTokenSupplier' threw exception; nested exception is org.springframework.beans.factory.BeanCreationException: Error creating bean with name 'clientAuthentication' defined in class path resource [org/springframework/cloud/vault/config/VaultBootstrapConfiguration.class]: Bean instantiation via factory method failed; nested exception is org.springframework.beans.BeanInstantiationException: Failed to instantiate [org.springframework.vault.authentication.ClientAuthentication]: Factory method 'clientAuthentication' threw exception; nested exception is java.lang.IllegalArgumentException: Token (spring.cloud.vault.token) must not be empty
Caused by: org.springframework.beans.factory.BeanCreationException: Error creating bean with name 'clientAuthentication' defined in class path resource [org/springframework/cloud/vault/config/VaultBootstrapConfiguration.class]: Bean instantiation via factory method failed; nested exception is org.springframework.beans.BeanInstantiationException: Failed to instantiate [org.springframework.vault.authentication.ClientAuthentication]: Factory method 'clientAuthentication' threw exception; nested exception is java.lang.IllegalArgumentException: Token (spring.cloud.vault.token) must not be empty
Caused by: org.springframework.beans.BeanInstantiationException: Failed to instantiate [org.springframework.vault.authentication.ClientAuthentication]: Factory method 'clientAuthentication' threw exception; nested exception is java.lang.IllegalArgumentException: Token (spring.cloud.vault.token) must not be empty
Caused by: java.lang.IllegalArgumentException: Token (spring.cloud.vault.token) must not be empty
</error>
    <system-out><![CDATA[12:40:03.080 [main] DEBUG org.springframework.test.context.junit4.SpringJUnit4ClassRunner - SpringJUnit4ClassRunner constructor called with [class br.com.cvc.hotelcredentials.HotelCredentialsApplicationTests]
12:40:03.091 [main] DEBUG org.springframework.test.context.BootstrapUtils - Instantiating CacheAwareContextLoaderDelegate from class [org.springframework.test.context.cache.DefaultCacheAwareContextLoaderDelegate]
12:40:03.114 [main] DEBUG org.springframework.test.context.BootstrapUtils - Instantiating BootstrapContext using constructor [public org.springframework.test.context.support.DefaultBootstrapContext(java.lang.Class,org.springframework.test.context.CacheAwareContextLoaderDelegate)]
12:40:03.146 [main] DEBUG org.springframework.test.context.BootstrapUtils - Instantiating TestContextBootstrapper for test class [br.com.cvc.hotelcredentials.HotelCredentialsApplicationTests] from class [org.springframework.boot.test.context.SpringBootTestContextBootstrapper]
12:40:03.161 [main] INFO org.springframework.boot.test.context.SpringBootTestContextBootstrapper - Neither @ContextConfiguration nor @ContextHierarchy found for test class [br.com.cvc.hotelcredentials.HotelCredentialsApplicationTests], using SpringBootContextLoader
12:40:03.167 [main] DEBUG org.springframework.test.context.support.AbstractContextLoader - Did not detect default resource location for test class [br.com.cvc.hotelcredentials.HotelCredentialsApplicationTests]: class path resource [br/com/cvc/hotelcredentials/HotelCredentialsApplicationTests-context.xml] does not exist
12:40:03.168 [main] DEBUG org.springframework.test.context.support.AbstractContextLoader - Did not detect default resource location for test class [br.com.cvc.hotelcredentials.HotelCredentialsApplicationTests]: class path resource [br/com/cvc/hotelcredentials/HotelCredentialsApplicationTestsContext.groovy] does not exist
12:40:03.169 [main] INFO org.springframework.test.context.support.AbstractContextLoader - Could not detect default resource locations for test class [br.com.cvc.hotelcredentials.HotelCredentialsApplicationTests]: no resource found for suffixes {-context.xml, Context.groovy}.
12:40:03.170 [main] INFO org.springframework.test.context.support.AnnotationConfigContextLoaderUtils - Could not detect default configuration classes for test class [br.com.cvc.hotelcredentials.HotelCredentialsApplicationTests]: HotelCredentialsApplicationTests does not declare any static, non-private, non-final, nested classes annotated with @Configuration.
12:40:03.241 [main] DEBUG org.springframework.test.context.support.ActiveProfilesUtils - Could not find an 'annotation declaring class' for annotation type [org.springframework.test.context.ActiveProfiles] and class [br.com.cvc.hotelcredentials.HotelCredentialsApplicationTests]
12:40:03.338 [main] DEBUG org.springframework.context.annotation.ClassPathScanningCandidateComponentProvider - Identified candidate component class: file [/home/edson/workspace-cvc/users-credentials/target/classes/br/com/cvc/hotelcredentials/HotelCredentialsApplication.class]
12:40:03.339 [main] INFO org.springframework.boot.test.context.SpringBootTestContextBootstrapper - Found @SpringBootConfiguration br.com.cvc.hotelcredentials.HotelCredentialsApplication for test class br.com.cvc.hotelcredentials.HotelCredentialsApplicationTests
12:40:03.498 [main] DEBUG org.springframework.boot.test.context.SpringBootTestContextBootstrapper - @TestExecutionListeners is not present for class [br.com.cvc.hotelcredentials.HotelCredentialsApplicationTests]: using defaults.
12:40:03.498 [main] INFO org.springframework.boot.test.context.SpringBootTestContextBootstrapper - Loaded default TestExecutionListener class names from location [META-INF/spring.factories]: [org.springframework.boot.test.mock.mockito.MockitoTestExecutionListener, org.springframework.boot.test.mock.mockito.ResetMocksTestExecutionListener, org.springframework.boot.test.autoconfigure.restdocs.RestDocsTestExecutionListener, org.springframework.boot.test.autoconfigure.web.client.MockRestServiceServerResetTestExecutionListener, org.springframework.boot.test.autoconfigure.web.servlet.MockMvcPrintOnlyOnFailureTestExecutionListener, org.springframework.boot.test.autoconfigure.web.servlet.WebDriverTestExecutionListener, org.springframework.test.context.web.ServletTestExecutionListener, org.springframework.test.context.support.DirtiesContextBeforeModesTestExecutionListener, org.springframework.test.context.support.DependencyInjectionTestExecutionListener, org.springframework.test.context.support.DirtiesContextTestExecutionListener, org.springframework.test.context.transaction.TransactionalTestExecutionListener, org.springframework.test.context.jdbc.SqlScriptsTestExecutionListener]
12:40:03.519 [main] INFO org.springframework.boot.test.context.SpringBootTestContextBootstrapper - Using TestExecutionListeners: [org.springframework.test.context.web.ServletTestExecutionListener@66715ca9, org.springframework.test.context.support.DirtiesContextBeforeModesTestExecutionListener@577f9dfd, org.springframework.boot.test.mock.mockito.MockitoTestExecutionListener@520a95ff, org.springframework.boot.test.autoconfigure.SpringBootDependencyInjectionTestExecutionListener@30afb481, org.springframework.test.context.support.DirtiesContextTestExecutionListener@5c573229, org.springframework.test.context.transaction.TransactionalTestExecutionListener@77ecdc2b, org.springframework.test.context.jdbc.SqlScriptsTestExecutionListener@714f1a44, org.springframework.boot.test.mock.mockito.ResetMocksTestExecutionListener@3c09a350, org.springframework.boot.test.autoconfigure.restdocs.RestDocsTestExecutionListener@592a1882, org.springframework.boot.test.autoconfigure.web.client.MockRestServiceServerResetTestExecutionListener@48368a08, org.springframework.boot.test.autoconfigure.web.servlet.MockMvcPrintOnlyOnFailureTestExecutionListener@41a23470, org.springframework.boot.test.autoconfigure.web.servlet.WebDriverTestExecutionListener@30c01c37]
12:40:03.521 [main] DEBUG org.springframework.test.annotation.ProfileValueUtils - Retrieved @ProfileValueSourceConfiguration [null] for test class [br.com.cvc.hotelcredentials.HotelCredentialsApplicationTests]
12:40:03.522 [main] DEBUG org.springframework.test.annotation.ProfileValueUtils - Retrieved ProfileValueSource type [class org.springframework.test.annotation.SystemProfileValueSource] for class [br.com.cvc.hotelcredentials.HotelCredentialsApplicationTests]
12:40:03.524 [main] DEBUG org.springframework.test.annotation.ProfileValueUtils - Retrieved @ProfileValueSourceConfiguration [null] for test class [br.com.cvc.hotelcredentials.HotelCredentialsApplicationTests]
12:40:03.524 [main] DEBUG org.springframework.test.annotation.ProfileValueUtils - Retrieved ProfileValueSource type [class org.springframework.test.annotation.SystemProfileValueSource] for class [br.com.cvc.hotelcredentials.HotelCredentialsApplicationTests]
12:40:03.525 [main] DEBUG org.springframework.test.annotation.ProfileValueUtils - Retrieved @ProfileValueSourceConfiguration [null] for test class [br.com.cvc.hotelcredentials.HotelCredentialsApplicationTests]
12:40:03.525 [main] DEBUG org.springframework.test.annotation.ProfileValueUtils - Retrieved ProfileValueSource type [class org.springframework.test.annotation.SystemProfileValueSource] for class [br.com.cvc.hotelcredentials.HotelCredentialsApplicationTests]
12:40:03.529 [main] DEBUG org.springframework.test.context.support.AbstractDirtiesContextTestExecutionListener - Before test class: context [DefaultTestContext@2dc21583 testClass = HotelCredentialsApplicationTests, testInstance = [null], testMethod = [null], testException = [null], mergedContextConfiguration = [WebMergedContextConfiguration@6cbdd1c5 testClass = HotelCredentialsApplicationTests, locations = '{}', classes = '{class br.com.cvc.hotelcredentials.HotelCredentialsApplication}', contextInitializerClasses = '[]', activeProfiles = '{}', propertySourceLocations = '{}', propertySourceProperties = '{org.springframework.boot.test.context.SpringBootTestContextBootstrapper=true}', contextCustomizers = set[org.springframework.boot.test.context.filter.ExcludeFilterContextCustomizer@3414a8c3, org.springframework.boot.test.json.DuplicateJsonObjectContextCustomizerFactory$DuplicateJsonObjectContextCustomizer@1bc49bc5, org.springframework.boot.test.mock.mockito.MockitoContextCustomizer@0, org.springframework.boot.test.web.client.TestRestTemplateContextCustomizer@25290bca, org.springframework.boot.test.web.reactive.server.WebTestClientContextCustomizer@6920614, org.springframework.boot.test.autoconfigure.properties.PropertyMappingContextCustomizer@0, org.springframework.boot.test.autoconfigure.web.servlet.WebDriverContextCustomizerFactory$Customizer@54d8c20d], resourceBasePath = 'src/main/webapp', contextLoader = 'org.springframework.boot.test.context.SpringBootContextLoader', parent = [null]], attributes = map['org.springframework.test.context.web.ServletTestExecutionListener.activateListener' -> true]], class annotated with @DirtiesContext [false] with mode [null].
12:40:03.530 [main] DEBUG org.springframework.test.annotation.ProfileValueUtils - Retrieved @ProfileValueSourceConfiguration [null] for test class [br.com.cvc.hotelcredentials.HotelCredentialsApplicationTests]
12:40:03.530 [main] DEBUG org.springframework.test.annotation.ProfileValueUtils - Retrieved ProfileValueSource type [class org.springframework.test.annotation.SystemProfileValueSource] for class [br.com.cvc.hotelcredentials.HotelCredentialsApplicationTests]
12:40:03.590 [main] DEBUG org.springframework.test.context.support.TestPropertySourceUtils - Adding inlined properties to environment: {spring.jmx.enabled=false, org.springframework.boot.test.context.SpringBootTestContextBootstrapper=true, server.port=-1}
2019-06-25 12:40:05.354  INFO 18046 --- [           main] trationDelegate$BeanPostProcessorChecker : Bean 'org.springframework.cloud.autoconfigure.ConfigurationPropertiesRebinderAutoConfiguration' of type [org.springframework.cloud.autoconfigure.ConfigurationPropertiesRebinderAutoConfiguration$$EnhancerBySpringCGLIB$$eae70191] is not eligible for getting processed by all BeanPostProcessors (for example: not eligible for auto-proxying)
2019-06-25 12:40:06.436  WARN 18046 --- [           main] s.c.a.AnnotationConfigApplicationContext : Exception encountered during context initialization - cancelling refresh attempt: org.springframework.beans.factory.UnsatisfiedDependencyException: Error creating bean with name 'reactiveVaultTemplate' defined in class path resource [org/springframework/cloud/vault/config/VaultReactiveBootstrapConfiguration.class]: Unsatisfied dependency expressed through method 'reactiveVaultTemplate' parameter 0; nested exception is org.springframework.beans.factory.BeanCreationException: Error creating bean with name 'reactiveVaultSessionManager' defined in class path resource [org/springframework/cloud/vault/config/VaultReactiveBootstrapConfiguration.class]: Bean instantiation via factory method failed; nested exception is org.springframework.beans.BeanInstantiationException: Failed to instantiate [org.springframework.vault.authentication.ReactiveSessionManager]: Factory method 'reactiveVaultSessionManager' threw exception; nested exception is org.springframework.beans.factory.BeanCreationException: Error creating bean with name 'vaultTokenSupplier' defined in class path resource [org/springframework/cloud/vault/config/VaultReactiveBootstrapConfiguration.class]: Bean instantiation via factory method failed; nested exception is org.springframework.beans.BeanInstantiationException: Failed to instantiate [org.springframework.vault.authentication.VaultTokenSupplier]: Factory method 'vaultTokenSupplier' threw exception; nested exception is org.springframework.beans.factory.BeanCreationException: Error creating bean with name 'clientAuthentication' defined in class path resource [org/springframework/cloud/vault/config/VaultBootstrapConfiguration.class]: Bean instantiation via factory method failed; nested exception is org.springframework.beans.BeanInstantiationException: Failed to instantiate [org.springframework.vault.authentication.ClientAuthentication]: Factory method 'clientAuthentication' threw exception; nested exception is java.lang.IllegalArgumentException: Token (spring.cloud.vault.token) must not be empty
2019-06-25 12:40:06.443  INFO 18046 --- [           main] ConditionEvaluationReportLoggingListener : 

Error starting ApplicationContext. To display the conditions report re-run your application with 'debug' enabled.
2019-06-25 12:40:06.457 ERROR 18046 --- [           main] o.s.boot.SpringApplication               : Application run failed

org.springframework.beans.factory.UnsatisfiedDependencyException: Error creating bean with name 'reactiveVaultTemplate' defined in class path resource [org/springframework/cloud/vault/config/VaultReactiveBootstrapConfiguration.class]: Unsatisfied dependency expressed through method 'reactiveVaultTemplate' parameter 0; nested exception is org.springframework.beans.factory.BeanCreationException: Error creating bean with name 'reactiveVaultSessionManager' defined in class path resource [org/springframework/cloud/vault/config/VaultReactiveBootstrapConfiguration.class]: Bean instantiation via factory method failed; nested exception is org.springframework.beans.BeanInstantiationException: Failed to instantiate [org.springframework.vault.authentication.ReactiveSessionManager]: Factory method 'reactiveVaultSessionManager' threw exception; nested exception is org.springframework.beans.factory.BeanCreationException: Error creating bean with name 'vaultTokenSupplier' defined in class path resource [org/springframework/cloud/vault/config/VaultReactiveBootstrapConfiguration.class]: Bean instantiation via factory method failed; nested exception is org.springframework.beans.BeanInstantiationException: Failed to instantiate [org.springframework.vault.authentication.VaultTokenSupplier]: Factory method 'vaultTokenSupplier' threw exception; nested exception is org.springframework.beans.factory.BeanCreationException: Error creating bean with name 'clientAuthentication' defined in class path resource [org/springframework/cloud/vault/config/VaultBootstrapConfiguration.class]: Bean instantiation via factory method failed; nested exception is org.springframework.beans.BeanInstantiationException: Failed to instantiate [org.springframework.vault.authentication.ClientAuthentication]: Factory method 'clientAuthentication' threw exception; nested exception is java.lang.IllegalArgumentException: Token (spring.cloud.vault.token) must not be empty
	at org.springframework.beans.factory.support.ConstructorResolver.createArgumentArray(ConstructorResolver.java:769) ~[spring-beans-5.1.8.RELEASE.jar:5.1.8.RELEASE]
	at org.springframework.beans.factory.support.ConstructorResolver.instantiateUsingFactoryMethod(ConstructorResolver.java:509) ~[spring-beans-5.1.8.RELEASE.jar:5.1.8.RELEASE]
	at org.springframework.beans.factory.support.AbstractAutowireCapableBeanFactory.instantiateUsingFactoryMethod(AbstractAutowireCapableBeanFactory.java:1321) ~[spring-beans-5.1.8.RELEASE.jar:5.1.8.RELEASE]
	at org.springframework.beans.factory.support.AbstractAutowireCapableBeanFactory.createBeanInstance(AbstractAutowireCapableBeanFactory.java:1160) ~[spring-beans-5.1.8.RELEASE.jar:5.1.8.RELEASE]
	at org.springframework.beans.factory.support.AbstractAutowireCapableBeanFactory.doCreateBean(AbstractAutowireCapableBeanFactory.java:555) ~[spring-beans-5.1.8.RELEASE.jar:5.1.8.RELEASE]
	at org.springframework.beans.factory.support.AbstractAutowireCapableBeanFactory.createBean(AbstractAutowireCapableBeanFactory.java:515) ~[spring-beans-5.1.8.RELEASE.jar:5.1.8.RELEASE]
	at org.springframework.beans.factory.support.AbstractBeanFactory.lambda$doGetBean$0(AbstractBeanFactory.java:320) ~[spring-beans-5.1.8.RELEASE.jar:5.1.8.RELEASE]
	at org.springframework.beans.factory.support.DefaultSingletonBeanRegistry.getSingleton(DefaultSingletonBeanRegistry.java:222) ~[spring-beans-5.1.8.RELEASE.jar:5.1.8.RELEASE]
	at org.springframework.beans.factory.support.AbstractBeanFactory.doGetBean(AbstractBeanFactory.java:318) ~[spring-beans-5.1.8.RELEASE.jar:5.1.8.RELEASE]
	at org.springframework.beans.factory.support.AbstractBeanFactory.getBean(AbstractBeanFactory.java:199) ~[spring-beans-5.1.8.RELEASE.jar:5.1.8.RELEASE]
	at org.springframework.beans.factory.support.DefaultListableBeanFactory.preInstantiateSingletons(DefaultListableBeanFactory.java:845) ~[spring-beans-5.1.8.RELEASE.jar:5.1.8.RELEASE]
	at org.springframework.context.support.AbstractApplicationContext.finishBeanFactoryInitialization(AbstractApplicationContext.java:877) ~[spring-context-5.1.8.RELEASE.jar:5.1.8.RELEASE]
	at org.springframework.context.support.AbstractApplicationContext.refresh(AbstractApplicationContext.java:549) ~[spring-context-5.1.8.RELEASE.jar:5.1.8.RELEASE]
	at org.springframework.boot.SpringApplication.refresh(SpringApplication.java:742) ~[spring-boot-2.1.6.RELEASE.jar:2.1.6.RELEASE]
	at org.springframework.boot.SpringApplication.refreshContext(SpringApplication.java:389) ~[spring-boot-2.1.6.RELEASE.jar:2.1.6.RELEASE]
	at org.springframework.boot.SpringApplication.run(SpringApplication.java:311) ~[spring-boot-2.1.6.RELEASE.jar:2.1.6.RELEASE]
	at org.springframework.boot.builder.SpringApplicationBuilder.run(SpringApplicationBuilder.java:139) ~[spring-boot-2.1.6.RELEASE.jar:2.1.6.RELEASE]
	at org.springframework.cloud.bootstrap.BootstrapApplicationListener.bootstrapServiceContext(BootstrapApplicationListener.java:203) ~[spring-cloud-context-2.1.1.RELEASE.jar:2.1.1.RELEASE]
	at org.springframework.cloud.bootstrap.BootstrapApplicationListener.onApplicationEvent(BootstrapApplicationListener.java:114) ~[spring-cloud-context-2.1.1.RELEASE.jar:2.1.1.RELEASE]
	at org.springframework.cloud.bootstrap.BootstrapApplicationListener.onApplicationEvent(BootstrapApplicationListener.java:71) ~[spring-cloud-context-2.1.1.RELEASE.jar:2.1.1.RELEASE]
	at org.springframework.context.event.SimpleApplicationEventMulticaster.doInvokeListener(SimpleApplicationEventMulticaster.java:172) ~[spring-context-5.1.8.RELEASE.jar:5.1.8.RELEASE]
	at org.springframework.context.event.SimpleApplicationEventMulticaster.invokeListener(SimpleApplicationEventMulticaster.java:165) ~[spring-context-5.1.8.RELEASE.jar:5.1.8.RELEASE]
	at org.springframework.context.event.SimpleApplicationEventMulticaster.multicastEvent(SimpleApplicationEventMulticaster.java:139) ~[spring-context-5.1.8.RELEASE.jar:5.1.8.RELEASE]
	at org.springframework.context.event.SimpleApplicationEventMulticaster.multicastEvent(SimpleApplicationEventMulticaster.java:127) ~[spring-context-5.1.8.RELEASE.jar:5.1.8.RELEASE]
	at org.springframework.boot.context.event.EventPublishingRunListener.environmentPrepared(EventPublishingRunListener.java:75) ~[spring-boot-2.1.6.RELEASE.jar:2.1.6.RELEASE]
	at org.springframework.boot.SpringApplicationRunListeners.environmentPrepared(SpringApplicationRunListeners.java:53) ~[spring-boot-2.1.6.RELEASE.jar:2.1.6.RELEASE]
	at org.springframework.boot.SpringApplication.prepareEnvironment(SpringApplication.java:340) ~[spring-boot-2.1.6.RELEASE.jar:2.1.6.RELEASE]
	at org.springframework.boot.SpringApplication.run(SpringApplication.java:304) ~[spring-boot-2.1.6.RELEASE.jar:2.1.6.RELEASE]
	at org.springframework.boot.test.context.SpringBootContextLoader.loadContext(SpringBootContextLoader.java:119) ~[spring-boot-test-2.1.6.RELEASE.jar:2.1.6.RELEASE]
	at org.springframework.test.context.cache.DefaultCacheAwareContextLoaderDelegate.loadContextInternal(DefaultCacheAwareContextLoaderDelegate.java:99) ~[spring-test-5.1.8.RELEASE.jar:5.1.8.RELEASE]
	at org.springframework.test.context.cache.DefaultCacheAwareContextLoaderDelegate.loadContext(DefaultCacheAwareContextLoaderDelegate.java:117) ~[spring-test-5.1.8.RELEASE.jar:5.1.8.RELEASE]
	at org.springframework.test.context.support.DefaultTestContext.getApplicationContext(DefaultTestContext.java:108) ~[spring-test-5.1.8.RELEASE.jar:5.1.8.RELEASE]
	at org.springframework.test.context.web.ServletTestExecutionListener.setUpRequestContextIfNecessary(ServletTestExecutionListener.java:190) ~[spring-test-5.1.8.RELEASE.jar:5.1.8.RELEASE]
	at org.springframework.test.context.web.ServletTestExecutionListener.prepareTestInstance(ServletTestExecutionListener.java:132) ~[spring-test-5.1.8.RELEASE.jar:5.1.8.RELEASE]
	at org.springframework.test.context.TestContextManager.prepareTestInstance(TestContextManager.java:246) ~[spring-test-5.1.8.RELEASE.jar:5.1.8.RELEASE]
	at org.springframework.test.context.junit4.SpringJUnit4ClassRunner.createTest(SpringJUnit4ClassRunner.java:227) ~[spring-test-5.1.8.RELEASE.jar:5.1.8.RELEASE]
	at org.springframework.test.context.junit4.SpringJUnit4ClassRunner$1.runReflectiveCall(SpringJUnit4ClassRunner.java:289) ~[spring-test-5.1.8.RELEASE.jar:5.1.8.RELEASE]
	at org.junit.internal.runners.model.ReflectiveCallable.run(ReflectiveCallable.java:12) ~[junit-4.12.jar:4.12]
	at org.springframework.test.context.junit4.SpringJUnit4ClassRunner.methodBlock(SpringJUnit4ClassRunner.java:291) ~[spring-test-5.1.8.RELEASE.jar:5.1.8.RELEASE]
	at org.springframework.test.context.junit4.SpringJUnit4ClassRunner.runChild(SpringJUnit4ClassRunner.java:246) ~[spring-test-5.1.8.RELEASE.jar:5.1.8.RELEASE]
	at org.springframework.test.context.junit4.SpringJUnit4ClassRunner.runChild(SpringJUnit4ClassRunner.java:97) ~[spring-test-5.1.8.RELEASE.jar:5.1.8.RELEASE]
	at org.junit.runners.ParentRunner$3.run(ParentRunner.java:290) ~[junit-4.12.jar:4.12]
	at org.junit.runners.ParentRunner$1.schedule(ParentRunner.java:71) ~[junit-4.12.jar:4.12]
	at org.junit.runners.ParentRunner.runChildren(ParentRunner.java:288) ~[junit-4.12.jar:4.12]
	at org.junit.runners.ParentRunner.access$000(ParentRunner.java:58) ~[junit-4.12.jar:4.12]
	at org.junit.runners.ParentRunner$2.evaluate(ParentRunner.java:268) ~[junit-4.12.jar:4.12]
	at org.springframework.test.context.junit4.statements.RunBeforeTestClassCallbacks.evaluate(RunBeforeTestClassCallbacks.java:61) ~[spring-test-5.1.8.RELEASE.jar:5.1.8.RELEASE]
	at org.springframework.test.context.junit4.statements.RunAfterTestClassCallbacks.evaluate(RunAfterTestClassCallbacks.java:70) ~[spring-test-5.1.8.RELEASE.jar:5.1.8.RELEASE]
	at org.junit.runners.ParentRunner.run(ParentRunner.java:363) ~[junit-4.12.jar:4.12]
	at org.springframework.test.context.junit4.SpringJUnit4ClassRunner.run(SpringJUnit4ClassRunner.java:190) ~[spring-test-5.1.8.RELEASE.jar:5.1.8.RELEASE]
	at org.apache.maven.surefire.junit4.JUnit4Provider.execute(JUnit4Provider.java:365) ~[surefire-junit4-2.22.2.jar:2.22.2]
	at org.apache.maven.surefire.junit4.JUnit4Provider.executeWithRerun(JUnit4Provider.java:273) ~[surefire-junit4-2.22.2.jar:2.22.2]
	at org.apache.maven.surefire.junit4.JUnit4Provider.executeTestSet(JUnit4Provider.java:238) ~[surefire-junit4-2.22.2.jar:2.22.2]
	at org.apache.maven.surefire.junit4.JUnit4Provider.invoke(JUnit4Provider.java:159) ~[surefire-junit4-2.22.2.jar:2.22.2]
	at org.apache.maven.surefire.booter.ForkedBooter.invokeProviderInSameClassLoader(ForkedBooter.java:384) ~[surefire-booter-2.22.2.jar:2.22.2]
	at org.apache.maven.surefire.booter.ForkedBooter.runSuitesInProcess(ForkedBooter.java:345) ~[surefire-booter-2.22.2.jar:2.22.2]
	at org.apache.maven.surefire.booter.ForkedBooter.execute(ForkedBooter.java:126) ~[surefire-booter-2.22.2.jar:2.22.2]
	at org.apache.maven.surefire.booter.ForkedBooter.main(ForkedBooter.java:418) ~[surefire-booter-2.22.2.jar:2.22.2]
Caused by: org.springframework.beans.factory.BeanCreationException: Error creating bean with name 'reactiveVaultSessionManager' defined in class path resource [org/springframework/cloud/vault/config/VaultReactiveBootstrapConfiguration.class]: Bean instantiation via factory method failed; nested exception is org.springframework.beans.BeanInstantiationException: Failed to instantiate [org.springframework.vault.authentication.ReactiveSessionManager]: Factory method 'reactiveVaultSessionManager' threw exception; nested exception is org.springframework.beans.factory.BeanCreationException: Error creating bean with name 'vaultTokenSupplier' defined in class path resource [org/springframework/cloud/vault/config/VaultReactiveBootstrapConfiguration.class]: Bean instantiation via factory method failed; nested exception is org.springframework.beans.BeanInstantiationException: Failed to instantiate [org.springframework.vault.authentication.VaultTokenSupplier]: Factory method 'vaultTokenSupplier' threw exception; nested exception is org.springframework.beans.factory.BeanCreationException: Error creating bean with name 'clientAuthentication' defined in class path resource [org/springframework/cloud/vault/config/VaultBootstrapConfiguration.class]: Bean instantiation via factory method failed; nested exception is org.springframework.beans.BeanInstantiationException: Failed to instantiate [org.springframework.vault.authentication.ClientAuthentication]: Factory method 'clientAuthentication' threw exception; nested exception is java.lang.IllegalArgumentException: Token (spring.cloud.vault.token) must not be empty
	at org.springframework.beans.factory.support.ConstructorResolver.instantiate(ConstructorResolver.java:627) ~[spring-beans-5.1.8.RELEASE.jar:5.1.8.RELEASE]
	at org.springframework.beans.factory.support.ConstructorResolver.instantiateUsingFactoryMethod(ConstructorResolver.java:607) ~[spring-beans-5.1.8.RELEASE.jar:5.1.8.RELEASE]
	at org.springframework.beans.factory.support.AbstractAutowireCapableBeanFactory.instantiateUsingFactoryMethod(AbstractAutowireCapableBeanFactory.java:1321) ~[spring-beans-5.1.8.RELEASE.jar:5.1.8.RELEASE]
	at org.springframework.beans.factory.support.AbstractAutowireCapableBeanFactory.createBeanInstance(AbstractAutowireCapableBeanFactory.java:1160) ~[spring-beans-5.1.8.RELEASE.jar:5.1.8.RELEASE]
	at org.springframework.beans.factory.support.AbstractAutowireCapableBeanFactory.doCreateBean(AbstractAutowireCapableBeanFactory.java:555) ~[spring-beans-5.1.8.RELEASE.jar:5.1.8.RELEASE]
	at org.springframework.beans.factory.support.AbstractAutowireCapableBeanFactory.createBean(AbstractAutowireCapableBeanFactory.java:515) ~[spring-beans-5.1.8.RELEASE.jar:5.1.8.RELEASE]
	at org.springframework.beans.factory.support.AbstractBeanFactory.lambda$doGetBean$0(AbstractBeanFactory.java:320) ~[spring-beans-5.1.8.RELEASE.jar:5.1.8.RELEASE]
	at org.springframework.beans.factory.support.DefaultSingletonBeanRegistry.getSingleton(DefaultSingletonBeanRegistry.java:222) ~[spring-beans-5.1.8.RELEASE.jar:5.1.8.RELEASE]
	at org.springframework.beans.factory.support.AbstractBeanFactory.doGetBean(AbstractBeanFactory.java:318) ~[spring-beans-5.1.8.RELEASE.jar:5.1.8.RELEASE]
	at org.springframework.beans.factory.support.AbstractBeanFactory.getBean(AbstractBeanFactory.java:199) ~[spring-beans-5.1.8.RELEASE.jar:5.1.8.RELEASE]
	at org.springframework.beans.factory.config.DependencyDescriptor.resolveCandidate(DependencyDescriptor.java:277) ~[spring-beans-5.1.8.RELEASE.jar:5.1.8.RELEASE]
	at org.springframework.beans.factory.support.DefaultListableBeanFactory.doResolveDependency(DefaultListableBeanFactory.java:1251) ~[spring-beans-5.1.8.RELEASE.jar:5.1.8.RELEASE]
	at org.springframework.beans.factory.support.DefaultListableBeanFactory.resolveDependency(DefaultListableBeanFactory.java:1171) ~[spring-beans-5.1.8.RELEASE.jar:5.1.8.RELEASE]
	at org.springframework.beans.factory.support.ConstructorResolver.resolveAutowiredArgument(ConstructorResolver.java:857) ~[spring-beans-5.1.8.RELEASE.jar:5.1.8.RELEASE]
	at org.springframework.beans.factory.support.ConstructorResolver.createArgumentArray(ConstructorResolver.java:760) ~[spring-beans-5.1.8.RELEASE.jar:5.1.8.RELEASE]
	... 57 common frames omitted
Caused by: org.springframework.beans.BeanInstantiationException: Failed to instantiate [org.springframework.vault.authentication.ReactiveSessionManager]: Factory method 'reactiveVaultSessionManager' threw exception; nested exception is org.springframework.beans.factory.BeanCreationException: Error creating bean with name 'vaultTokenSupplier' defined in class path resource [org/springframework/cloud/vault/config/VaultReactiveBootstrapConfiguration.class]: Bean instantiation via factory method failed; nested exception is org.springframework.beans.BeanInstantiationException: Failed to instantiate [org.springframework.vault.authentication.VaultTokenSupplier]: Factory method 'vaultTokenSupplier' threw exception; nested exception is org.springframework.beans.factory.BeanCreationException: Error creating bean with name 'clientAuthentication' defined in class path resource [org/springframework/cloud/vault/config/VaultBootstrapConfiguration.class]: Bean instantiation via factory method failed; nested exception is org.springframework.beans.BeanInstantiationException: Failed to instantiate [org.springframework.vault.authentication.ClientAuthentication]: Factory method 'clientAuthentication' threw exception; nested exception is java.lang.IllegalArgumentException: Token (spring.cloud.vault.token) must not be empty
	at org.springframework.beans.factory.support.SimpleInstantiationStrategy.instantiate(SimpleInstantiationStrategy.java:185) ~[spring-beans-5.1.8.RELEASE.jar:5.1.8.RELEASE]
	at org.springframework.beans.factory.support.ConstructorResolver.instantiate(ConstructorResolver.java:622) ~[spring-beans-5.1.8.RELEASE.jar:5.1.8.RELEASE]
	... 71 common frames omitted
Caused by: org.springframework.beans.factory.BeanCreationException: Error creating bean with name 'vaultTokenSupplier' defined in class path resource [org/springframework/cloud/vault/config/VaultReactiveBootstrapConfiguration.class]: Bean instantiation via factory method failed; nested exception is org.springframework.beans.BeanInstantiationException: Failed to instantiate [org.springframework.vault.authentication.VaultTokenSupplier]: Factory method 'vaultTokenSupplier' threw exception; nested exception is org.springframework.beans.factory.BeanCreationException: Error creating bean with name 'clientAuthentication' defined in class path resource [org/springframework/cloud/vault/config/VaultBootstrapConfiguration.class]: Bean instantiation via factory method failed; nested exception is org.springframework.beans.BeanInstantiationException: Failed to instantiate [org.springframework.vault.authentication.ClientAuthentication]: Factory method 'clientAuthentication' threw exception; nested exception is java.lang.IllegalArgumentException: Token (spring.cloud.vault.token) must not be empty
	at org.springframework.beans.factory.support.ConstructorResolver.instantiate(ConstructorResolver.java:627) ~[spring-beans-5.1.8.RELEASE.jar:5.1.8.RELEASE]
	at org.springframework.beans.factory.support.ConstructorResolver.instantiateUsingFactoryMethod(ConstructorResolver.java:607) ~[spring-beans-5.1.8.RELEASE.jar:5.1.8.RELEASE]
	at org.springframework.beans.factory.support.AbstractAutowireCapableBeanFactory.instantiateUsingFactoryMethod(AbstractAutowireCapableBeanFactory.java:1321) ~[spring-beans-5.1.8.RELEASE.jar:5.1.8.RELEASE]
	at org.springframework.beans.factory.support.AbstractAutowireCapableBeanFactory.createBeanInstance(AbstractAutowireCapableBeanFactory.java:1160) ~[spring-beans-5.1.8.RELEASE.jar:5.1.8.RELEASE]
	at org.springframework.beans.factory.support.AbstractAutowireCapableBeanFactory.doCreateBean(AbstractAutowireCapableBeanFactory.java:555) ~[spring-beans-5.1.8.RELEASE.jar:5.1.8.RELEASE]
	at org.springframework.beans.factory.support.AbstractAutowireCapableBeanFactory.createBean(AbstractAutowireCapableBeanFactory.java:515) ~[spring-beans-5.1.8.RELEASE.jar:5.1.8.RELEASE]
	at org.springframework.beans.factory.support.AbstractBeanFactory.lambda$doGetBean$0(AbstractBeanFactory.java:320) ~[spring-beans-5.1.8.RELEASE.jar:5.1.8.RELEASE]
	at org.springframework.beans.factory.support.DefaultSingletonBeanRegistry.getSingleton(DefaultSingletonBeanRegistry.java:222) ~[spring-beans-5.1.8.RELEASE.jar:5.1.8.RELEASE]
	at org.springframework.beans.factory.support.AbstractBeanFactory.doGetBean(AbstractBeanFactory.java:318) ~[spring-beans-5.1.8.RELEASE.jar:5.1.8.RELEASE]
	at org.springframework.beans.factory.support.AbstractBeanFactory.getBean(AbstractBeanFactory.java:204) ~[spring-beans-5.1.8.RELEASE.jar:5.1.8.RELEASE]
	at org.springframework.cloud.vault.config.VaultReactiveBootstrapConfiguration.reactiveVaultSessionManager(VaultReactiveBootstrapConfiguration.java:138) ~[spring-cloud-vault-config-2.1.1.RELEASE.jar:2.1.1.RELEASE]
	at org.springframework.cloud.vault.config.VaultReactiveBootstrapConfiguration$$EnhancerBySpringCGLIB$$60d916fc.CGLIB$reactiveVaultSessionManager$1(<generated>) ~[spring-cloud-vault-config-2.1.1.RELEASE.jar:2.1.1.RELEASE]
	at org.springframework.cloud.vault.config.VaultReactiveBootstrapConfiguration$$EnhancerBySpringCGLIB$$60d916fc$$FastClassBySpringCGLIB$$ddb18fa7.invoke(<generated>) ~[spring-cloud-vault-config-2.1.1.RELEASE.jar:2.1.1.RELEASE]
	at org.springframework.cglib.proxy.MethodProxy.invokeSuper(MethodProxy.java:244) ~[spring-core-5.1.8.RELEASE.jar:5.1.8.RELEASE]
	at org.springframework.context.annotation.ConfigurationClassEnhancer$BeanMethodInterceptor.intercept(ConfigurationClassEnhancer.java:363) ~[spring-context-5.1.8.RELEASE.jar:5.1.8.RELEASE]
	at org.springframework.cloud.vault.config.VaultReactiveBootstrapConfiguration$$EnhancerBySpringCGLIB$$60d916fc.reactiveVaultSessionManager(<generated>) ~[spring-cloud-vault-config-2.1.1.RELEASE.jar:2.1.1.RELEASE]
	at java.base/jdk.internal.reflect.NativeMethodAccessorImpl.invoke0(Native Method) ~[na:na]
	at java.base/jdk.internal.reflect.NativeMethodAccessorImpl.invoke(NativeMethodAccessorImpl.java:62) ~[na:na]
	at java.base/jdk.internal.reflect.DelegatingMethodAccessorImpl.invoke(DelegatingMethodAccessorImpl.java:43) ~[na:na]
	at java.base/java.lang.reflect.Method.invoke(Method.java:566) ~[na:na]
	at org.springframework.beans.factory.support.SimpleInstantiationStrategy.instantiate(SimpleInstantiationStrategy.java:154) ~[spring-beans-5.1.8.RELEASE.jar:5.1.8.RELEASE]
	... 72 common frames omitted
Caused by: org.springframework.beans.BeanInstantiationException: Failed to instantiate [org.springframework.vault.authentication.VaultTokenSupplier]: Factory method 'vaultTokenSupplier' threw exception; nested exception is org.springframework.beans.factory.BeanCreationException: Error creating bean with name 'clientAuthentication' defined in class path resource [org/springframework/cloud/vault/config/VaultBootstrapConfiguration.class]: Bean instantiation via factory method failed; nested exception is org.springframework.beans.BeanInstantiationException: Failed to instantiate [org.springframework.vault.authentication.ClientAuthentication]: Factory method 'clientAuthentication' threw exception; nested exception is java.lang.IllegalArgumentException: Token (spring.cloud.vault.token) must not be empty
	at org.springframework.beans.factory.support.SimpleInstantiationStrategy.instantiate(SimpleInstantiationStrategy.java:185) ~[spring-beans-5.1.8.RELEASE.jar:5.1.8.RELEASE]
	at org.springframework.beans.factory.support.ConstructorResolver.instantiate(ConstructorResolver.java:622) ~[spring-beans-5.1.8.RELEASE.jar:5.1.8.RELEASE]
	... 92 common frames omitted
Caused by: org.springframework.beans.factory.BeanCreationException: Error creating bean with name 'clientAuthentication' defined in class path resource [org/springframework/cloud/vault/config/VaultBootstrapConfiguration.class]: Bean instantiation via factory method failed; nested exception is org.springframework.beans.BeanInstantiationException: Failed to instantiate [org.springframework.vault.authentication.ClientAuthentication]: Factory method 'clientAuthentication' threw exception; nested exception is java.lang.IllegalArgumentException: Token (spring.cloud.vault.token) must not be empty
	at org.springframework.beans.factory.support.ConstructorResolver.instantiate(ConstructorResolver.java:627) ~[spring-beans-5.1.8.RELEASE.jar:5.1.8.RELEASE]
	at org.springframework.beans.factory.support.ConstructorResolver.instantiateUsingFactoryMethod(ConstructorResolver.java:456) ~[spring-beans-5.1.8.RELEASE.jar:5.1.8.RELEASE]
	at org.springframework.beans.factory.support.AbstractAutowireCapableBeanFactory.instantiateUsingFactoryMethod(AbstractAutowireCapableBeanFactory.java:1321) ~[spring-beans-5.1.8.RELEASE.jar:5.1.8.RELEASE]
	at org.springframework.beans.factory.support.AbstractAutowireCapableBeanFactory.createBeanInstance(AbstractAutowireCapableBeanFactory.java:1160) ~[spring-beans-5.1.8.RELEASE.jar:5.1.8.RELEASE]
	at org.springframework.beans.factory.support.AbstractAutowireCapableBeanFactory.doCreateBean(AbstractAutowireCapableBeanFactory.java:555) ~[spring-beans-5.1.8.RELEASE.jar:5.1.8.RELEASE]
	at org.springframework.beans.factory.support.AbstractAutowireCapableBeanFactory.createBean(AbstractAutowireCapableBeanFactory.java:515) ~[spring-beans-5.1.8.RELEASE.jar:5.1.8.RELEASE]
	at org.springframework.beans.factory.support.AbstractBeanFactory.lambda$doGetBean$0(AbstractBeanFactory.java:320) ~[spring-beans-5.1.8.RELEASE.jar:5.1.8.RELEASE]
	at org.springframework.beans.factory.support.DefaultSingletonBeanRegistry.getSingleton(DefaultSingletonBeanRegistry.java:222) ~[spring-beans-5.1.8.RELEASE.jar:5.1.8.RELEASE]
	at org.springframework.beans.factory.support.AbstractBeanFactory.doGetBean(AbstractBeanFactory.java:318) ~[spring-beans-5.1.8.RELEASE.jar:5.1.8.RELEASE]
	at org.springframework.beans.factory.support.AbstractBeanFactory.getBean(AbstractBeanFactory.java:224) ~[spring-beans-5.1.8.RELEASE.jar:5.1.8.RELEASE]
	at org.springframework.beans.factory.support.DefaultListableBeanFactory.resolveNamedBean(DefaultListableBeanFactory.java:1119) ~[spring-beans-5.1.8.RELEASE.jar:5.1.8.RELEASE]
	at org.springframework.beans.factory.support.DefaultListableBeanFactory.resolveBean(DefaultListableBeanFactory.java:411) ~[spring-beans-5.1.8.RELEASE.jar:5.1.8.RELEASE]
	at org.springframework.beans.factory.support.DefaultListableBeanFactory.getBean(DefaultListableBeanFactory.java:344) ~[spring-beans-5.1.8.RELEASE.jar:5.1.8.RELEASE]
	at org.springframework.beans.factory.support.DefaultListableBeanFactory.getBean(DefaultListableBeanFactory.java:337) ~[spring-beans-5.1.8.RELEASE.jar:5.1.8.RELEASE]
	at org.springframework.cloud.vault.config.VaultReactiveBootstrapConfiguration.vaultTokenSupplier(VaultReactiveBootstrapConfiguration.java:191) ~[spring-cloud-vault-config-2.1.1.RELEASE.jar:2.1.1.RELEASE]
	at org.springframework.cloud.vault.config.VaultReactiveBootstrapConfiguration$$EnhancerBySpringCGLIB$$60d916fc.CGLIB$vaultTokenSupplier$2(<generated>) ~[spring-cloud-vault-config-2.1.1.RELEASE.jar:2.1.1.RELEASE]
	at org.springframework.cloud.vault.config.VaultReactiveBootstrapConfiguration$$EnhancerBySpringCGLIB$$60d916fc$$FastClassBySpringCGLIB$$ddb18fa7.invoke(<generated>) ~[spring-cloud-vault-config-2.1.1.RELEASE.jar:2.1.1.RELEASE]
	at org.springframework.cglib.proxy.MethodProxy.invokeSuper(MethodProxy.java:244) ~[spring-core-5.1.8.RELEASE.jar:5.1.8.RELEASE]
	at org.springframework.context.annotation.ConfigurationClassEnhancer$BeanMethodInterceptor.intercept(ConfigurationClassEnhancer.java:363) ~[spring-context-5.1.8.RELEASE.jar:5.1.8.RELEASE]
	at org.springframework.cloud.vault.config.VaultReactiveBootstrapConfiguration$$EnhancerBySpringCGLIB$$60d916fc.vaultTokenSupplier(<generated>) ~[spring-cloud-vault-config-2.1.1.RELEASE.jar:2.1.1.RELEASE]
	at java.base/jdk.internal.reflect.NativeMethodAccessorImpl.invoke0(Native Method) ~[na:na]
	at java.base/jdk.internal.reflect.NativeMethodAccessorImpl.invoke(NativeMethodAccessorImpl.java:62) ~[na:na]
	at java.base/jdk.internal.reflect.DelegatingMethodAccessorImpl.invoke(DelegatingMethodAccessorImpl.java:43) ~[na:na]
	at java.base/java.lang.reflect.Method.invoke(Method.java:566) ~[na:na]
	at org.springframework.beans.factory.support.SimpleInstantiationStrategy.instantiate(SimpleInstantiationStrategy.java:154) ~[spring-beans-5.1.8.RELEASE.jar:5.1.8.RELEASE]
	... 93 common frames omitted
Caused by: org.springframework.beans.BeanInstantiationException: Failed to instantiate [org.springframework.vault.authentication.ClientAuthentication]: Factory method 'clientAuthentication' threw exception; nested exception is java.lang.IllegalArgumentException: Token (spring.cloud.vault.token) must not be empty
	at org.springframework.beans.factory.support.SimpleInstantiationStrategy.instantiate(SimpleInstantiationStrategy.java:185) ~[spring-beans-5.1.8.RELEASE.jar:5.1.8.RELEASE]
	at org.springframework.beans.factory.support.ConstructorResolver.instantiate(ConstructorResolver.java:622) ~[spring-beans-5.1.8.RELEASE.jar:5.1.8.RELEASE]
	... 117 common frames omitted
Caused by: java.lang.IllegalArgumentException: Token (spring.cloud.vault.token) must not be empty
	at org.springframework.util.Assert.hasText(Assert.java:284) ~[spring-core-5.1.8.RELEASE.jar:5.1.8.RELEASE]
	at org.springframework.cloud.vault.config.ClientAuthenticationFactory.createClientAuthentication(ClientAuthenticationFactory.java:194) ~[spring-cloud-vault-config-2.1.1.RELEASE.jar:2.1.1.RELEASE]
	at org.springframework.cloud.vault.config.VaultBootstrapConfiguration.clientAuthentication(VaultBootstrapConfiguration.java:208) ~[spring-cloud-vault-config-2.1.1.RELEASE.jar:2.1.1.RELEASE]
	at org.springframework.cloud.vault.config.VaultBootstrapConfiguration$$EnhancerBySpringCGLIB$$7fed0c83.CGLIB$clientAuthentication$2(<generated>) ~[spring-cloud-vault-config-2.1.1.RELEASE.jar:2.1.1.RELEASE]
	at org.springframework.cloud.vault.config.VaultBootstrapConfiguration$$EnhancerBySpringCGLIB$$7fed0c83$$FastClassBySpringCGLIB$$a2cb5b8b.invoke(<generated>) ~[spring-cloud-vault-config-2.1.1.RELEASE.jar:2.1.1.RELEASE]
	at org.springframework.cglib.proxy.MethodProxy.invokeSuper(MethodProxy.java:244) ~[spring-core-5.1.8.RELEASE.jar:5.1.8.RELEASE]
	at org.springframework.context.annotation.ConfigurationClassEnhancer$BeanMethodInterceptor.intercept(ConfigurationClassEnhancer.java:363) ~[spring-context-5.1.8.RELEASE.jar:5.1.8.RELEASE]
	at org.springframework.cloud.vault.config.VaultBootstrapConfiguration$$EnhancerBySpringCGLIB$$7fed0c83.clientAuthentication(<generated>) ~[spring-cloud-vault-config-2.1.1.RELEASE.jar:2.1.1.RELEASE]
	at java.base/jdk.internal.reflect.NativeMethodAccessorImpl.invoke0(Native Method) ~[na:na]
	at java.base/jdk.internal.reflect.NativeMethodAccessorImpl.invoke(NativeMethodAccessorImpl.java:62) ~[na:na]
	at java.base/jdk.internal.reflect.DelegatingMethodAccessorImpl.invoke(DelegatingMethodAccessorImpl.java:43) ~[na:na]
	at java.base/java.lang.reflect.Method.invoke(Method.java:566) ~[na:na]
	at org.springframework.beans.factory.support.SimpleInstantiationStrategy.instantiate(SimpleInstantiationStrategy.java:154) ~[spring-beans-5.1.8.RELEASE.jar:5.1.8.RELEASE]
	... 118 common frames omitted

2019-06-25 12:40:06.463 ERROR 18046 --- [           main] o.s.boot.SpringApplication               : Application run failed

org.springframework.beans.factory.UnsatisfiedDependencyException: Error creating bean with name 'reactiveVaultTemplate' defined in class path resource [org/springframework/cloud/vault/config/VaultReactiveBootstrapConfiguration.class]: Unsatisfied dependency expressed through method 'reactiveVaultTemplate' parameter 0; nested exception is org.springframework.beans.factory.BeanCreationException: Error creating bean with name 'reactiveVaultSessionManager' defined in class path resource [org/springframework/cloud/vault/config/VaultReactiveBootstrapConfiguration.class]: Bean instantiation via factory method failed; nested exception is org.springframework.beans.BeanInstantiationException: Failed to instantiate [org.springframework.vault.authentication.ReactiveSessionManager]: Factory method 'reactiveVaultSessionManager' threw exception; nested exception is org.springframework.beans.factory.BeanCreationException: Error creating bean with name 'vaultTokenSupplier' defined in class path resource [org/springframework/cloud/vault/config/VaultReactiveBootstrapConfiguration.class]: Bean instantiation via factory method failed; nested exception is org.springframework.beans.BeanInstantiationException: Failed to instantiate [org.springframework.vault.authentication.VaultTokenSupplier]: Factory method 'vaultTokenSupplier' threw exception; nested exception is org.springframework.beans.factory.BeanCreationException: Error creating bean with name 'clientAuthentication' defined in class path resource [org/springframework/cloud/vault/config/VaultBootstrapConfiguration.class]: Bean instantiation via factory method failed; nested exception is org.springframework.beans.BeanInstantiationException: Failed to instantiate [org.springframework.vault.authentication.ClientAuthentication]: Factory method 'clientAuthentication' threw exception; nested exception is java.lang.IllegalArgumentException: Token (spring.cloud.vault.token) must not be empty
	at org.springframework.beans.factory.support.ConstructorResolver.createArgumentArray(ConstructorResolver.java:769) ~[spring-beans-5.1.8.RELEASE.jar:5.1.8.RELEASE]
	at org.springframework.beans.factory.support.ConstructorResolver.instantiateUsingFactoryMethod(ConstructorResolver.java:509) ~[spring-beans-5.1.8.RELEASE.jar:5.1.8.RELEASE]
	at org.springframework.beans.factory.support.AbstractAutowireCapableBeanFactory.instantiateUsingFactoryMethod(AbstractAutowireCapableBeanFactory.java:1321) ~[spring-beans-5.1.8.RELEASE.jar:5.1.8.RELEASE]
	at org.springframework.beans.factory.support.AbstractAutowireCapableBeanFactory.createBeanInstance(AbstractAutowireCapableBeanFactory.java:1160) ~[spring-beans-5.1.8.RELEASE.jar:5.1.8.RELEASE]
	at org.springframework.beans.factory.support.AbstractAutowireCapableBeanFactory.doCreateBean(AbstractAutowireCapableBeanFactory.java:555) ~[spring-beans-5.1.8.RELEASE.jar:5.1.8.RELEASE]
	at org.springframework.beans.factory.support.AbstractAutowireCapableBeanFactory.createBean(AbstractAutowireCapableBeanFactory.java:515) ~[spring-beans-5.1.8.RELEASE.jar:5.1.8.RELEASE]
	at org.springframework.beans.factory.support.AbstractBeanFactory.lambda$doGetBean$0(AbstractBeanFactory.java:320) ~[spring-beans-5.1.8.RELEASE.jar:5.1.8.RELEASE]
	at org.springframework.beans.factory.support.DefaultSingletonBeanRegistry.getSingleton(DefaultSingletonBeanRegistry.java:222) ~[spring-beans-5.1.8.RELEASE.jar:5.1.8.RELEASE]
	at org.springframework.beans.factory.support.AbstractBeanFactory.doGetBean(AbstractBeanFactory.java:318) ~[spring-beans-5.1.8.RELEASE.jar:5.1.8.RELEASE]
	at org.springframework.beans.factory.support.AbstractBeanFactory.getBean(AbstractBeanFactory.java:199) ~[spring-beans-5.1.8.RELEASE.jar:5.1.8.RELEASE]
	at org.springframework.beans.factory.support.DefaultListableBeanFactory.preInstantiateSingletons(DefaultListableBeanFactory.java:845) ~[spring-beans-5.1.8.RELEASE.jar:5.1.8.RELEASE]
	at org.springframework.context.support.AbstractApplicationContext.finishBeanFactoryInitialization(AbstractApplicationContext.java:877) ~[spring-context-5.1.8.RELEASE.jar:5.1.8.RELEASE]
	at org.springframework.context.support.AbstractApplicationContext.refresh(AbstractApplicationContext.java:549) ~[spring-context-5.1.8.RELEASE.jar:5.1.8.RELEASE]
	at org.springframework.boot.SpringApplication.refresh(SpringApplication.java:742) ~[spring-boot-2.1.6.RELEASE.jar:2.1.6.RELEASE]
	at org.springframework.boot.SpringApplication.refreshContext(SpringApplication.java:389) ~[spring-boot-2.1.6.RELEASE.jar:2.1.6.RELEASE]
	at org.springframework.boot.SpringApplication.run(SpringApplication.java:311) ~[spring-boot-2.1.6.RELEASE.jar:2.1.6.RELEASE]
	at org.springframework.boot.builder.SpringApplicationBuilder.run(SpringApplicationBuilder.java:139) ~[spring-boot-2.1.6.RELEASE.jar:2.1.6.RELEASE]
	at org.springframework.cloud.bootstrap.BootstrapApplicationListener.bootstrapServiceContext(BootstrapApplicationListener.java:203) ~[spring-cloud-context-2.1.1.RELEASE.jar:2.1.1.RELEASE]
	at org.springframework.cloud.bootstrap.BootstrapApplicationListener.onApplicationEvent(BootstrapApplicationListener.java:114) ~[spring-cloud-context-2.1.1.RELEASE.jar:2.1.1.RELEASE]
	at org.springframework.cloud.bootstrap.BootstrapApplicationListener.onApplicationEvent(BootstrapApplicationListener.java:71) ~[spring-cloud-context-2.1.1.RELEASE.jar:2.1.1.RELEASE]
	at org.springframework.context.event.SimpleApplicationEventMulticaster.doInvokeListener(SimpleApplicationEventMulticaster.java:172) ~[spring-context-5.1.8.RELEASE.jar:5.1.8.RELEASE]
	at org.springframework.context.event.SimpleApplicationEventMulticaster.invokeListener(SimpleApplicationEventMulticaster.java:165) ~[spring-context-5.1.8.RELEASE.jar:5.1.8.RELEASE]
	at org.springframework.context.event.SimpleApplicationEventMulticaster.multicastEvent(SimpleApplicationEventMulticaster.java:139) ~[spring-context-5.1.8.RELEASE.jar:5.1.8.RELEASE]
	at org.springframework.context.event.SimpleApplicationEventMulticaster.multicastEvent(SimpleApplicationEventMulticaster.java:127) ~[spring-context-5.1.8.RELEASE.jar:5.1.8.RELEASE]
	at org.springframework.boot.context.event.EventPublishingRunListener.environmentPrepared(EventPublishingRunListener.java:75) ~[spring-boot-2.1.6.RELEASE.jar:2.1.6.RELEASE]
	at org.springframework.boot.SpringApplicationRunListeners.environmentPrepared(SpringApplicationRunListeners.java:53) ~[spring-boot-2.1.6.RELEASE.jar:2.1.6.RELEASE]
	at org.springframework.boot.SpringApplication.prepareEnvironment(SpringApplication.java:340) ~[spring-boot-2.1.6.RELEASE.jar:2.1.6.RELEASE]
	at org.springframework.boot.SpringApplication.run(SpringApplication.java:304) ~[spring-boot-2.1.6.RELEASE.jar:2.1.6.RELEASE]
	at org.springframework.boot.test.context.SpringBootContextLoader.loadContext(SpringBootContextLoader.java:119) ~[spring-boot-test-2.1.6.RELEASE.jar:2.1.6.RELEASE]
	at org.springframework.test.context.cache.DefaultCacheAwareContextLoaderDelegate.loadContextInternal(DefaultCacheAwareContextLoaderDelegate.java:99) ~[spring-test-5.1.8.RELEASE.jar:5.1.8.RELEASE]
	at org.springframework.test.context.cache.DefaultCacheAwareContextLoaderDelegate.loadContext(DefaultCacheAwareContextLoaderDelegate.java:117) ~[spring-test-5.1.8.RELEASE.jar:5.1.8.RELEASE]
	at org.springframework.test.context.support.DefaultTestContext.getApplicationContext(DefaultTestContext.java:108) ~[spring-test-5.1.8.RELEASE.jar:5.1.8.RELEASE]
	at org.springframework.test.context.web.ServletTestExecutionListener.setUpRequestContextIfNecessary(ServletTestExecutionListener.java:190) ~[spring-test-5.1.8.RELEASE.jar:5.1.8.RELEASE]
	at org.springframework.test.context.web.ServletTestExecutionListener.prepareTestInstance(ServletTestExecutionListener.java:132) ~[spring-test-5.1.8.RELEASE.jar:5.1.8.RELEASE]
	at org.springframework.test.context.TestContextManager.prepareTestInstance(TestContextManager.java:246) ~[spring-test-5.1.8.RELEASE.jar:5.1.8.RELEASE]
	at org.springframework.test.context.junit4.SpringJUnit4ClassRunner.createTest(SpringJUnit4ClassRunner.java:227) ~[spring-test-5.1.8.RELEASE.jar:5.1.8.RELEASE]
	at org.springframework.test.context.junit4.SpringJUnit4ClassRunner$1.runReflectiveCall(SpringJUnit4ClassRunner.java:289) ~[spring-test-5.1.8.RELEASE.jar:5.1.8.RELEASE]
	at org.junit.internal.runners.model.ReflectiveCallable.run(ReflectiveCallable.java:12) ~[junit-4.12.jar:4.12]
	at org.springframework.test.context.junit4.SpringJUnit4ClassRunner.methodBlock(SpringJUnit4ClassRunner.java:291) ~[spring-test-5.1.8.RELEASE.jar:5.1.8.RELEASE]
	at org.springframework.test.context.junit4.SpringJUnit4ClassRunner.runChild(SpringJUnit4ClassRunner.java:246) ~[spring-test-5.1.8.RELEASE.jar:5.1.8.RELEASE]
	at org.springframework.test.context.junit4.SpringJUnit4ClassRunner.runChild(SpringJUnit4ClassRunner.java:97) ~[spring-test-5.1.8.RELEASE.jar:5.1.8.RELEASE]
	at org.junit.runners.ParentRunner$3.run(ParentRunner.java:290) ~[junit-4.12.jar:4.12]
	at org.junit.runners.ParentRunner$1.schedule(ParentRunner.java:71) ~[junit-4.12.jar:4.12]
	at org.junit.runners.ParentRunner.runChildren(ParentRunner.java:288) ~[junit-4.12.jar:4.12]
	at org.junit.runners.ParentRunner.access$000(ParentRunner.java:58) ~[junit-4.12.jar:4.12]
	at org.junit.runners.ParentRunner$2.evaluate(ParentRunner.java:268) ~[junit-4.12.jar:4.12]
	at org.springframework.test.context.junit4.statements.RunBeforeTestClassCallbacks.evaluate(RunBeforeTestClassCallbacks.java:61) ~[spring-test-5.1.8.RELEASE.jar:5.1.8.RELEASE]
	at org.springframework.test.context.junit4.statements.RunAfterTestClassCallbacks.evaluate(RunAfterTestClassCallbacks.java:70) ~[spring-test-5.1.8.RELEASE.jar:5.1.8.RELEASE]
	at org.junit.runners.ParentRunner.run(ParentRunner.java:363) ~[junit-4.12.jar:4.12]
	at org.springframework.test.context.junit4.SpringJUnit4ClassRunner.run(SpringJUnit4ClassRunner.java:190) ~[spring-test-5.1.8.RELEASE.jar:5.1.8.RELEASE]
	at org.apache.maven.surefire.junit4.JUnit4Provider.execute(JUnit4Provider.java:365) ~[surefire-junit4-2.22.2.jar:2.22.2]
	at org.apache.maven.surefire.junit4.JUnit4Provider.executeWithRerun(JUnit4Provider.java:273) ~[surefire-junit4-2.22.2.jar:2.22.2]
	at org.apache.maven.surefire.junit4.JUnit4Provider.executeTestSet(JUnit4Provider.java:238) ~[surefire-junit4-2.22.2.jar:2.22.2]
	at org.apache.maven.surefire.junit4.JUnit4Provider.invoke(JUnit4Provider.java:159) ~[surefire-junit4-2.22.2.jar:2.22.2]
	at org.apache.maven.surefire.booter.ForkedBooter.invokeProviderInSameClassLoader(ForkedBooter.java:384) ~[surefire-booter-2.22.2.jar:2.22.2]
	at org.apache.maven.surefire.booter.ForkedBooter.runSuitesInProcess(ForkedBooter.java:345) ~[surefire-booter-2.22.2.jar:2.22.2]
	at org.apache.maven.surefire.booter.ForkedBooter.execute(ForkedBooter.java:126) ~[surefire-booter-2.22.2.jar:2.22.2]
	at org.apache.maven.surefire.booter.ForkedBooter.main(ForkedBooter.java:418) ~[surefire-booter-2.22.2.jar:2.22.2]
Caused by: org.springframework.beans.factory.BeanCreationException: Error creating bean with name 'reactiveVaultSessionManager' defined in class path resource [org/springframework/cloud/vault/config/VaultReactiveBootstrapConfiguration.class]: Bean instantiation via factory method failed; nested exception is org.springframework.beans.BeanInstantiationException: Failed to instantiate [org.springframework.vault.authentication.ReactiveSessionManager]: Factory method 'reactiveVaultSessionManager' threw exception; nested exception is org.springframework.beans.factory.BeanCreationException: Error creating bean with name 'vaultTokenSupplier' defined in class path resource [org/springframework/cloud/vault/config/VaultReactiveBootstrapConfiguration.class]: Bean instantiation via factory method failed; nested exception is org.springframework.beans.BeanInstantiationException: Failed to instantiate [org.springframework.vault.authentication.VaultTokenSupplier]: Factory method 'vaultTokenSupplier' threw exception; nested exception is org.springframework.beans.factory.BeanCreationException: Error creating bean with name 'clientAuthentication' defined in class path resource [org/springframework/cloud/vault/config/VaultBootstrapConfiguration.class]: Bean instantiation via factory method failed; nested exception is org.springframework.beans.BeanInstantiationException: Failed to instantiate [org.springframework.vault.authentication.ClientAuthentication]: Factory method 'clientAuthentication' threw exception; nested exception is java.lang.IllegalArgumentException: Token (spring.cloud.vault.token) must not be empty
	at org.springframework.beans.factory.support.ConstructorResolver.instantiate(ConstructorResolver.java:627) ~[spring-beans-5.1.8.RELEASE.jar:5.1.8.RELEASE]
	at org.springframework.beans.factory.support.ConstructorResolver.instantiateUsingFactoryMethod(ConstructorResolver.java:607) ~[spring-beans-5.1.8.RELEASE.jar:5.1.8.RELEASE]
	at org.springframework.beans.factory.support.AbstractAutowireCapableBeanFactory.instantiateUsingFactoryMethod(AbstractAutowireCapableBeanFactory.java:1321) ~[spring-beans-5.1.8.RELEASE.jar:5.1.8.RELEASE]
	at org.springframework.beans.factory.support.AbstractAutowireCapableBeanFactory.createBeanInstance(AbstractAutowireCapableBeanFactory.java:1160) ~[spring-beans-5.1.8.RELEASE.jar:5.1.8.RELEASE]
	at org.springframework.beans.factory.support.AbstractAutowireCapableBeanFactory.doCreateBean(AbstractAutowireCapableBeanFactory.java:555) ~[spring-beans-5.1.8.RELEASE.jar:5.1.8.RELEASE]
	at org.springframework.beans.factory.support.AbstractAutowireCapableBeanFactory.createBean(AbstractAutowireCapableBeanFactory.java:515) ~[spring-beans-5.1.8.RELEASE.jar:5.1.8.RELEASE]
	at org.springframework.beans.factory.support.AbstractBeanFactory.lambda$doGetBean$0(AbstractBeanFactory.java:320) ~[spring-beans-5.1.8.RELEASE.jar:5.1.8.RELEASE]
	at org.springframework.beans.factory.support.DefaultSingletonBeanRegistry.getSingleton(DefaultSingletonBeanRegistry.java:222) ~[spring-beans-5.1.8.RELEASE.jar:5.1.8.RELEASE]
	at org.springframework.beans.factory.support.AbstractBeanFactory.doGetBean(AbstractBeanFactory.java:318) ~[spring-beans-5.1.8.RELEASE.jar:5.1.8.RELEASE]
	at org.springframework.beans.factory.support.AbstractBeanFactory.getBean(AbstractBeanFactory.java:199) ~[spring-beans-5.1.8.RELEASE.jar:5.1.8.RELEASE]
	at org.springframework.beans.factory.config.DependencyDescriptor.resolveCandidate(DependencyDescriptor.java:277) ~[spring-beans-5.1.8.RELEASE.jar:5.1.8.RELEASE]
	at org.springframework.beans.factory.support.DefaultListableBeanFactory.doResolveDependency(DefaultListableBeanFactory.java:1251) ~[spring-beans-5.1.8.RELEASE.jar:5.1.8.RELEASE]
	at org.springframework.beans.factory.support.DefaultListableBeanFactory.resolveDependency(DefaultListableBeanFactory.java:1171) ~[spring-beans-5.1.8.RELEASE.jar:5.1.8.RELEASE]
	at org.springframework.beans.factory.support.ConstructorResolver.resolveAutowiredArgument(ConstructorResolver.java:857) ~[spring-beans-5.1.8.RELEASE.jar:5.1.8.RELEASE]
	at org.springframework.beans.factory.support.ConstructorResolver.createArgumentArray(ConstructorResolver.java:760) ~[spring-beans-5.1.8.RELEASE.jar:5.1.8.RELEASE]
	... 57 common frames omitted
Caused by: org.springframework.beans.BeanInstantiationException: Failed to instantiate [org.springframework.vault.authentication.ReactiveSessionManager]: Factory method 'reactiveVaultSessionManager' threw exception; nested exception is org.springframework.beans.factory.BeanCreationException: Error creating bean with name 'vaultTokenSupplier' defined in class path resource [org/springframework/cloud/vault/config/VaultReactiveBootstrapConfiguration.class]: Bean instantiation via factory method failed; nested exception is org.springframework.beans.BeanInstantiationException: Failed to instantiate [org.springframework.vault.authentication.VaultTokenSupplier]: Factory method 'vaultTokenSupplier' threw exception; nested exception is org.springframework.beans.factory.BeanCreationException: Error creating bean with name 'clientAuthentication' defined in class path resource [org/springframework/cloud/vault/config/VaultBootstrapConfiguration.class]: Bean instantiation via factory method failed; nested exception is org.springframework.beans.BeanInstantiationException: Failed to instantiate [org.springframework.vault.authentication.ClientAuthentication]: Factory method 'clientAuthentication' threw exception; nested exception is java.lang.IllegalArgumentException: Token (spring.cloud.vault.token) must not be empty
	at org.springframework.beans.factory.support.SimpleInstantiationStrategy.instantiate(SimpleInstantiationStrategy.java:185) ~[spring-beans-5.1.8.RELEASE.jar:5.1.8.RELEASE]
	at org.springframework.beans.factory.support.ConstructorResolver.instantiate(ConstructorResolver.java:622) ~[spring-beans-5.1.8.RELEASE.jar:5.1.8.RELEASE]
	... 71 common frames omitted
Caused by: org.springframework.beans.factory.BeanCreationException: Error creating bean with name 'vaultTokenSupplier' defined in class path resource [org/springframework/cloud/vault/config/VaultReactiveBootstrapConfiguration.class]: Bean instantiation via factory method failed; nested exception is org.springframework.beans.BeanInstantiationException: Failed to instantiate [org.springframework.vault.authentication.VaultTokenSupplier]: Factory method 'vaultTokenSupplier' threw exception; nested exception is org.springframework.beans.factory.BeanCreationException: Error creating bean with name 'clientAuthentication' defined in class path resource [org/springframework/cloud/vault/config/VaultBootstrapConfiguration.class]: Bean instantiation via factory method failed; nested exception is org.springframework.beans.BeanInstantiationException: Failed to instantiate [org.springframework.vault.authentication.ClientAuthentication]: Factory method 'clientAuthentication' threw exception; nested exception is java.lang.IllegalArgumentException: Token (spring.cloud.vault.token) must not be empty
	at org.springframework.beans.factory.support.ConstructorResolver.instantiate(ConstructorResolver.java:627) ~[spring-beans-5.1.8.RELEASE.jar:5.1.8.RELEASE]
	at org.springframework.beans.factory.support.ConstructorResolver.instantiateUsingFactoryMethod(ConstructorResolver.java:607) ~[spring-beans-5.1.8.RELEASE.jar:5.1.8.RELEASE]
	at org.springframework.beans.factory.support.AbstractAutowireCapableBeanFactory.instantiateUsingFactoryMethod(AbstractAutowireCapableBeanFactory.java:1321) ~[spring-beans-5.1.8.RELEASE.jar:5.1.8.RELEASE]
	at org.springframework.beans.factory.support.AbstractAutowireCapableBeanFactory.createBeanInstance(AbstractAutowireCapableBeanFactory.java:1160) ~[spring-beans-5.1.8.RELEASE.jar:5.1.8.RELEASE]
	at org.springframework.beans.factory.support.AbstractAutowireCapableBeanFactory.doCreateBean(AbstractAutowireCapableBeanFactory.java:555) ~[spring-beans-5.1.8.RELEASE.jar:5.1.8.RELEASE]
	at org.springframework.beans.factory.support.AbstractAutowireCapableBeanFactory.createBean(AbstractAutowireCapableBeanFactory.java:515) ~[spring-beans-5.1.8.RELEASE.jar:5.1.8.RELEASE]
	at org.springframework.beans.factory.support.AbstractBeanFactory.lambda$doGetBean$0(AbstractBeanFactory.java:320) ~[spring-beans-5.1.8.RELEASE.jar:5.1.8.RELEASE]
	at org.springframework.beans.factory.support.DefaultSingletonBeanRegistry.getSingleton(DefaultSingletonBeanRegistry.java:222) ~[spring-beans-5.1.8.RELEASE.jar:5.1.8.RELEASE]
	at org.springframework.beans.factory.support.AbstractBeanFactory.doGetBean(AbstractBeanFactory.java:318) ~[spring-beans-5.1.8.RELEASE.jar:5.1.8.RELEASE]
	at org.springframework.beans.factory.support.AbstractBeanFactory.getBean(AbstractBeanFactory.java:204) ~[spring-beans-5.1.8.RELEASE.jar:5.1.8.RELEASE]
	at org.springframework.cloud.vault.config.VaultReactiveBootstrapConfiguration.reactiveVaultSessionManager(VaultReactiveBootstrapConfiguration.java:138) ~[spring-cloud-vault-config-2.1.1.RELEASE.jar:2.1.1.RELEASE]
	at org.springframework.cloud.vault.config.VaultReactiveBootstrapConfiguration$$EnhancerBySpringCGLIB$$60d916fc.CGLIB$reactiveVaultSessionManager$1(<generated>) ~[spring-cloud-vault-config-2.1.1.RELEASE.jar:2.1.1.RELEASE]
	at org.springframework.cloud.vault.config.VaultReactiveBootstrapConfiguration$$EnhancerBySpringCGLIB$$60d916fc$$FastClassBySpringCGLIB$$ddb18fa7.invoke(<generated>) ~[spring-cloud-vault-config-2.1.1.RELEASE.jar:2.1.1.RELEASE]
	at org.springframework.cglib.proxy.MethodProxy.invokeSuper(MethodProxy.java:244) ~[spring-core-5.1.8.RELEASE.jar:5.1.8.RELEASE]
	at org.springframework.context.annotation.ConfigurationClassEnhancer$BeanMethodInterceptor.intercept(ConfigurationClassEnhancer.java:363) ~[spring-context-5.1.8.RELEASE.jar:5.1.8.RELEASE]
	at org.springframework.cloud.vault.config.VaultReactiveBootstrapConfiguration$$EnhancerBySpringCGLIB$$60d916fc.reactiveVaultSessionManager(<generated>) ~[spring-cloud-vault-config-2.1.1.RELEASE.jar:2.1.1.RELEASE]
	at java.base/jdk.internal.reflect.NativeMethodAccessorImpl.invoke0(Native Method) ~[na:na]
	at java.base/jdk.internal.reflect.NativeMethodAccessorImpl.invoke(NativeMethodAccessorImpl.java:62) ~[na:na]
	at java.base/jdk.internal.reflect.DelegatingMethodAccessorImpl.invoke(DelegatingMethodAccessorImpl.java:43) ~[na:na]
	at java.base/java.lang.reflect.Method.invoke(Method.java:566) ~[na:na]
	at org.springframework.beans.factory.support.SimpleInstantiationStrategy.instantiate(SimpleInstantiationStrategy.java:154) ~[spring-beans-5.1.8.RELEASE.jar:5.1.8.RELEASE]
	... 72 common frames omitted
Caused by: org.springframework.beans.BeanInstantiationException: Failed to instantiate [org.springframework.vault.authentication.VaultTokenSupplier]: Factory method 'vaultTokenSupplier' threw exception; nested exception is org.springframework.beans.factory.BeanCreationException: Error creating bean with name 'clientAuthentication' defined in class path resource [org/springframework/cloud/vault/config/VaultBootstrapConfiguration.class]: Bean instantiation via factory method failed; nested exception is org.springframework.beans.BeanInstantiationException: Failed to instantiate [org.springframework.vault.authentication.ClientAuthentication]: Factory method 'clientAuthentication' threw exception; nested exception is java.lang.IllegalArgumentException: Token (spring.cloud.vault.token) must not be empty
	at org.springframework.beans.factory.support.SimpleInstantiationStrategy.instantiate(SimpleInstantiationStrategy.java:185) ~[spring-beans-5.1.8.RELEASE.jar:5.1.8.RELEASE]
	at org.springframework.beans.factory.support.ConstructorResolver.instantiate(ConstructorResolver.java:622) ~[spring-beans-5.1.8.RELEASE.jar:5.1.8.RELEASE]
	... 92 common frames omitted
Caused by: org.springframework.beans.factory.BeanCreationException: Error creating bean with name 'clientAuthentication' defined in class path resource [org/springframework/cloud/vault/config/VaultBootstrapConfiguration.class]: Bean instantiation via factory method failed; nested exception is org.springframework.beans.BeanInstantiationException: Failed to instantiate [org.springframework.vault.authentication.ClientAuthentication]: Factory method 'clientAuthentication' threw exception; nested exception is java.lang.IllegalArgumentException: Token (spring.cloud.vault.token) must not be empty
	at org.springframework.beans.factory.support.ConstructorResolver.instantiate(ConstructorResolver.java:627) ~[spring-beans-5.1.8.RELEASE.jar:5.1.8.RELEASE]
	at org.springframework.beans.factory.support.ConstructorResolver.instantiateUsingFactoryMethod(ConstructorResolver.java:456) ~[spring-beans-5.1.8.RELEASE.jar:5.1.8.RELEASE]
	at org.springframework.beans.factory.support.AbstractAutowireCapableBeanFactory.instantiateUsingFactoryMethod(AbstractAutowireCapableBeanFactory.java:1321) ~[spring-beans-5.1.8.RELEASE.jar:5.1.8.RELEASE]
	at org.springframework.beans.factory.support.AbstractAutowireCapableBeanFactory.createBeanInstance(AbstractAutowireCapableBeanFactory.java:1160) ~[spring-beans-5.1.8.RELEASE.jar:5.1.8.RELEASE]
	at org.springframework.beans.factory.support.AbstractAutowireCapableBeanFactory.doCreateBean(AbstractAutowireCapableBeanFactory.java:555) ~[spring-beans-5.1.8.RELEASE.jar:5.1.8.RELEASE]
	at org.springframework.beans.factory.support.AbstractAutowireCapableBeanFactory.createBean(AbstractAutowireCapableBeanFactory.java:515) ~[spring-beans-5.1.8.RELEASE.jar:5.1.8.RELEASE]
	at org.springframework.beans.factory.support.AbstractBeanFactory.lambda$doGetBean$0(AbstractBeanFactory.java:320) ~[spring-beans-5.1.8.RELEASE.jar:5.1.8.RELEASE]
	at org.springframework.beans.factory.support.DefaultSingletonBeanRegistry.getSingleton(DefaultSingletonBeanRegistry.java:222) ~[spring-beans-5.1.8.RELEASE.jar:5.1.8.RELEASE]
	at org.springframework.beans.factory.support.AbstractBeanFactory.doGetBean(AbstractBeanFactory.java:318) ~[spring-beans-5.1.8.RELEASE.jar:5.1.8.RELEASE]
	at org.springframework.beans.factory.support.AbstractBeanFactory.getBean(AbstractBeanFactory.java:224) ~[spring-beans-5.1.8.RELEASE.jar:5.1.8.RELEASE]
	at org.springframework.beans.factory.support.DefaultListableBeanFactory.resolveNamedBean(DefaultListableBeanFactory.java:1119) ~[spring-beans-5.1.8.RELEASE.jar:5.1.8.RELEASE]
	at org.springframework.beans.factory.support.DefaultListableBeanFactory.resolveBean(DefaultListableBeanFactory.java:411) ~[spring-beans-5.1.8.RELEASE.jar:5.1.8.RELEASE]
	at org.springframework.beans.factory.support.DefaultListableBeanFactory.getBean(DefaultListableBeanFactory.java:344) ~[spring-beans-5.1.8.RELEASE.jar:5.1.8.RELEASE]
	at org.springframework.beans.factory.support.DefaultListableBeanFactory.getBean(DefaultListableBeanFactory.java:337) ~[spring-beans-5.1.8.RELEASE.jar:5.1.8.RELEASE]
	at org.springframework.cloud.vault.config.VaultReactiveBootstrapConfiguration.vaultTokenSupplier(VaultReactiveBootstrapConfiguration.java:191) ~[spring-cloud-vault-config-2.1.1.RELEASE.jar:2.1.1.RELEASE]
	at org.springframework.cloud.vault.config.VaultReactiveBootstrapConfiguration$$EnhancerBySpringCGLIB$$60d916fc.CGLIB$vaultTokenSupplier$2(<generated>) ~[spring-cloud-vault-config-2.1.1.RELEASE.jar:2.1.1.RELEASE]
	at org.springframework.cloud.vault.config.VaultReactiveBootstrapConfiguration$$EnhancerBySpringCGLIB$$60d916fc$$FastClassBySpringCGLIB$$ddb18fa7.invoke(<generated>) ~[spring-cloud-vault-config-2.1.1.RELEASE.jar:2.1.1.RELEASE]
	at org.springframework.cglib.proxy.MethodProxy.invokeSuper(MethodProxy.java:244) ~[spring-core-5.1.8.RELEASE.jar:5.1.8.RELEASE]
	at org.springframework.context.annotation.ConfigurationClassEnhancer$BeanMethodInterceptor.intercept(ConfigurationClassEnhancer.java:363) ~[spring-context-5.1.8.RELEASE.jar:5.1.8.RELEASE]
	at org.springframework.cloud.vault.config.VaultReactiveBootstrapConfiguration$$EnhancerBySpringCGLIB$$60d916fc.vaultTokenSupplier(<generated>) ~[spring-cloud-vault-config-2.1.1.RELEASE.jar:2.1.1.RELEASE]
	at java.base/jdk.internal.reflect.NativeMethodAccessorImpl.invoke0(Native Method) ~[na:na]
	at java.base/jdk.internal.reflect.NativeMethodAccessorImpl.invoke(NativeMethodAccessorImpl.java:62) ~[na:na]
	at java.base/jdk.internal.reflect.DelegatingMethodAccessorImpl.invoke(DelegatingMethodAccessorImpl.java:43) ~[na:na]
	at java.base/java.lang.reflect.Method.invoke(Method.java:566) ~[na:na]
	at org.springframework.beans.factory.support.SimpleInstantiationStrategy.instantiate(SimpleInstantiationStrategy.java:154) ~[spring-beans-5.1.8.RELEASE.jar:5.1.8.RELEASE]
	... 93 common frames omitted
Caused by: org.springframework.beans.BeanInstantiationException: Failed to instantiate [org.springframework.vault.authentication.ClientAuthentication]: Factory method 'clientAuthentication' threw exception; nested exception is java.lang.IllegalArgumentException: Token (spring.cloud.vault.token) must not be empty
	at org.springframework.beans.factory.support.SimpleInstantiationStrategy.instantiate(SimpleInstantiationStrategy.java:185) ~[spring-beans-5.1.8.RELEASE.jar:5.1.8.RELEASE]
	at org.springframework.beans.factory.support.ConstructorResolver.instantiate(ConstructorResolver.java:622) ~[spring-beans-5.1.8.RELEASE.jar:5.1.8.RELEASE]
	... 117 common frames omitted
Caused by: java.lang.IllegalArgumentException: Token (spring.cloud.vault.token) must not be empty
	at org.springframework.util.Assert.hasText(Assert.java:284) ~[spring-core-5.1.8.RELEASE.jar:5.1.8.RELEASE]
	at org.springframework.cloud.vault.config.ClientAuthenticationFactory.createClientAuthentication(ClientAuthenticationFactory.java:194) ~[spring-cloud-vault-config-2.1.1.RELEASE.jar:2.1.1.RELEASE]
	at org.springframework.cloud.vault.config.VaultBootstrapConfiguration.clientAuthentication(VaultBootstrapConfiguration.java:208) ~[spring-cloud-vault-config-2.1.1.RELEASE.jar:2.1.1.RELEASE]
	at org.springframework.cloud.vault.config.VaultBootstrapConfiguration$$EnhancerBySpringCGLIB$$7fed0c83.CGLIB$clientAuthentication$2(<generated>) ~[spring-cloud-vault-config-2.1.1.RELEASE.jar:2.1.1.RELEASE]
	at org.springframework.cloud.vault.config.VaultBootstrapConfiguration$$EnhancerBySpringCGLIB$$7fed0c83$$FastClassBySpringCGLIB$$a2cb5b8b.invoke(<generated>) ~[spring-cloud-vault-config-2.1.1.RELEASE.jar:2.1.1.RELEASE]
	at org.springframework.cglib.proxy.MethodProxy.invokeSuper(MethodProxy.java:244) ~[spring-core-5.1.8.RELEASE.jar:5.1.8.RELEASE]
	at org.springframework.context.annotation.ConfigurationClassEnhancer$BeanMethodInterceptor.intercept(ConfigurationClassEnhancer.java:363) ~[spring-context-5.1.8.RELEASE.jar:5.1.8.RELEASE]
	at org.springframework.cloud.vault.config.VaultBootstrapConfiguration$$EnhancerBySpringCGLIB$$7fed0c83.clientAuthentication(<generated>) ~[spring-cloud-vault-config-2.1.1.RELEASE.jar:2.1.1.RELEASE]
	at java.base/jdk.internal.reflect.NativeMethodAccessorImpl.invoke0(Native Method) ~[na:na]
	at java.base/jdk.internal.reflect.NativeMethodAccessorImpl.invoke(NativeMethodAccessorImpl.java:62) ~[na:na]
	at java.base/jdk.internal.reflect.DelegatingMethodAccessorImpl.invoke(DelegatingMethodAccessorImpl.java:43) ~[na:na]
	at java.base/java.lang.reflect.Method.invoke(Method.java:566) ~[na:na]
	at org.springframework.beans.factory.support.SimpleInstantiationStrategy.instantiate(SimpleInstantiationStrategy.java:154) ~[spring-beans-5.1.8.RELEASE.jar:5.1.8.RELEASE]
	... 118 common frames omitted

2019-06-25 12:40:06.467 ERROR 18046 --- [           main] o.s.test.context.TestContextManager      : Caught exception while allowing TestExecutionListener [org.springframework.test.context.web.ServletTestExecutionListener@66715ca9] to prepare test instance [br.com.cvc.hotelcredentials.HotelCredentialsApplicationTests@15cf663c]

java.lang.IllegalStateException: Failed to load ApplicationContext
	at org.springframework.test.context.cache.DefaultCacheAwareContextLoaderDelegate.loadContext(DefaultCacheAwareContextLoaderDelegate.java:125) ~[spring-test-5.1.8.RELEASE.jar:5.1.8.RELEASE]
	at org.springframework.test.context.support.DefaultTestContext.getApplicationContext(DefaultTestContext.java:108) ~[spring-test-5.1.8.RELEASE.jar:5.1.8.RELEASE]
	at org.springframework.test.context.web.ServletTestExecutionListener.setUpRequestContextIfNecessary(ServletTestExecutionListener.java:190) ~[spring-test-5.1.8.RELEASE.jar:5.1.8.RELEASE]
	at org.springframework.test.context.web.ServletTestExecutionListener.prepareTestInstance(ServletTestExecutionListener.java:132) ~[spring-test-5.1.8.RELEASE.jar:5.1.8.RELEASE]
	at org.springframework.test.context.TestContextManager.prepareTestInstance(TestContextManager.java:246) ~[spring-test-5.1.8.RELEASE.jar:5.1.8.RELEASE]
	at org.springframework.test.context.junit4.SpringJUnit4ClassRunner.createTest(SpringJUnit4ClassRunner.java:227) ~[spring-test-5.1.8.RELEASE.jar:5.1.8.RELEASE]
	at org.springframework.test.context.junit4.SpringJUnit4ClassRunner$1.runReflectiveCall(SpringJUnit4ClassRunner.java:289) ~[spring-test-5.1.8.RELEASE.jar:5.1.8.RELEASE]
	at org.junit.internal.runners.model.ReflectiveCallable.run(ReflectiveCallable.java:12) ~[junit-4.12.jar:4.12]
	at org.springframework.test.context.junit4.SpringJUnit4ClassRunner.methodBlock(SpringJUnit4ClassRunner.java:291) ~[spring-test-5.1.8.RELEASE.jar:5.1.8.RELEASE]
	at org.springframework.test.context.junit4.SpringJUnit4ClassRunner.runChild(SpringJUnit4ClassRunner.java:246) ~[spring-test-5.1.8.RELEASE.jar:5.1.8.RELEASE]
	at org.springframework.test.context.junit4.SpringJUnit4ClassRunner.runChild(SpringJUnit4ClassRunner.java:97) ~[spring-test-5.1.8.RELEASE.jar:5.1.8.RELEASE]
	at org.junit.runners.ParentRunner$3.run(ParentRunner.java:290) ~[junit-4.12.jar:4.12]
	at org.junit.runners.ParentRunner$1.schedule(ParentRunner.java:71) ~[junit-4.12.jar:4.12]
	at org.junit.runners.ParentRunner.runChildren(ParentRunner.java:288) ~[junit-4.12.jar:4.12]
	at org.junit.runners.ParentRunner.access$000(ParentRunner.java:58) ~[junit-4.12.jar:4.12]
	at org.junit.runners.ParentRunner$2.evaluate(ParentRunner.java:268) ~[junit-4.12.jar:4.12]
	at org.springframework.test.context.junit4.statements.RunBeforeTestClassCallbacks.evaluate(RunBeforeTestClassCallbacks.java:61) ~[spring-test-5.1.8.RELEASE.jar:5.1.8.RELEASE]
	at org.springframework.test.context.junit4.statements.RunAfterTestClassCallbacks.evaluate(RunAfterTestClassCallbacks.java:70) ~[spring-test-5.1.8.RELEASE.jar:5.1.8.RELEASE]
	at org.junit.runners.ParentRunner.run(ParentRunner.java:363) ~[junit-4.12.jar:4.12]
	at org.springframework.test.context.junit4.SpringJUnit4ClassRunner.run(SpringJUnit4ClassRunner.java:190) ~[spring-test-5.1.8.RELEASE.jar:5.1.8.RELEASE]
	at org.apache.maven.surefire.junit4.JUnit4Provider.execute(JUnit4Provider.java:365) ~[surefire-junit4-2.22.2.jar:2.22.2]
	at org.apache.maven.surefire.junit4.JUnit4Provider.executeWithRerun(JUnit4Provider.java:273) ~[surefire-junit4-2.22.2.jar:2.22.2]
	at org.apache.maven.surefire.junit4.JUnit4Provider.executeTestSet(JUnit4Provider.java:238) ~[surefire-junit4-2.22.2.jar:2.22.2]
	at org.apache.maven.surefire.junit4.JUnit4Provider.invoke(JUnit4Provider.java:159) ~[surefire-junit4-2.22.2.jar:2.22.2]
	at org.apache.maven.surefire.booter.ForkedBooter.invokeProviderInSameClassLoader(ForkedBooter.java:384) ~[surefire-booter-2.22.2.jar:2.22.2]
	at org.apache.maven.surefire.booter.ForkedBooter.runSuitesInProcess(ForkedBooter.java:345) ~[surefire-booter-2.22.2.jar:2.22.2]
	at org.apache.maven.surefire.booter.ForkedBooter.execute(ForkedBooter.java:126) ~[surefire-booter-2.22.2.jar:2.22.2]
	at org.apache.maven.surefire.booter.ForkedBooter.main(ForkedBooter.java:418) ~[surefire-booter-2.22.2.jar:2.22.2]
Caused by: org.springframework.beans.factory.UnsatisfiedDependencyException: Error creating bean with name 'reactiveVaultTemplate' defined in class path resource [org/springframework/cloud/vault/config/VaultReactiveBootstrapConfiguration.class]: Unsatisfied dependency expressed through method 'reactiveVaultTemplate' parameter 0; nested exception is org.springframework.beans.factory.BeanCreationException: Error creating bean with name 'reactiveVaultSessionManager' defined in class path resource [org/springframework/cloud/vault/config/VaultReactiveBootstrapConfiguration.class]: Bean instantiation via factory method failed; nested exception is org.springframework.beans.BeanInstantiationException: Failed to instantiate [org.springframework.vault.authentication.ReactiveSessionManager]: Factory method 'reactiveVaultSessionManager' threw exception; nested exception is org.springframework.beans.factory.BeanCreationException: Error creating bean with name 'vaultTokenSupplier' defined in class path resource [org/springframework/cloud/vault/config/VaultReactiveBootstrapConfiguration.class]: Bean instantiation via factory method failed; nested exception is org.springframework.beans.BeanInstantiationException: Failed to instantiate [org.springframework.vault.authentication.VaultTokenSupplier]: Factory method 'vaultTokenSupplier' threw exception; nested exception is org.springframework.beans.factory.BeanCreationException: Error creating bean with name 'clientAuthentication' defined in class path resource [org/springframework/cloud/vault/config/VaultBootstrapConfiguration.class]: Bean instantiation via factory method failed; nested exception is org.springframework.beans.BeanInstantiationException: Failed to instantiate [org.springframework.vault.authentication.ClientAuthentication]: Factory method 'clientAuthentication' threw exception; nested exception is java.lang.IllegalArgumentException: Token (spring.cloud.vault.token) must not be empty
	at org.springframework.beans.factory.support.ConstructorResolver.createArgumentArray(ConstructorResolver.java:769) ~[spring-beans-5.1.8.RELEASE.jar:5.1.8.RELEASE]
	at org.springframework.beans.factory.support.ConstructorResolver.instantiateUsingFactoryMethod(ConstructorResolver.java:509) ~[spring-beans-5.1.8.RELEASE.jar:5.1.8.RELEASE]
	at org.springframework.beans.factory.support.AbstractAutowireCapableBeanFactory.instantiateUsingFactoryMethod(AbstractAutowireCapableBeanFactory.java:1321) ~[spring-beans-5.1.8.RELEASE.jar:5.1.8.RELEASE]
	at org.springframework.beans.factory.support.AbstractAutowireCapableBeanFactory.createBeanInstance(AbstractAutowireCapableBeanFactory.java:1160) ~[spring-beans-5.1.8.RELEASE.jar:5.1.8.RELEASE]
	at org.springframework.beans.factory.support.AbstractAutowireCapableBeanFactory.doCreateBean(AbstractAutowireCapableBeanFactory.java:555) ~[spring-beans-5.1.8.RELEASE.jar:5.1.8.RELEASE]
	at org.springframework.beans.factory.support.AbstractAutowireCapableBeanFactory.createBean(AbstractAutowireCapableBeanFactory.java:515) ~[spring-beans-5.1.8.RELEASE.jar:5.1.8.RELEASE]
	at org.springframework.beans.factory.support.AbstractBeanFactory.lambda$doGetBean$0(AbstractBeanFactory.java:320) ~[spring-beans-5.1.8.RELEASE.jar:5.1.8.RELEASE]
	at org.springframework.beans.factory.support.DefaultSingletonBeanRegistry.getSingleton(DefaultSingletonBeanRegistry.java:222) ~[spring-beans-5.1.8.RELEASE.jar:5.1.8.RELEASE]
	at org.springframework.beans.factory.support.AbstractBeanFactory.doGetBean(AbstractBeanFactory.java:318) ~[spring-beans-5.1.8.RELEASE.jar:5.1.8.RELEASE]
	at org.springframework.beans.factory.support.AbstractBeanFactory.getBean(AbstractBeanFactory.java:199) ~[spring-beans-5.1.8.RELEASE.jar:5.1.8.RELEASE]
	at org.springframework.beans.factory.support.DefaultListableBeanFactory.preInstantiateSingletons(DefaultListableBeanFactory.java:845) ~[spring-beans-5.1.8.RELEASE.jar:5.1.8.RELEASE]
	at org.springframework.context.support.AbstractApplicationContext.finishBeanFactoryInitialization(AbstractApplicationContext.java:877) ~[spring-context-5.1.8.RELEASE.jar:5.1.8.RELEASE]
	at org.springframework.context.support.AbstractApplicationContext.refresh(AbstractApplicationContext.java:549) ~[spring-context-5.1.8.RELEASE.jar:5.1.8.RELEASE]
	at org.springframework.boot.SpringApplication.refresh(SpringApplication.java:742) ~[spring-boot-2.1.6.RELEASE.jar:2.1.6.RELEASE]
	at org.springframework.boot.SpringApplication.refreshContext(SpringApplication.java:389) ~[spring-boot-2.1.6.RELEASE.jar:2.1.6.RELEASE]
	at org.springframework.boot.SpringApplication.run(SpringApplication.java:311) ~[spring-boot-2.1.6.RELEASE.jar:2.1.6.RELEASE]
	at org.springframework.boot.builder.SpringApplicationBuilder.run(SpringApplicationBuilder.java:139) ~[spring-boot-2.1.6.RELEASE.jar:2.1.6.RELEASE]
	at org.springframework.cloud.bootstrap.BootstrapApplicationListener.bootstrapServiceContext(BootstrapApplicationListener.java:203) ~[spring-cloud-context-2.1.1.RELEASE.jar:2.1.1.RELEASE]
	at org.springframework.cloud.bootstrap.BootstrapApplicationListener.onApplicationEvent(BootstrapApplicationListener.java:114) ~[spring-cloud-context-2.1.1.RELEASE.jar:2.1.1.RELEASE]
	at org.springframework.cloud.bootstrap.BootstrapApplicationListener.onApplicationEvent(BootstrapApplicationListener.java:71) ~[spring-cloud-context-2.1.1.RELEASE.jar:2.1.1.RELEASE]
	at org.springframework.context.event.SimpleApplicationEventMulticaster.doInvokeListener(SimpleApplicationEventMulticaster.java:172) ~[spring-context-5.1.8.RELEASE.jar:5.1.8.RELEASE]
	at org.springframework.context.event.SimpleApplicationEventMulticaster.invokeListener(SimpleApplicationEventMulticaster.java:165) ~[spring-context-5.1.8.RELEASE.jar:5.1.8.RELEASE]
	at org.springframework.context.event.SimpleApplicationEventMulticaster.multicastEvent(SimpleApplicationEventMulticaster.java:139) ~[spring-context-5.1.8.RELEASE.jar:5.1.8.RELEASE]
	at org.springframework.context.event.SimpleApplicationEventMulticaster.multicastEvent(SimpleApplicationEventMulticaster.java:127) ~[spring-context-5.1.8.RELEASE.jar:5.1.8.RELEASE]
	at org.springframework.boot.context.event.EventPublishingRunListener.environmentPrepared(EventPublishingRunListener.java:75) ~[spring-boot-2.1.6.RELEASE.jar:2.1.6.RELEASE]
	at org.springframework.boot.SpringApplicationRunListeners.environmentPrepared(SpringApplicationRunListeners.java:53) ~[spring-boot-2.1.6.RELEASE.jar:2.1.6.RELEASE]
	at org.springframework.boot.SpringApplication.prepareEnvironment(SpringApplication.java:340) ~[spring-boot-2.1.6.RELEASE.jar:2.1.6.RELEASE]
	at org.springframework.boot.SpringApplication.run(SpringApplication.java:304) ~[spring-boot-2.1.6.RELEASE.jar:2.1.6.RELEASE]
	at org.springframework.boot.test.context.SpringBootContextLoader.loadContext(SpringBootContextLoader.java:119) ~[spring-boot-test-2.1.6.RELEASE.jar:2.1.6.RELEASE]
	at org.springframework.test.context.cache.DefaultCacheAwareContextLoaderDelegate.loadContextInternal(DefaultCacheAwareContextLoaderDelegate.java:99) ~[spring-test-5.1.8.RELEASE.jar:5.1.8.RELEASE]
	at org.springframework.test.context.cache.DefaultCacheAwareContextLoaderDelegate.loadContext(DefaultCacheAwareContextLoaderDelegate.java:117) ~[spring-test-5.1.8.RELEASE.jar:5.1.8.RELEASE]
	... 27 common frames omitted
Caused by: org.springframework.beans.factory.BeanCreationException: Error creating bean with name 'reactiveVaultSessionManager' defined in class path resource [org/springframework/cloud/vault/config/VaultReactiveBootstrapConfiguration.class]: Bean instantiation via factory method failed; nested exception is org.springframework.beans.BeanInstantiationException: Failed to instantiate [org.springframework.vault.authentication.ReactiveSessionManager]: Factory method 'reactiveVaultSessionManager' threw exception; nested exception is org.springframework.beans.factory.BeanCreationException: Error creating bean with name 'vaultTokenSupplier' defined in class path resource [org/springframework/cloud/vault/config/VaultReactiveBootstrapConfiguration.class]: Bean instantiation via factory method failed; nested exception is org.springframework.beans.BeanInstantiationException: Failed to instantiate [org.springframework.vault.authentication.VaultTokenSupplier]: Factory method 'vaultTokenSupplier' threw exception; nested exception is org.springframework.beans.factory.BeanCreationException: Error creating bean with name 'clientAuthentication' defined in class path resource [org/springframework/cloud/vault/config/VaultBootstrapConfiguration.class]: Bean instantiation via factory method failed; nested exception is org.springframework.beans.BeanInstantiationException: Failed to instantiate [org.springframework.vault.authentication.ClientAuthentication]: Factory method 'clientAuthentication' threw exception; nested exception is java.lang.IllegalArgumentException: Token (spring.cloud.vault.token) must not be empty
	at org.springframework.beans.factory.support.ConstructorResolver.instantiate(ConstructorResolver.java:627) ~[spring-beans-5.1.8.RELEASE.jar:5.1.8.RELEASE]
	at org.springframework.beans.factory.support.ConstructorResolver.instantiateUsingFactoryMethod(ConstructorResolver.java:607) ~[spring-beans-5.1.8.RELEASE.jar:5.1.8.RELEASE]
	at org.springframework.beans.factory.support.AbstractAutowireCapableBeanFactory.instantiateUsingFactoryMethod(AbstractAutowireCapableBeanFactory.java:1321) ~[spring-beans-5.1.8.RELEASE.jar:5.1.8.RELEASE]
	at org.springframework.beans.factory.support.AbstractAutowireCapableBeanFactory.createBeanInstance(AbstractAutowireCapableBeanFactory.java:1160) ~[spring-beans-5.1.8.RELEASE.jar:5.1.8.RELEASE]
	at org.springframework.beans.factory.support.AbstractAutowireCapableBeanFactory.doCreateBean(AbstractAutowireCapableBeanFactory.java:555) ~[spring-beans-5.1.8.RELEASE.jar:5.1.8.RELEASE]
	at org.springframework.beans.factory.support.AbstractAutowireCapableBeanFactory.createBean(AbstractAutowireCapableBeanFactory.java:515) ~[spring-beans-5.1.8.RELEASE.jar:5.1.8.RELEASE]
	at org.springframework.beans.factory.support.AbstractBeanFactory.lambda$doGetBean$0(AbstractBeanFactory.java:320) ~[spring-beans-5.1.8.RELEASE.jar:5.1.8.RELEASE]
	at org.springframework.beans.factory.support.DefaultSingletonBeanRegistry.getSingleton(DefaultSingletonBeanRegistry.java:222) ~[spring-beans-5.1.8.RELEASE.jar:5.1.8.RELEASE]
	at org.springframework.beans.factory.support.AbstractBeanFactory.doGetBean(AbstractBeanFactory.java:318) ~[spring-beans-5.1.8.RELEASE.jar:5.1.8.RELEASE]
	at org.springframework.beans.factory.support.AbstractBeanFactory.getBean(AbstractBeanFactory.java:199) ~[spring-beans-5.1.8.RELEASE.jar:5.1.8.RELEASE]
	at org.springframework.beans.factory.config.DependencyDescriptor.resolveCandidate(DependencyDescriptor.java:277) ~[spring-beans-5.1.8.RELEASE.jar:5.1.8.RELEASE]
	at org.springframework.beans.factory.support.DefaultListableBeanFactory.doResolveDependency(DefaultListableBeanFactory.java:1251) ~[spring-beans-5.1.8.RELEASE.jar:5.1.8.RELEASE]
	at org.springframework.beans.factory.support.DefaultListableBeanFactory.resolveDependency(DefaultListableBeanFactory.java:1171) ~[spring-beans-5.1.8.RELEASE.jar:5.1.8.RELEASE]
	at org.springframework.beans.factory.support.ConstructorResolver.resolveAutowiredArgument(ConstructorResolver.java:857) ~[spring-beans-5.1.8.RELEASE.jar:5.1.8.RELEASE]
	at org.springframework.beans.factory.support.ConstructorResolver.createArgumentArray(ConstructorResolver.java:760) ~[spring-beans-5.1.8.RELEASE.jar:5.1.8.RELEASE]
	... 57 common frames omitted
Caused by: org.springframework.beans.BeanInstantiationException: Failed to instantiate [org.springframework.vault.authentication.ReactiveSessionManager]: Factory method 'reactiveVaultSessionManager' threw exception; nested exception is org.springframework.beans.factory.BeanCreationException: Error creating bean with name 'vaultTokenSupplier' defined in class path resource [org/springframework/cloud/vault/config/VaultReactiveBootstrapConfiguration.class]: Bean instantiation via factory method failed; nested exception is org.springframework.beans.BeanInstantiationException: Failed to instantiate [org.springframework.vault.authentication.VaultTokenSupplier]: Factory method 'vaultTokenSupplier' threw exception; nested exception is org.springframework.beans.factory.BeanCreationException: Error creating bean with name 'clientAuthentication' defined in class path resource [org/springframework/cloud/vault/config/VaultBootstrapConfiguration.class]: Bean instantiation via factory method failed; nested exception is org.springframework.beans.BeanInstantiationException: Failed to instantiate [org.springframework.vault.authentication.ClientAuthentication]: Factory method 'clientAuthentication' threw exception; nested exception is java.lang.IllegalArgumentException: Token (spring.cloud.vault.token) must not be empty
	at org.springframework.beans.factory.support.SimpleInstantiationStrategy.instantiate(SimpleInstantiationStrategy.java:185) ~[spring-beans-5.1.8.RELEASE.jar:5.1.8.RELEASE]
	at org.springframework.beans.factory.support.ConstructorResolver.instantiate(ConstructorResolver.java:622) ~[spring-beans-5.1.8.RELEASE.jar:5.1.8.RELEASE]
	... 71 common frames omitted
Caused by: org.springframework.beans.factory.BeanCreationException: Error creating bean with name 'vaultTokenSupplier' defined in class path resource [org/springframework/cloud/vault/config/VaultReactiveBootstrapConfiguration.class]: Bean instantiation via factory method failed; nested exception is org.springframework.beans.BeanInstantiationException: Failed to instantiate [org.springframework.vault.authentication.VaultTokenSupplier]: Factory method 'vaultTokenSupplier' threw exception; nested exception is org.springframework.beans.factory.BeanCreationException: Error creating bean with name 'clientAuthentication' defined in class path resource [org/springframework/cloud/vault/config/VaultBootstrapConfiguration.class]: Bean instantiation via factory method failed; nested exception is org.springframework.beans.BeanInstantiationException: Failed to instantiate [org.springframework.vault.authentication.ClientAuthentication]: Factory method 'clientAuthentication' threw exception; nested exception is java.lang.IllegalArgumentException: Token (spring.cloud.vault.token) must not be empty
	at org.springframework.beans.factory.support.ConstructorResolver.instantiate(ConstructorResolver.java:627) ~[spring-beans-5.1.8.RELEASE.jar:5.1.8.RELEASE]
	at org.springframework.beans.factory.support.ConstructorResolver.instantiateUsingFactoryMethod(ConstructorResolver.java:607) ~[spring-beans-5.1.8.RELEASE.jar:5.1.8.RELEASE]
	at org.springframework.beans.factory.support.AbstractAutowireCapableBeanFactory.instantiateUsingFactoryMethod(AbstractAutowireCapableBeanFactory.java:1321) ~[spring-beans-5.1.8.RELEASE.jar:5.1.8.RELEASE]
	at org.springframework.beans.factory.support.AbstractAutowireCapableBeanFactory.createBeanInstance(AbstractAutowireCapableBeanFactory.java:1160) ~[spring-beans-5.1.8.RELEASE.jar:5.1.8.RELEASE]
	at org.springframework.beans.factory.support.AbstractAutowireCapableBeanFactory.doCreateBean(AbstractAutowireCapableBeanFactory.java:555) ~[spring-beans-5.1.8.RELEASE.jar:5.1.8.RELEASE]
	at org.springframework.beans.factory.support.AbstractAutowireCapableBeanFactory.createBean(AbstractAutowireCapableBeanFactory.java:515) ~[spring-beans-5.1.8.RELEASE.jar:5.1.8.RELEASE]
	at org.springframework.beans.factory.support.AbstractBeanFactory.lambda$doGetBean$0(AbstractBeanFactory.java:320) ~[spring-beans-5.1.8.RELEASE.jar:5.1.8.RELEASE]
	at org.springframework.beans.factory.support.DefaultSingletonBeanRegistry.getSingleton(DefaultSingletonBeanRegistry.java:222) ~[spring-beans-5.1.8.RELEASE.jar:5.1.8.RELEASE]
	at org.springframework.beans.factory.support.AbstractBeanFactory.doGetBean(AbstractBeanFactory.java:318) ~[spring-beans-5.1.8.RELEASE.jar:5.1.8.RELEASE]
	at org.springframework.beans.factory.support.AbstractBeanFactory.getBean(AbstractBeanFactory.java:204) ~[spring-beans-5.1.8.RELEASE.jar:5.1.8.RELEASE]
	at org.springframework.cloud.vault.config.VaultReactiveBootstrapConfiguration.reactiveVaultSessionManager(VaultReactiveBootstrapConfiguration.java:138) ~[spring-cloud-vault-config-2.1.1.RELEASE.jar:2.1.1.RELEASE]
	at org.springframework.cloud.vault.config.VaultReactiveBootstrapConfiguration$$EnhancerBySpringCGLIB$$60d916fc.CGLIB$reactiveVaultSessionManager$1(<generated>) ~[spring-cloud-vault-config-2.1.1.RELEASE.jar:2.1.1.RELEASE]
	at org.springframework.cloud.vault.config.VaultReactiveBootstrapConfiguration$$EnhancerBySpringCGLIB$$60d916fc$$FastClassBySpringCGLIB$$ddb18fa7.invoke(<generated>) ~[spring-cloud-vault-config-2.1.1.RELEASE.jar:2.1.1.RELEASE]
	at org.springframework.cglib.proxy.MethodProxy.invokeSuper(MethodProxy.java:244) ~[spring-core-5.1.8.RELEASE.jar:5.1.8.RELEASE]
	at org.springframework.context.annotation.ConfigurationClassEnhancer$BeanMethodInterceptor.intercept(ConfigurationClassEnhancer.java:363) ~[spring-context-5.1.8.RELEASE.jar:5.1.8.RELEASE]
	at org.springframework.cloud.vault.config.VaultReactiveBootstrapConfiguration$$EnhancerBySpringCGLIB$$60d916fc.reactiveVaultSessionManager(<generated>) ~[spring-cloud-vault-config-2.1.1.RELEASE.jar:2.1.1.RELEASE]
	at java.base/jdk.internal.reflect.NativeMethodAccessorImpl.invoke0(Native Method) ~[na:na]
	at java.base/jdk.internal.reflect.NativeMethodAccessorImpl.invoke(NativeMethodAccessorImpl.java:62) ~[na:na]
	at java.base/jdk.internal.reflect.DelegatingMethodAccessorImpl.invoke(DelegatingMethodAccessorImpl.java:43) ~[na:na]
	at java.base/java.lang.reflect.Method.invoke(Method.java:566) ~[na:na]
	at org.springframework.beans.factory.support.SimpleInstantiationStrategy.instantiate(SimpleInstantiationStrategy.java:154) ~[spring-beans-5.1.8.RELEASE.jar:5.1.8.RELEASE]
	... 72 common frames omitted
Caused by: org.springframework.beans.BeanInstantiationException: Failed to instantiate [org.springframework.vault.authentication.VaultTokenSupplier]: Factory method 'vaultTokenSupplier' threw exception; nested exception is org.springframework.beans.factory.BeanCreationException: Error creating bean with name 'clientAuthentication' defined in class path resource [org/springframework/cloud/vault/config/VaultBootstrapConfiguration.class]: Bean instantiation via factory method failed; nested exception is org.springframework.beans.BeanInstantiationException: Failed to instantiate [org.springframework.vault.authentication.ClientAuthentication]: Factory method 'clientAuthentication' threw exception; nested exception is java.lang.IllegalArgumentException: Token (spring.cloud.vault.token) must not be empty
	at org.springframework.beans.factory.support.SimpleInstantiationStrategy.instantiate(SimpleInstantiationStrategy.java:185) ~[spring-beans-5.1.8.RELEASE.jar:5.1.8.RELEASE]
	at org.springframework.beans.factory.support.ConstructorResolver.instantiate(ConstructorResolver.java:622) ~[spring-beans-5.1.8.RELEASE.jar:5.1.8.RELEASE]
	... 92 common frames omitted
Caused by: org.springframework.beans.factory.BeanCreationException: Error creating bean with name 'clientAuthentication' defined in class path resource [org/springframework/cloud/vault/config/VaultBootstrapConfiguration.class]: Bean instantiation via factory method failed; nested exception is org.springframework.beans.BeanInstantiationException: Failed to instantiate [org.springframework.vault.authentication.ClientAuthentication]: Factory method 'clientAuthentication' threw exception; nested exception is java.lang.IllegalArgumentException: Token (spring.cloud.vault.token) must not be empty
	at org.springframework.beans.factory.support.ConstructorResolver.instantiate(ConstructorResolver.java:627) ~[spring-beans-5.1.8.RELEASE.jar:5.1.8.RELEASE]
	at org.springframework.beans.factory.support.ConstructorResolver.instantiateUsingFactoryMethod(ConstructorResolver.java:456) ~[spring-beans-5.1.8.RELEASE.jar:5.1.8.RELEASE]
	at org.springframework.beans.factory.support.AbstractAutowireCapableBeanFactory.instantiateUsingFactoryMethod(AbstractAutowireCapableBeanFactory.java:1321) ~[spring-beans-5.1.8.RELEASE.jar:5.1.8.RELEASE]
	at org.springframework.beans.factory.support.AbstractAutowireCapableBeanFactory.createBeanInstance(AbstractAutowireCapableBeanFactory.java:1160) ~[spring-beans-5.1.8.RELEASE.jar:5.1.8.RELEASE]
	at org.springframework.beans.factory.support.AbstractAutowireCapableBeanFactory.doCreateBean(AbstractAutowireCapableBeanFactory.java:555) ~[spring-beans-5.1.8.RELEASE.jar:5.1.8.RELEASE]
	at org.springframework.beans.factory.support.AbstractAutowireCapableBeanFactory.createBean(AbstractAutowireCapableBeanFactory.java:515) ~[spring-beans-5.1.8.RELEASE.jar:5.1.8.RELEASE]
	at org.springframework.beans.factory.support.AbstractBeanFactory.lambda$doGetBean$0(AbstractBeanFactory.java:320) ~[spring-beans-5.1.8.RELEASE.jar:5.1.8.RELEASE]
	at org.springframework.beans.factory.support.DefaultSingletonBeanRegistry.getSingleton(DefaultSingletonBeanRegistry.java:222) ~[spring-beans-5.1.8.RELEASE.jar:5.1.8.RELEASE]
	at org.springframework.beans.factory.support.AbstractBeanFactory.doGetBean(AbstractBeanFactory.java:318) ~[spring-beans-5.1.8.RELEASE.jar:5.1.8.RELEASE]
	at org.springframework.beans.factory.support.AbstractBeanFactory.getBean(AbstractBeanFactory.java:224) ~[spring-beans-5.1.8.RELEASE.jar:5.1.8.RELEASE]
	at org.springframework.beans.factory.support.DefaultListableBeanFactory.resolveNamedBean(DefaultListableBeanFactory.java:1119) ~[spring-beans-5.1.8.RELEASE.jar:5.1.8.RELEASE]
	at org.springframework.beans.factory.support.DefaultListableBeanFactory.resolveBean(DefaultListableBeanFactory.java:411) ~[spring-beans-5.1.8.RELEASE.jar:5.1.8.RELEASE]
	at org.springframework.beans.factory.support.DefaultListableBeanFactory.getBean(DefaultListableBeanFactory.java:344) ~[spring-beans-5.1.8.RELEASE.jar:5.1.8.RELEASE]
	at org.springframework.beans.factory.support.DefaultListableBeanFactory.getBean(DefaultListableBeanFactory.java:337) ~[spring-beans-5.1.8.RELEASE.jar:5.1.8.RELEASE]
	at org.springframework.cloud.vault.config.VaultReactiveBootstrapConfiguration.vaultTokenSupplier(VaultReactiveBootstrapConfiguration.java:191) ~[spring-cloud-vault-config-2.1.1.RELEASE.jar:2.1.1.RELEASE]
	at org.springframework.cloud.vault.config.VaultReactiveBootstrapConfiguration$$EnhancerBySpringCGLIB$$60d916fc.CGLIB$vaultTokenSupplier$2(<generated>) ~[spring-cloud-vault-config-2.1.1.RELEASE.jar:2.1.1.RELEASE]
	at org.springframework.cloud.vault.config.VaultReactiveBootstrapConfiguration$$EnhancerBySpringCGLIB$$60d916fc$$FastClassBySpringCGLIB$$ddb18fa7.invoke(<generated>) ~[spring-cloud-vault-config-2.1.1.RELEASE.jar:2.1.1.RELEASE]
	at org.springframework.cglib.proxy.MethodProxy.invokeSuper(MethodProxy.java:244) ~[spring-core-5.1.8.RELEASE.jar:5.1.8.RELEASE]
	at org.springframework.context.annotation.ConfigurationClassEnhancer$BeanMethodInterceptor.intercept(ConfigurationClassEnhancer.java:363) ~[spring-context-5.1.8.RELEASE.jar:5.1.8.RELEASE]
	at org.springframework.cloud.vault.config.VaultReactiveBootstrapConfiguration$$EnhancerBySpringCGLIB$$60d916fc.vaultTokenSupplier(<generated>) ~[spring-cloud-vault-config-2.1.1.RELEASE.jar:2.1.1.RELEASE]
	at java.base/jdk.internal.reflect.NativeMethodAccessorImpl.invoke0(Native Method) ~[na:na]
	at java.base/jdk.internal.reflect.NativeMethodAccessorImpl.invoke(NativeMethodAccessorImpl.java:62) ~[na:na]
	at java.base/jdk.internal.reflect.DelegatingMethodAccessorImpl.invoke(DelegatingMethodAccessorImpl.java:43) ~[na:na]
	at java.base/java.lang.reflect.Method.invoke(Method.java:566) ~[na:na]
	at org.springframework.beans.factory.support.SimpleInstantiationStrategy.instantiate(SimpleInstantiationStrategy.java:154) ~[spring-beans-5.1.8.RELEASE.jar:5.1.8.RELEASE]
	... 93 common frames omitted
Caused by: org.springframework.beans.BeanInstantiationException: Failed to instantiate [org.springframework.vault.authentication.ClientAuthentication]: Factory method 'clientAuthentication' threw exception; nested exception is java.lang.IllegalArgumentException: Token (spring.cloud.vault.token) must not be empty
	at org.springframework.beans.factory.support.SimpleInstantiationStrategy.instantiate(SimpleInstantiationStrategy.java:185) ~[spring-beans-5.1.8.RELEASE.jar:5.1.8.RELEASE]
	at org.springframework.beans.factory.support.ConstructorResolver.instantiate(ConstructorResolver.java:622) ~[spring-beans-5.1.8.RELEASE.jar:5.1.8.RELEASE]
	... 117 common frames omitted
Caused by: java.lang.IllegalArgumentException: Token (spring.cloud.vault.token) must not be empty
	at org.springframework.util.Assert.hasText(Assert.java:284) ~[spring-core-5.1.8.RELEASE.jar:5.1.8.RELEASE]
	at org.springframework.cloud.vault.config.ClientAuthenticationFactory.createClientAuthentication(ClientAuthenticationFactory.java:194) ~[spring-cloud-vault-config-2.1.1.RELEASE.jar:2.1.1.RELEASE]
	at org.springframework.cloud.vault.config.VaultBootstrapConfiguration.clientAuthentication(VaultBootstrapConfiguration.java:208) ~[spring-cloud-vault-config-2.1.1.RELEASE.jar:2.1.1.RELEASE]
	at org.springframework.cloud.vault.config.VaultBootstrapConfiguration$$EnhancerBySpringCGLIB$$7fed0c83.CGLIB$clientAuthentication$2(<generated>) ~[spring-cloud-vault-config-2.1.1.RELEASE.jar:2.1.1.RELEASE]
	at org.springframework.cloud.vault.config.VaultBootstrapConfiguration$$EnhancerBySpringCGLIB$$7fed0c83$$FastClassBySpringCGLIB$$a2cb5b8b.invoke(<generated>) ~[spring-cloud-vault-config-2.1.1.RELEASE.jar:2.1.1.RELEASE]
	at org.springframework.cglib.proxy.MethodProxy.invokeSuper(MethodProxy.java:244) ~[spring-core-5.1.8.RELEASE.jar:5.1.8.RELEASE]
	at org.springframework.context.annotation.ConfigurationClassEnhancer$BeanMethodInterceptor.intercept(ConfigurationClassEnhancer.java:363) ~[spring-context-5.1.8.RELEASE.jar:5.1.8.RELEASE]
	at org.springframework.cloud.vault.config.VaultBootstrapConfiguration$$EnhancerBySpringCGLIB$$7fed0c83.clientAuthentication(<generated>) ~[spring-cloud-vault-config-2.1.1.RELEASE.jar:2.1.1.RELEASE]
	at java.base/jdk.internal.reflect.NativeMethodAccessorImpl.invoke0(Native Method) ~[na:na]
	at java.base/jdk.internal.reflect.NativeMethodAccessorImpl.invoke(NativeMethodAccessorImpl.java:62) ~[na:na]
	at java.base/jdk.internal.reflect.DelegatingMethodAccessorImpl.invoke(DelegatingMethodAccessorImpl.java:43) ~[na:na]
	at java.base/java.lang.reflect.Method.invoke(Method.java:566) ~[na:na]
	at org.springframework.beans.factory.support.SimpleInstantiationStrategy.instantiate(SimpleInstantiationStrategy.java:154) ~[spring-beans-5.1.8.RELEASE.jar:5.1.8.RELEASE]
	... 118 common frames omitted

]]></system-out>
  </testcase>
</testsuite>