<?xml version="1.0" encoding="UTF-8"?>
<testsuite xmlns:xsi="http://www.w3.org/2001/XMLSchema-instance" xsi:noNamespaceSchemaLocation="https://maven.apache.org/surefire/maven-surefire-plugin/xsd/surefire-test-report.xsd" name="br.com.user.controller.resource.ActionsResourceTest" time="0.582" tests="9" errors="0" skipped="0" failures="0">
  <properties>
    <property name="sun.desktop" value="gnome"/>
    <property name="awt.toolkit" value="sun.awt.X11.XToolkit"/>
    <property name="java.specification.version" value="12"/>
    <property name="sun.jnu.encoding" value="UTF-8"/>
    <property name="java.class.path" value="/home/edson/eclipse-workspace/users-credentials/target/test-classes:/home/edson/eclipse-workspace/users-credentials/target/classes:/home/edson/.m2/repository/org/springframework/boot/spring-boot-starter-actuator/2.1.6.RELEASE/spring-boot-starter-actuator-2.1.6.RELEASE.jar:/home/edson/.m2/repository/org/springframework/boot/spring-boot-starter/2.1.6.RELEASE/spring-boot-starter-2.1.6.RELEASE.jar:/home/edson/.m2/repository/org/springframework/boot/spring-boot-starter-logging/2.1.6.RELEASE/spring-boot-starter-logging-2.1.6.RELEASE.jar:/home/edson/.m2/repository/org/apache/logging/log4j/log4j-to-slf4j/2.11.2/log4j-to-slf4j-2.11.2.jar:/home/edson/.m2/repository/org/apache/logging/log4j/log4j-api/2.11.2/log4j-api-2.11.2.jar:/home/edson/.m2/repository/org/slf4j/jul-to-slf4j/1.7.26/jul-to-slf4j-1.7.26.jar:/home/edson/.m2/repository/javax/annotation/javax.annotation-api/1.3.2/javax.annotation-api-1.3.2.jar:/home/edson/.m2/repository/org/yaml/snakeyaml/1.23/snakeyaml-1.23.jar:/home/edson/.m2/repository/org/springframework/boot/spring-boot-actuator-autoconfigure/2.1.6.RELEASE/spring-boot-actuator-autoconfigure-2.1.6.RELEASE.jar:/home/edson/.m2/repository/org/springframework/boot/spring-boot-actuator/2.1.6.RELEASE/spring-boot-actuator-2.1.6.RELEASE.jar:/home/edson/.m2/repository/com/fasterxml/jackson/datatype/jackson-datatype-jsr310/2.9.9/jackson-datatype-jsr310-2.9.9.jar:/home/edson/.m2/repository/io/micrometer/micrometer-core/1.1.5/micrometer-core-1.1.5.jar:/home/edson/.m2/repository/org/hdrhistogram/HdrHistogram/2.1.9/HdrHistogram-2.1.9.jar:/home/edson/.m2/repository/org/latencyutils/LatencyUtils/2.0.3/LatencyUtils-2.0.3.jar:/home/edson/.m2/repository/org/springframework/boot/spring-boot-starter-web/2.1.6.RELEASE/spring-boot-starter-web-2.1.6.RELEASE.jar:/home/edson/.m2/repository/org/springframework/boot/spring-boot-starter-json/2.1.6.RELEASE/spring-boot-starter-json-2.1.6.RELEASE.jar:/home/edson/.m2/repository/com/fasterxml/jackson/datatype/jackson-datatype-jdk8/2.9.9/jackson-datatype-jdk8-2.9.9.jar:/home/edson/.m2/repository/com/fasterxml/jackson/module/jackson-module-parameter-names/2.9.9/jackson-module-parameter-names-2.9.9.jar:/home/edson/.m2/repository/org/springframework/boot/spring-boot-starter-tomcat/2.1.6.RELEASE/spring-boot-starter-tomcat-2.1.6.RELEASE.jar:/home/edson/.m2/repository/org/apache/tomcat/embed/tomcat-embed-core/9.0.21/tomcat-embed-core-9.0.21.jar:/home/edson/.m2/repository/org/apache/tomcat/embed/tomcat-embed-el/9.0.21/tomcat-embed-el-9.0.21.jar:/home/edson/.m2/repository/org/apache/tomcat/embed/tomcat-embed-websocket/9.0.21/tomcat-embed-websocket-9.0.21.jar:/home/edson/.m2/repository/org/hibernate/validator/hibernate-validator/6.0.17.Final/hibernate-validator-6.0.17.Final.jar:/home/edson/.m2/repository/javax/validation/validation-api/2.0.1.Final/validation-api-2.0.1.Final.jar:/home/edson/.m2/repository/org/jboss/logging/jboss-logging/3.3.2.Final/jboss-logging-3.3.2.Final.jar:/home/edson/.m2/repository/com/fasterxml/classmate/1.4.0/classmate-1.4.0.jar:/home/edson/.m2/repository/org/springframework/spring-web/5.1.8.RELEASE/spring-web-5.1.8.RELEASE.jar:/home/edson/.m2/repository/org/springframework/spring-webmvc/5.1.8.RELEASE/spring-webmvc-5.1.8.RELEASE.jar:/home/edson/.m2/repository/org/springframework/spring-aop/5.1.8.RELEASE/spring-aop-5.1.8.RELEASE.jar:/home/edson/.m2/repository/org/springframework/spring-expression/5.1.8.RELEASE/spring-expression-5.1.8.RELEASE.jar:/home/edson/.m2/repository/org/springframework/boot/spring-boot-starter-test/2.1.6.RELEASE/spring-boot-starter-test-2.1.6.RELEASE.jar:/home/edson/.m2/repository/org/springframework/boot/spring-boot-test/2.1.6.RELEASE/spring-boot-test-2.1.6.RELEASE.jar:/home/edson/.m2/repository/org/springframework/boot/spring-boot-test-autoconfigure/2.1.6.RELEASE/spring-boot-test-autoconfigure-2.1.6.RELEASE.jar:/home/edson/.m2/repository/com/jayway/jsonpath/json-path/2.4.0/json-path-2.4.0.jar:/home/edson/.m2/repository/net/minidev/json-smart/2.3/json-smart-2.3.jar:/home/edson/.m2/repository/net/minidev/accessors-smart/1.2/accessors-smart-1.2.jar:/home/edson/.m2/repository/org/ow2/asm/asm/5.0.4/asm-5.0.4.jar:/home/edson/.m2/repository/org/slf4j/slf4j-api/1.7.26/slf4j-api-1.7.26.jar:/home/edson/.m2/repository/junit/junit/4.12/junit-4.12.jar:/home/edson/.m2/repository/org/assertj/assertj-core/3.11.1/assertj-core-3.11.1.jar:/home/edson/.m2/repository/org/mockito/mockito-core/2.23.4/mockito-core-2.23.4.jar:/home/edson/.m2/repository/net/bytebuddy/byte-buddy/1.9.13/byte-buddy-1.9.13.jar:/home/edson/.m2/repository/net/bytebuddy/byte-buddy-agent/1.9.13/byte-buddy-agent-1.9.13.jar:/home/edson/.m2/repository/org/objenesis/objenesis/2.6/objenesis-2.6.jar:/home/edson/.m2/repository/org/hamcrest/hamcrest-core/1.3/hamcrest-core-1.3.jar:/home/edson/.m2/repository/org/hamcrest/hamcrest-library/1.3/hamcrest-library-1.3.jar:/home/edson/.m2/repository/org/skyscreamer/jsonassert/1.5.0/jsonassert-1.5.0.jar:/home/edson/.m2/repository/com/vaadin/external/google/android-json/0.0.20131108.vaadin1/android-json-0.0.20131108.vaadin1.jar:/home/edson/.m2/repository/org/springframework/spring-core/5.1.8.RELEASE/spring-core-5.1.8.RELEASE.jar:/home/edson/.m2/repository/org/springframework/spring-jcl/5.1.8.RELEASE/spring-jcl-5.1.8.RELEASE.jar:/home/edson/.m2/repository/org/springframework/spring-test/5.1.8.RELEASE/spring-test-5.1.8.RELEASE.jar:/home/edson/.m2/repository/org/xmlunit/xmlunit-core/2.6.2/xmlunit-core-2.6.2.jar:/home/edson/.m2/repository/javax/xml/bind/jaxb-api/2.3.1/jaxb-api-2.3.1.jar:/home/edson/.m2/repository/javax/activation/javax.activation-api/1.2.0/javax.activation-api-1.2.0.jar:/home/edson/.m2/repository/org/springframework/boot/spring-boot-starter-data-mongodb/2.1.6.RELEASE/spring-boot-starter-data-mongodb-2.1.6.RELEASE.jar:/home/edson/.m2/repository/org/mongodb/mongodb-driver/3.8.2/mongodb-driver-3.8.2.jar:/home/edson/.m2/repository/org/mongodb/bson/3.8.2/bson-3.8.2.jar:/home/edson/.m2/repository/org/mongodb/mongodb-driver-core/3.8.2/mongodb-driver-core-3.8.2.jar:/home/edson/.m2/repository/org/springframework/data/spring-data-mongodb/2.1.9.RELEASE/spring-data-mongodb-2.1.9.RELEASE.jar:/home/edson/.m2/repository/org/springframework/spring-tx/5.1.8.RELEASE/spring-tx-5.1.8.RELEASE.jar:/home/edson/.m2/repository/org/springframework/data/spring-data-commons/2.1.9.RELEASE/spring-data-commons-2.1.9.RELEASE.jar:/home/edson/.m2/repository/org/springframework/boot/spring-boot-starter-webflux/2.1.6.RELEASE/spring-boot-starter-webflux-2.1.6.RELEASE.jar:/home/edson/.m2/repository/org/springframework/boot/spring-boot-starter-reactor-netty/2.1.6.RELEASE/spring-boot-starter-reactor-netty-2.1.6.RELEASE.jar:/home/edson/.m2/repository/io/projectreactor/netty/reactor-netty/0.8.9.RELEASE/reactor-netty-0.8.9.RELEASE.jar:/home/edson/.m2/repository/org/glassfish/javax.el/3.0.0/javax.el-3.0.0.jar:/home/edson/.m2/repository/org/springframework/spring-webflux/5.1.8.RELEASE/spring-webflux-5.1.8.RELEASE.jar:/home/edson/.m2/repository/io/projectreactor/reactor-core/3.2.10.RELEASE/reactor-core-3.2.10.RELEASE.jar:/home/edson/.m2/repository/org/reactivestreams/reactive-streams/1.0.2/reactive-streams-1.0.2.jar:/home/edson/.m2/repository/org/synchronoss/cloud/nio-multipart-parser/1.1.0/nio-multipart-parser-1.1.0.jar:/home/edson/.m2/repository/org/synchronoss/cloud/nio-stream-storage/1.1.3/nio-stream-storage-1.1.3.jar:/home/edson/.m2/repository/org/springframework/boot/spring-boot-devtools/2.1.6.RELEASE/spring-boot-devtools-2.1.6.RELEASE.jar:/home/edson/.m2/repository/org/springframework/boot/spring-boot/2.1.6.RELEASE/spring-boot-2.1.6.RELEASE.jar:/home/edson/.m2/repository/org/springframework/boot/spring-boot-autoconfigure/2.1.6.RELEASE/spring-boot-autoconfigure-2.1.6.RELEASE.jar:/home/edson/.m2/repository/org/projectlombok/lombok/1.18.8/lombok-1.18.8.jar:/home/edson/.m2/repository/io/gatling/highcharts/gatling-charts-highcharts/3.1.2/gatling-charts-highcharts-3.1.2.jar:/home/edson/.m2/repository/org/scala-lang/scala-library/2.12.8/scala-library-2.12.8.jar:/home/edson/.m2/repository/io/gatling/gatling-charts/3.1.2/gatling-charts-3.1.2.jar:/home/edson/.m2/repository/io/gatling/gatling-core/3.1.2/gatling-core-3.1.2.jar:/home/edson/.m2/repository/com/typesafe/akka/akka-slf4j_2.12/2.5.22/akka-slf4j_2.12-2.5.22.jar:/home/edson/.m2/repository/org/simpleflatmapper/lightning-csv/6.7.0/lightning-csv-6.7.0.jar:/home/edson/.m2/repository/org/simpleflatmapper/sfm-util/6.7.0/sfm-util-6.7.0.jar:/home/edson/.m2/repository/com/github/ben-manes/caffeine/caffeine/2.6.2/caffeine-2.6.2.jar:/home/edson/.m2/repository/io/pebbletemplates/pebble/3.0.9/pebble-3.0.9.jar:/home/edson/.m2/repository/org/unbescape/unbescape/1.1.6.RELEASE/unbescape-1.1.6.RELEASE.jar:/home/edson/.m2/repository/org/scala-lang/modules/scala-parser-combinators_2.12/1.1.2/scala-parser-combinators_2.12-1.1.2.jar:/home/edson/.m2/repository/com/github/scopt/scopt_2.12/3.7.1/scopt_2.12-3.7.1.jar:/home/edson/.m2/repository/io/gatling/jsonpath_2.12/0.6.14/jsonpath_2.12-0.6.14.jar:/home/edson/.m2/repository/org/jodd/jodd-json/5.0.13/jodd-json-5.0.13.jar:/home/edson/.m2/repository/org/jodd/jodd-bean/5.0.13/jodd-bean-5.0.13.jar:/home/edson/.m2/repository/org/jodd/jodd-core/5.0.13/jodd-core-5.0.13.jar:/home/edson/.m2/repository/net/sf/saxon/Saxon-HE/9.9.1-2/Saxon-HE-9.9.1-2.jar:/home/edson/.m2/repository/com/ibm/icu/icu4j/63.1/icu4j-63.1.jar:/home/edson/.m2/repository/org/jodd/jodd-lagarto/5.0.13/jodd-lagarto-5.0.13.jar:/home/edson/.m2/repository/org/jodd/jodd-log/5.0.13/jodd-log-5.0.13.jar:/home/edson/.m2/repository/com/tdunning/t-digest/3.1/t-digest-3.1.jar:/home/edson/.m2/repository/io/gatling/gatling-app/3.1.2/gatling-app-3.1.2.jar:/home/edson/.m2/repository/io/gatling/gatling-http/3.1.2/gatling-http-3.1.2.jar:/home/edson/.m2/repository/org/scala-lang/modules/scala-xml_2.12/1.2.0/scala-xml_2.12-1.2.0.jar:/home/edson/.m2/repository/io/gatling/gatling-jms/3.1.2/gatling-jms-3.1.2.jar:/home/edson/.m2/repository/org/apache/geronimo/specs/geronimo-jms_1.1_spec/1.1.1/geronimo-jms_1.1_spec-1.1.1.jar:/home/edson/.m2/repository/io/gatling/gatling-jdbc/3.1.2/gatling-jdbc-3.1.2.jar:/home/edson/.m2/repository/io/gatling/gatling-redis/3.1.2/gatling-redis-3.1.2.jar:/home/edson/.m2/repository/net/debasishg/redisclient_2.12/3.9/redisclient_2.12-3.9.jar:/home/edson/.m2/repository/org/apache/commons/commons-pool2/2.6.2/commons-pool2-2.6.2.jar:/home/edson/.m2/repository/io/gatling/gatling-graphite/3.1.2/gatling-graphite-3.1.2.jar:/home/edson/.m2/repository/io/gatling/gatling-recorder/3.1.2/gatling-recorder-3.1.2.jar:/home/edson/.m2/repository/org/scala-lang/modules/scala-swing_2.12/2.1.1/scala-swing_2.12-2.1.1.jar:/home/edson/.m2/repository/org/json4s/json4s-jackson_2.12/3.6.5/json4s-jackson_2.12-3.6.5.jar:/home/edson/.m2/repository/org/json4s/json4s-core_2.12/3.6.5/json4s-core_2.12-3.6.5.jar:/home/edson/.m2/repository/org/json4s/json4s-ast_2.12/3.6.5/json4s-ast_2.12-3.6.5.jar:/home/edson/.m2/repository/org/json4s/json4s-scalap_2.12/3.6.5/json4s-scalap_2.12-3.6.5.jar:/home/edson/.m2/repository/com/thoughtworks/paranamer/paranamer/2.8/paranamer-2.8.jar:/home/edson/.m2/repository/org/bouncycastle/bcpkix-jdk15on/1.61/bcpkix-jdk15on-1.61.jar:/home/edson/.m2/repository/org/bouncycastle/bcprov-jdk15on/1.61/bcprov-jdk15on-1.61.jar:/home/edson/.m2/repository/io/netty/netty-codec-http/4.1.36.Final/netty-codec-http-4.1.36.Final.jar:/home/edson/.m2/repository/io/netty/netty-common/4.1.36.Final/netty-common-4.1.36.Final.jar:/home/edson/.m2/repository/io/netty/netty-transport/4.1.36.Final/netty-transport-4.1.36.Final.jar:/home/edson/.m2/repository/io/netty/netty-codec/4.1.36.Final/netty-codec-4.1.36.Final.jar:/home/edson/.m2/repository/com/typesafe/akka/akka-actor_2.12/2.5.22/akka-actor_2.12-2.5.22.jar:/home/edson/.m2/repository/io/gatling/gatling-http-client/3.1.2/gatling-http-client-3.1.2.jar:/home/edson/.m2/repository/io/gatling/gatling-netty-util/3.1.2/gatling-netty-util-3.1.2.jar:/home/edson/.m2/repository/io/netty/netty-buffer/4.1.36.Final/netty-buffer-4.1.36.Final.jar:/home/edson/.m2/repository/io/netty/netty-handler/4.1.36.Final/netty-handler-4.1.36.Final.jar:/home/edson/.m2/repository/io/netty/netty-handler-proxy/4.1.36.Final/netty-handler-proxy-4.1.36.Final.jar:/home/edson/.m2/repository/io/netty/netty-codec-socks/4.1.36.Final/netty-codec-socks-4.1.36.Final.jar:/home/edson/.m2/repository/io/netty/netty-resolver-dns/4.1.36.Final/netty-resolver-dns-4.1.36.Final.jar:/home/edson/.m2/repository/io/netty/netty-resolver/4.1.36.Final/netty-resolver-4.1.36.Final.jar:/home/edson/.m2/repository/io/netty/netty-codec-dns/4.1.36.Final/netty-codec-dns-4.1.36.Final.jar:/home/edson/.m2/repository/io/netty/netty-transport-native-epoll/4.1.36.Final/netty-transport-native-epoll-4.1.36.Final-linux-x86_64.jar:/home/edson/.m2/repository/io/netty/netty-transport-native-unix-common/4.1.36.Final/netty-transport-native-unix-common-4.1.36.Final.jar:/home/edson/.m2/repository/io/netty/netty-codec-http2/4.1.36.Final/netty-codec-http2-4.1.36.Final.jar:/home/edson/.m2/repository/io/netty/netty-tcnative-boringssl-static/2.0.25.Final/netty-tcnative-boringssl-static-2.0.25.Final.jar:/home/edson/.m2/repository/com/sun/activation/javax.activation/1.2.0/javax.activation-1.2.0.jar:/home/edson/.m2/repository/com/typesafe/scala-logging/scala-logging_2.12/3.9.2/scala-logging_2.12-3.9.2.jar:/home/edson/.m2/repository/ch/qos/logback/logback-classic/1.2.3/logback-classic-1.2.3.jar:/home/edson/.m2/repository/ch/qos/logback/logback-core/1.2.3/logback-core-1.2.3.jar:/home/edson/.m2/repository/io/gatling/gatling-commons/3.1.2/gatling-commons-3.1.2.jar:/home/edson/.m2/repository/org/scala-lang/scala-reflect/2.12.8/scala-reflect-2.12.8.jar:/home/edson/.m2/repository/com/typesafe/config/1.3.4/config-1.3.4.jar:/home/edson/.m2/repository/com/dongxiguo/fastring_2.12/1.0.0/fastring_2.12-1.0.0.jar:/home/edson/.m2/repository/io/suzaku/boopickle_2.12/1.3.1/boopickle_2.12-1.3.1.jar:/home/edson/.m2/repository/org/typelevel/spire-macros_2.12/0.16.1/spire-macros_2.12-0.16.1.jar:/home/edson/.m2/repository/org/scala-lang/modules/scala-collection-compat_2.12/0.3.0/scala-collection-compat_2.12-0.3.0.jar:/home/edson/.m2/repository/com/softwaremill/quicklens/quicklens_2.12/1.4.12/quicklens_2.12-1.4.12.jar:/home/edson/.m2/repository/org/scala-lang/modules/scala-java8-compat_2.12/0.9.0/scala-java8-compat_2.12-0.9.0.jar:/home/edson/.m2/repository/com/eatthepath/fast-uuid/0.1/fast-uuid-0.1.jar:/home/edson/.m2/repository/org/springframework/vault/spring-vault-core/2.1.2.RELEASE/spring-vault-core-2.1.2.RELEASE.jar:/home/edson/.m2/repository/org/springframework/spring-context/5.1.8.RELEASE/spring-context-5.1.8.RELEASE.jar:/home/edson/.m2/repository/org/springframework/spring-beans/5.1.8.RELEASE/spring-beans-5.1.8.RELEASE.jar:/home/edson/.m2/repository/com/fasterxml/jackson/core/jackson-databind/2.9.9/jackson-databind-2.9.9.jar:/home/edson/.m2/repository/com/fasterxml/jackson/core/jackson-annotations/2.9.0/jackson-annotations-2.9.0.jar:/home/edson/.m2/repository/com/fasterxml/jackson/core/jackson-core/2.9.9/jackson-core-2.9.9.jar:"/>
    <property name="java.vm.vendor" value="Oracle Corporation"/>
    <property name="sun.arch.data.model" value="64"/>
    <property name="java.vendor.url" value="https://java.oracle.com/"/>
    <property name="os.name" value="Linux"/>
    <property name="java.vm.specification.version" value="12"/>
    <property name="sun.java.launcher" value="SUN_STANDARD"/>
    <property name="user.country" value="US"/>
    <property name="sun.boot.library.path" value="/opt/java/jdk-12.0.1/lib"/>
    <property name="sun.java.command" value="/home/edson/eclipse-workspace/users-credentials/target/surefire/surefirebooter2132013121551770788.jar /home/edson/eclipse-workspace/users-credentials/target/surefire 2019-07-04T12-58-55_783-jvmRun1 surefire4463789808395862314tmp surefire_018029001043761349951tmp"/>
    <property name="jdk.debug" value="release"/>
    <property name="surefire.test.class.path" value="/home/edson/eclipse-workspace/users-credentials/target/test-classes:/home/edson/eclipse-workspace/users-credentials/target/classes:/home/edson/.m2/repository/org/springframework/boot/spring-boot-starter-actuator/2.1.6.RELEASE/spring-boot-starter-actuator-2.1.6.RELEASE.jar:/home/edson/.m2/repository/org/springframework/boot/spring-boot-starter/2.1.6.RELEASE/spring-boot-starter-2.1.6.RELEASE.jar:/home/edson/.m2/repository/org/springframework/boot/spring-boot-starter-logging/2.1.6.RELEASE/spring-boot-starter-logging-2.1.6.RELEASE.jar:/home/edson/.m2/repository/org/apache/logging/log4j/log4j-to-slf4j/2.11.2/log4j-to-slf4j-2.11.2.jar:/home/edson/.m2/repository/org/apache/logging/log4j/log4j-api/2.11.2/log4j-api-2.11.2.jar:/home/edson/.m2/repository/org/slf4j/jul-to-slf4j/1.7.26/jul-to-slf4j-1.7.26.jar:/home/edson/.m2/repository/javax/annotation/javax.annotation-api/1.3.2/javax.annotation-api-1.3.2.jar:/home/edson/.m2/repository/org/yaml/snakeyaml/1.23/snakeyaml-1.23.jar:/home/edson/.m2/repository/org/springframework/boot/spring-boot-actuator-autoconfigure/2.1.6.RELEASE/spring-boot-actuator-autoconfigure-2.1.6.RELEASE.jar:/home/edson/.m2/repository/org/springframework/boot/spring-boot-actuator/2.1.6.RELEASE/spring-boot-actuator-2.1.6.RELEASE.jar:/home/edson/.m2/repository/com/fasterxml/jackson/datatype/jackson-datatype-jsr310/2.9.9/jackson-datatype-jsr310-2.9.9.jar:/home/edson/.m2/repository/io/micrometer/micrometer-core/1.1.5/micrometer-core-1.1.5.jar:/home/edson/.m2/repository/org/hdrhistogram/HdrHistogram/2.1.9/HdrHistogram-2.1.9.jar:/home/edson/.m2/repository/org/latencyutils/LatencyUtils/2.0.3/LatencyUtils-2.0.3.jar:/home/edson/.m2/repository/org/springframework/boot/spring-boot-starter-web/2.1.6.RELEASE/spring-boot-starter-web-2.1.6.RELEASE.jar:/home/edson/.m2/repository/org/springframework/boot/spring-boot-starter-json/2.1.6.RELEASE/spring-boot-starter-json-2.1.6.RELEASE.jar:/home/edson/.m2/repository/com/fasterxml/jackson/datatype/jackson-datatype-jdk8/2.9.9/jackson-datatype-jdk8-2.9.9.jar:/home/edson/.m2/repository/com/fasterxml/jackson/module/jackson-module-parameter-names/2.9.9/jackson-module-parameter-names-2.9.9.jar:/home/edson/.m2/repository/org/springframework/boot/spring-boot-starter-tomcat/2.1.6.RELEASE/spring-boot-starter-tomcat-2.1.6.RELEASE.jar:/home/edson/.m2/repository/org/apache/tomcat/embed/tomcat-embed-core/9.0.21/tomcat-embed-core-9.0.21.jar:/home/edson/.m2/repository/org/apache/tomcat/embed/tomcat-embed-el/9.0.21/tomcat-embed-el-9.0.21.jar:/home/edson/.m2/repository/org/apache/tomcat/embed/tomcat-embed-websocket/9.0.21/tomcat-embed-websocket-9.0.21.jar:/home/edson/.m2/repository/org/hibernate/validator/hibernate-validator/6.0.17.Final/hibernate-validator-6.0.17.Final.jar:/home/edson/.m2/repository/javax/validation/validation-api/2.0.1.Final/validation-api-2.0.1.Final.jar:/home/edson/.m2/repository/org/jboss/logging/jboss-logging/3.3.2.Final/jboss-logging-3.3.2.Final.jar:/home/edson/.m2/repository/com/fasterxml/classmate/1.4.0/classmate-1.4.0.jar:/home/edson/.m2/repository/org/springframework/spring-web/5.1.8.RELEASE/spring-web-5.1.8.RELEASE.jar:/home/edson/.m2/repository/org/springframework/spring-webmvc/5.1.8.RELEASE/spring-webmvc-5.1.8.RELEASE.jar:/home/edson/.m2/repository/org/springframework/spring-aop/5.1.8.RELEASE/spring-aop-5.1.8.RELEASE.jar:/home/edson/.m2/repository/org/springframework/spring-expression/5.1.8.RELEASE/spring-expression-5.1.8.RELEASE.jar:/home/edson/.m2/repository/org/springframework/boot/spring-boot-starter-test/2.1.6.RELEASE/spring-boot-starter-test-2.1.6.RELEASE.jar:/home/edson/.m2/repository/org/springframework/boot/spring-boot-test/2.1.6.RELEASE/spring-boot-test-2.1.6.RELEASE.jar:/home/edson/.m2/repository/org/springframework/boot/spring-boot-test-autoconfigure/2.1.6.RELEASE/spring-boot-test-autoconfigure-2.1.6.RELEASE.jar:/home/edson/.m2/repository/com/jayway/jsonpath/json-path/2.4.0/json-path-2.4.0.jar:/home/edson/.m2/repository/net/minidev/json-smart/2.3/json-smart-2.3.jar:/home/edson/.m2/repository/net/minidev/accessors-smart/1.2/accessors-smart-1.2.jar:/home/edson/.m2/repository/org/ow2/asm/asm/5.0.4/asm-5.0.4.jar:/home/edson/.m2/repository/org/slf4j/slf4j-api/1.7.26/slf4j-api-1.7.26.jar:/home/edson/.m2/repository/junit/junit/4.12/junit-4.12.jar:/home/edson/.m2/repository/org/assertj/assertj-core/3.11.1/assertj-core-3.11.1.jar:/home/edson/.m2/repository/org/mockito/mockito-core/2.23.4/mockito-core-2.23.4.jar:/home/edson/.m2/repository/net/bytebuddy/byte-buddy/1.9.13/byte-buddy-1.9.13.jar:/home/edson/.m2/repository/net/bytebuddy/byte-buddy-agent/1.9.13/byte-buddy-agent-1.9.13.jar:/home/edson/.m2/repository/org/objenesis/objenesis/2.6/objenesis-2.6.jar:/home/edson/.m2/repository/org/hamcrest/hamcrest-core/1.3/hamcrest-core-1.3.jar:/home/edson/.m2/repository/org/hamcrest/hamcrest-library/1.3/hamcrest-library-1.3.jar:/home/edson/.m2/repository/org/skyscreamer/jsonassert/1.5.0/jsonassert-1.5.0.jar:/home/edson/.m2/repository/com/vaadin/external/google/android-json/0.0.20131108.vaadin1/android-json-0.0.20131108.vaadin1.jar:/home/edson/.m2/repository/org/springframework/spring-core/5.1.8.RELEASE/spring-core-5.1.8.RELEASE.jar:/home/edson/.m2/repository/org/springframework/spring-jcl/5.1.8.RELEASE/spring-jcl-5.1.8.RELEASE.jar:/home/edson/.m2/repository/org/springframework/spring-test/5.1.8.RELEASE/spring-test-5.1.8.RELEASE.jar:/home/edson/.m2/repository/org/xmlunit/xmlunit-core/2.6.2/xmlunit-core-2.6.2.jar:/home/edson/.m2/repository/javax/xml/bind/jaxb-api/2.3.1/jaxb-api-2.3.1.jar:/home/edson/.m2/repository/javax/activation/javax.activation-api/1.2.0/javax.activation-api-1.2.0.jar:/home/edson/.m2/repository/org/springframework/boot/spring-boot-starter-data-mongodb/2.1.6.RELEASE/spring-boot-starter-data-mongodb-2.1.6.RELEASE.jar:/home/edson/.m2/repository/org/mongodb/mongodb-driver/3.8.2/mongodb-driver-3.8.2.jar:/home/edson/.m2/repository/org/mongodb/bson/3.8.2/bson-3.8.2.jar:/home/edson/.m2/repository/org/mongodb/mongodb-driver-core/3.8.2/mongodb-driver-core-3.8.2.jar:/home/edson/.m2/repository/org/springframework/data/spring-data-mongodb/2.1.9.RELEASE/spring-data-mongodb-2.1.9.RELEASE.jar:/home/edson/.m2/repository/org/springframework/spring-tx/5.1.8.RELEASE/spring-tx-5.1.8.RELEASE.jar:/home/edson/.m2/repository/org/springframework/data/spring-data-commons/2.1.9.RELEASE/spring-data-commons-2.1.9.RELEASE.jar:/home/edson/.m2/repository/org/springframework/boot/spring-boot-starter-webflux/2.1.6.RELEASE/spring-boot-starter-webflux-2.1.6.RELEASE.jar:/home/edson/.m2/repository/org/springframework/boot/spring-boot-starter-reactor-netty/2.1.6.RELEASE/spring-boot-starter-reactor-netty-2.1.6.RELEASE.jar:/home/edson/.m2/repository/io/projectreactor/netty/reactor-netty/0.8.9.RELEASE/reactor-netty-0.8.9.RELEASE.jar:/home/edson/.m2/repository/org/glassfish/javax.el/3.0.0/javax.el-3.0.0.jar:/home/edson/.m2/repository/org/springframework/spring-webflux/5.1.8.RELEASE/spring-webflux-5.1.8.RELEASE.jar:/home/edson/.m2/repository/io/projectreactor/reactor-core/3.2.10.RELEASE/reactor-core-3.2.10.RELEASE.jar:/home/edson/.m2/repository/org/reactivestreams/reactive-streams/1.0.2/reactive-streams-1.0.2.jar:/home/edson/.m2/repository/org/synchronoss/cloud/nio-multipart-parser/1.1.0/nio-multipart-parser-1.1.0.jar:/home/edson/.m2/repository/org/synchronoss/cloud/nio-stream-storage/1.1.3/nio-stream-storage-1.1.3.jar:/home/edson/.m2/repository/org/springframework/boot/spring-boot-devtools/2.1.6.RELEASE/spring-boot-devtools-2.1.6.RELEASE.jar:/home/edson/.m2/repository/org/springframework/boot/spring-boot/2.1.6.RELEASE/spring-boot-2.1.6.RELEASE.jar:/home/edson/.m2/repository/org/springframework/boot/spring-boot-autoconfigure/2.1.6.RELEASE/spring-boot-autoconfigure-2.1.6.RELEASE.jar:/home/edson/.m2/repository/org/projectlombok/lombok/1.18.8/lombok-1.18.8.jar:/home/edson/.m2/repository/io/gatling/highcharts/gatling-charts-highcharts/3.1.2/gatling-charts-highcharts-3.1.2.jar:/home/edson/.m2/repository/org/scala-lang/scala-library/2.12.8/scala-library-2.12.8.jar:/home/edson/.m2/repository/io/gatling/gatling-charts/3.1.2/gatling-charts-3.1.2.jar:/home/edson/.m2/repository/io/gatling/gatling-core/3.1.2/gatling-core-3.1.2.jar:/home/edson/.m2/repository/com/typesafe/akka/akka-slf4j_2.12/2.5.22/akka-slf4j_2.12-2.5.22.jar:/home/edson/.m2/repository/org/simpleflatmapper/lightning-csv/6.7.0/lightning-csv-6.7.0.jar:/home/edson/.m2/repository/org/simpleflatmapper/sfm-util/6.7.0/sfm-util-6.7.0.jar:/home/edson/.m2/repository/com/github/ben-manes/caffeine/caffeine/2.6.2/caffeine-2.6.2.jar:/home/edson/.m2/repository/io/pebbletemplates/pebble/3.0.9/pebble-3.0.9.jar:/home/edson/.m2/repository/org/unbescape/unbescape/1.1.6.RELEASE/unbescape-1.1.6.RELEASE.jar:/home/edson/.m2/repository/org/scala-lang/modules/scala-parser-combinators_2.12/1.1.2/scala-parser-combinators_2.12-1.1.2.jar:/home/edson/.m2/repository/com/github/scopt/scopt_2.12/3.7.1/scopt_2.12-3.7.1.jar:/home/edson/.m2/repository/io/gatling/jsonpath_2.12/0.6.14/jsonpath_2.12-0.6.14.jar:/home/edson/.m2/repository/org/jodd/jodd-json/5.0.13/jodd-json-5.0.13.jar:/home/edson/.m2/repository/org/jodd/jodd-bean/5.0.13/jodd-bean-5.0.13.jar:/home/edson/.m2/repository/org/jodd/jodd-core/5.0.13/jodd-core-5.0.13.jar:/home/edson/.m2/repository/net/sf/saxon/Saxon-HE/9.9.1-2/Saxon-HE-9.9.1-2.jar:/home/edson/.m2/repository/com/ibm/icu/icu4j/63.1/icu4j-63.1.jar:/home/edson/.m2/repository/org/jodd/jodd-lagarto/5.0.13/jodd-lagarto-5.0.13.jar:/home/edson/.m2/repository/org/jodd/jodd-log/5.0.13/jodd-log-5.0.13.jar:/home/edson/.m2/repository/com/tdunning/t-digest/3.1/t-digest-3.1.jar:/home/edson/.m2/repository/io/gatling/gatling-app/3.1.2/gatling-app-3.1.2.jar:/home/edson/.m2/repository/io/gatling/gatling-http/3.1.2/gatling-http-3.1.2.jar:/home/edson/.m2/repository/org/scala-lang/modules/scala-xml_2.12/1.2.0/scala-xml_2.12-1.2.0.jar:/home/edson/.m2/repository/io/gatling/gatling-jms/3.1.2/gatling-jms-3.1.2.jar:/home/edson/.m2/repository/org/apache/geronimo/specs/geronimo-jms_1.1_spec/1.1.1/geronimo-jms_1.1_spec-1.1.1.jar:/home/edson/.m2/repository/io/gatling/gatling-jdbc/3.1.2/gatling-jdbc-3.1.2.jar:/home/edson/.m2/repository/io/gatling/gatling-redis/3.1.2/gatling-redis-3.1.2.jar:/home/edson/.m2/repository/net/debasishg/redisclient_2.12/3.9/redisclient_2.12-3.9.jar:/home/edson/.m2/repository/org/apache/commons/commons-pool2/2.6.2/commons-pool2-2.6.2.jar:/home/edson/.m2/repository/io/gatling/gatling-graphite/3.1.2/gatling-graphite-3.1.2.jar:/home/edson/.m2/repository/io/gatling/gatling-recorder/3.1.2/gatling-recorder-3.1.2.jar:/home/edson/.m2/repository/org/scala-lang/modules/scala-swing_2.12/2.1.1/scala-swing_2.12-2.1.1.jar:/home/edson/.m2/repository/org/json4s/json4s-jackson_2.12/3.6.5/json4s-jackson_2.12-3.6.5.jar:/home/edson/.m2/repository/org/json4s/json4s-core_2.12/3.6.5/json4s-core_2.12-3.6.5.jar:/home/edson/.m2/repository/org/json4s/json4s-ast_2.12/3.6.5/json4s-ast_2.12-3.6.5.jar:/home/edson/.m2/repository/org/json4s/json4s-scalap_2.12/3.6.5/json4s-scalap_2.12-3.6.5.jar:/home/edson/.m2/repository/com/thoughtworks/paranamer/paranamer/2.8/paranamer-2.8.jar:/home/edson/.m2/repository/org/bouncycastle/bcpkix-jdk15on/1.61/bcpkix-jdk15on-1.61.jar:/home/edson/.m2/repository/org/bouncycastle/bcprov-jdk15on/1.61/bcprov-jdk15on-1.61.jar:/home/edson/.m2/repository/io/netty/netty-codec-http/4.1.36.Final/netty-codec-http-4.1.36.Final.jar:/home/edson/.m2/repository/io/netty/netty-common/4.1.36.Final/netty-common-4.1.36.Final.jar:/home/edson/.m2/repository/io/netty/netty-transport/4.1.36.Final/netty-transport-4.1.36.Final.jar:/home/edson/.m2/repository/io/netty/netty-codec/4.1.36.Final/netty-codec-4.1.36.Final.jar:/home/edson/.m2/repository/com/typesafe/akka/akka-actor_2.12/2.5.22/akka-actor_2.12-2.5.22.jar:/home/edson/.m2/repository/io/gatling/gatling-http-client/3.1.2/gatling-http-client-3.1.2.jar:/home/edson/.m2/repository/io/gatling/gatling-netty-util/3.1.2/gatling-netty-util-3.1.2.jar:/home/edson/.m2/repository/io/netty/netty-buffer/4.1.36.Final/netty-buffer-4.1.36.Final.jar:/home/edson/.m2/repository/io/netty/netty-handler/4.1.36.Final/netty-handler-4.1.36.Final.jar:/home/edson/.m2/repository/io/netty/netty-handler-proxy/4.1.36.Final/netty-handler-proxy-4.1.36.Final.jar:/home/edson/.m2/repository/io/netty/netty-codec-socks/4.1.36.Final/netty-codec-socks-4.1.36.Final.jar:/home/edson/.m2/repository/io/netty/netty-resolver-dns/4.1.36.Final/netty-resolver-dns-4.1.36.Final.jar:/home/edson/.m2/repository/io/netty/netty-resolver/4.1.36.Final/netty-resolver-4.1.36.Final.jar:/home/edson/.m2/repository/io/netty/netty-codec-dns/4.1.36.Final/netty-codec-dns-4.1.36.Final.jar:/home/edson/.m2/repository/io/netty/netty-transport-native-epoll/4.1.36.Final/netty-transport-native-epoll-4.1.36.Final-linux-x86_64.jar:/home/edson/.m2/repository/io/netty/netty-transport-native-unix-common/4.1.36.Final/netty-transport-native-unix-common-4.1.36.Final.jar:/home/edson/.m2/repository/io/netty/netty-codec-http2/4.1.36.Final/netty-codec-http2-4.1.36.Final.jar:/home/edson/.m2/repository/io/netty/netty-tcnative-boringssl-static/2.0.25.Final/netty-tcnative-boringssl-static-2.0.25.Final.jar:/home/edson/.m2/repository/com/sun/activation/javax.activation/1.2.0/javax.activation-1.2.0.jar:/home/edson/.m2/repository/com/typesafe/scala-logging/scala-logging_2.12/3.9.2/scala-logging_2.12-3.9.2.jar:/home/edson/.m2/repository/ch/qos/logback/logback-classic/1.2.3/logback-classic-1.2.3.jar:/home/edson/.m2/repository/ch/qos/logback/logback-core/1.2.3/logback-core-1.2.3.jar:/home/edson/.m2/repository/io/gatling/gatling-commons/3.1.2/gatling-commons-3.1.2.jar:/home/edson/.m2/repository/org/scala-lang/scala-reflect/2.12.8/scala-reflect-2.12.8.jar:/home/edson/.m2/repository/com/typesafe/config/1.3.4/config-1.3.4.jar:/home/edson/.m2/repository/com/dongxiguo/fastring_2.12/1.0.0/fastring_2.12-1.0.0.jar:/home/edson/.m2/repository/io/suzaku/boopickle_2.12/1.3.1/boopickle_2.12-1.3.1.jar:/home/edson/.m2/repository/org/typelevel/spire-macros_2.12/0.16.1/spire-macros_2.12-0.16.1.jar:/home/edson/.m2/repository/org/scala-lang/modules/scala-collection-compat_2.12/0.3.0/scala-collection-compat_2.12-0.3.0.jar:/home/edson/.m2/repository/com/softwaremill/quicklens/quicklens_2.12/1.4.12/quicklens_2.12-1.4.12.jar:/home/edson/.m2/repository/org/scala-lang/modules/scala-java8-compat_2.12/0.9.0/scala-java8-compat_2.12-0.9.0.jar:/home/edson/.m2/repository/com/eatthepath/fast-uuid/0.1/fast-uuid-0.1.jar:/home/edson/.m2/repository/org/springframework/vault/spring-vault-core/2.1.2.RELEASE/spring-vault-core-2.1.2.RELEASE.jar:/home/edson/.m2/repository/org/springframework/spring-context/5.1.8.RELEASE/spring-context-5.1.8.RELEASE.jar:/home/edson/.m2/repository/org/springframework/spring-beans/5.1.8.RELEASE/spring-beans-5.1.8.RELEASE.jar:/home/edson/.m2/repository/com/fasterxml/jackson/core/jackson-databind/2.9.9/jackson-databind-2.9.9.jar:/home/edson/.m2/repository/com/fasterxml/jackson/core/jackson-annotations/2.9.0/jackson-annotations-2.9.0.jar:/home/edson/.m2/repository/com/fasterxml/jackson/core/jackson-core/2.9.9/jackson-core-2.9.9.jar:"/>
    <property name="sun.cpu.endian" value="little"/>
    <property name="user.home" value="/home/edson"/>
    <property name="user.language" value="en"/>
    <property name="java.specification.vendor" value="Oracle Corporation"/>
    <property name="java.version.date" value="2019-04-16"/>
    <property name="java.home" value="/opt/java/jdk-12.0.1"/>
    <property name="file.separator" value="/"/>
    <property name="basedir" value="/home/edson/eclipse-workspace/users-credentials"/>
    <property name="java.vm.compressedOopsMode" value="Zero based"/>
    <property name="line.separator" value="&#10;"/>
    <property name="java.specification.name" value="Java Platform API Specification"/>
    <property name="java.vm.specification.vendor" value="Oracle Corporation"/>
    <property name="java.awt.graphicsenv" value="sun.awt.X11GraphicsEnvironment"/>
    <property name="surefire.real.class.path" value="/home/edson/eclipse-workspace/users-credentials/target/surefire/surefirebooter2132013121551770788.jar"/>
    <property name="sun.management.compiler" value="HotSpot 64-Bit Tiered Compilers"/>
    <property name="java.runtime.version" value="12.0.1+12"/>
    <property name="user.name" value="edson"/>
    <property name="path.separator" value=":"/>
    <property name="os.version" value="5.0.0-19-generic"/>
    <property name="java.runtime.name" value="Java(TM) SE Runtime Environment"/>
    <property name="file.encoding" value="UTF-8"/>
    <property name="java.vm.name" value="Java HotSpot(TM) 64-Bit Server VM"/>
    <property name="localRepository" value="/home/edson/.m2/repository"/>
    <property name="java.vendor.url.bug" value="https://bugreport.java.com/bugreport/"/>
    <property name="java.io.tmpdir" value="/tmp"/>
    <property name="java.version" value="12.0.1"/>
    <property name="user.dir" value="/home/edson/eclipse-workspace/users-credentials"/>
    <property name="os.arch" value="amd64"/>
    <property name="java.vm.specification.name" value="Java Virtual Machine Specification"/>
    <property name="java.library.path" value="/usr/java/packages/lib:/usr/lib64:/lib64:/lib:/usr/lib"/>
    <property name="java.vm.info" value="mixed mode, sharing"/>
    <property name="java.vendor" value="Oracle Corporation"/>
    <property name="java.vm.version" value="12.0.1+12"/>
    <property name="sun.io.unicode.encoding" value="UnicodeLittle"/>
    <property name="java.class.version" value="56.0"/>
  </properties>
  <testcase name="testIfRemoveIsAdd" classname="br.com.user.controller.resource.ActionsResourceTest" time="0.005"/>
  <testcase name="testIfActionIsNotAdd" classname="br.com.user.controller.resource.ActionsResourceTest" time="0"/>
  <testcase name="testGetName" classname="br.com.user.controller.resource.ActionsResourceTest" time="0"/>
  <testcase name="testShoudReturnRemove" classname="br.com.user.controller.resource.ActionsResourceTest" time="0.001"/>
  <testcase name="testShoudReturnNull" classname="br.com.user.controller.resource.ActionsResourceTest" time="0"/>
  <testcase name="testIfActionIsAdd" classname="br.com.user.controller.resource.ActionsResourceTest" time="0"/>
  <testcase name="testShoudReturnAdd" classname="br.com.user.controller.resource.ActionsResourceTest" time="0"/>
  <testcase name="testIfRemoveIsNotAdd" classname="br.com.user.controller.resource.ActionsResourceTest" time="0.001"/>
  <testcase name="testShoudVerifyEnumList" classname="br.com.user.controller.resource.ActionsResourceTest" time="0.001"/>
</testsuite>